2023-06-12 16:21:52.028 [info] Log level: Info
2023-06-12 16:21:52.028 [info] Validating found git in: "git"
2023-06-12 16:21:52.028 [info] Using git "2.34.1" from "git"
2023-06-12 16:21:52.028 [info] > git rev-parse --show-toplevel [11ms]
2023-06-12 16:21:52.028 [info] > git rev-parse --git-dir --git-common-dir [3ms]
2023-06-12 16:21:52.028 [info] Open repository: /home/murkenne/coursework/block_22_workshop!/Unit2.PartyLogs.Starter
2023-06-12 16:21:52.028 [info] > git config --get commit.template [8ms]
2023-06-12 16:21:52.028 [info] > git for-each-ref --format=%(refname)%00%(upstream:short)%00%(objectname)%00%(upstream:track)%00%(upstream:remotename)%00%(upstream:remoteref) refs/heads/main refs/remotes/main [7ms]
2023-06-12 16:21:52.028 [info] > git status -z -uall --find-renames=50% [15ms]
2023-06-12 16:21:52.028 [info] > git config --get commit.template [51ms]
2023-06-12 16:21:52.030 [info] > git check-ignore -v -z --stdin [64ms]
2023-06-12 16:21:52.033 [info] > git for-each-ref --format=%(refname)%00%(upstream:short)%00%(objectname)%00%(upstream:track)%00%(upstream:remotename)%00%(upstream:remoteref) refs/heads/main refs/remotes/main [11ms]
2023-06-12 16:21:52.049 [info] > git status -z -uall --find-renames=50% [4ms]
2023-06-12 16:21:52.116 [info] > git show --textconv :script.js [36ms]
2023-06-12 16:21:52.117 [info] > git ls-files --stage -- /home/murkenne/coursework/block_22_workshop!/Unit2.PartyLogs.Starter/script.js [26ms]
2023-06-12 16:21:52.137 [info] > git cat-file -s 1353b460b894ba21a8c5e818c7bf4e121bd491f2 [11ms]
2023-06-12 16:21:52.920 [info] > git fetch [811ms]
2023-06-12 16:21:52.920 [info] Missing or invalid credentials.
Skip silent fetch commands
Missing or invalid credentials.
Skip silent fetch commands
remote: Repository not found.
fatal: Authentication failed for 'https://github.com/murkenne/Unit2.PartyLogs.Starter.git/'
2023-06-12 16:21:52.928 [info] > git config --get commit.template [2ms]
2023-06-12 16:21:52.936 [info] > git for-each-ref --format=%(refname)%00%(upstream:short)%00%(objectname)%00%(upstream:track)%00%(upstream:remotename)%00%(upstream:remoteref) refs/heads/main refs/remotes/main [2ms]
2023-06-12 16:21:52.943 [info] > git status -z -uall --find-renames=50% [1ms]
2023-06-12 16:21:53.386 [info] > git ls-files --stage -- /home/murkenne/coursework/block_22_workshop!/Unit2.PartyLogs.Starter/script.js [1ms]
2023-06-12 16:21:53.394 [info] > git cat-file -s 1353b460b894ba21a8c5e818c7bf4e121bd491f2 [1ms]
2023-06-12 16:21:53.411 [info] > git show --textconv :script.js [3ms]
2023-06-12 16:21:57.673 [info] > git config --get commit.template [2ms]
2023-06-12 16:21:57.684 [info] > git for-each-ref --format=%(refname)%00%(upstream:short)%00%(objectname)%00%(upstream:track)%00%(upstream:remotename)%00%(upstream:remoteref) refs/heads/main refs/remotes/main [1ms]
2023-06-12 16:21:57.694 [info] > git status -z -uall --find-renames=50% [2ms]
2023-06-12 16:45:36.759 [info] > git config --get commit.template [1ms]
2023-06-12 16:45:36.768 [info] > git for-each-ref --format=%(refname)%00%(upstream:short)%00%(objectname)%00%(upstream:track)%00%(upstream:remotename)%00%(upstream:remoteref) refs/heads/main refs/remotes/main [2ms]
2023-06-12 16:45:36.777 [info] > git status -z -uall --find-renames=50% [2ms]
2023-06-12 17:03:46.847 [info] > git config --get commit.template [2ms]
2023-06-12 17:03:46.860 [info] > git for-each-ref --format=%(refname)%00%(upstream:short)%00%(objectname)%00%(upstream:track)%00%(upstream:remotename)%00%(upstream:remoteref) refs/heads/main refs/remotes/main [1ms]
2023-06-12 17:03:46.874 [info] > git status -z -uall --find-renames=50% [1ms]
2023-06-12 17:09:21.777 [info] > git config --get commit.template [31ms]
2023-06-12 17:09:21.778 [info] > git for-each-ref --format=%(refname)%00%(upstream:short)%00%(objectname)%00%(upstream:track)%00%(upstream:remotename)%00%(upstream:remoteref) refs/heads/main refs/remotes/main [4ms]
2023-06-12 17:09:21.794 [info] > git status -z -uall --find-renames=50% [4ms]
2023-06-12 17:10:13.167 [info] > git config --get commit.template [4ms]
2023-06-12 17:10:13.184 [info] > git for-each-ref --format=%(refname)%00%(upstream:short)%00%(objectname)%00%(upstream:track)%00%(upstream:remotename)%00%(upstream:remoteref) refs/heads/main refs/remotes/main [3ms]
2023-06-12 17:10:13.202 [info] > git status -z -uall --find-renames=50% [2ms]
2023-06-12 17:12:50.712 [info] > git show --textconv :.git/COMMIT_EDITMSG [9ms]
2023-06-12 17:12:50.712 [info] > git ls-files --stage -- /home/murkenne/coursework/block_22_workshop!/Unit2.PartyLogs.Starter/.git/COMMIT_EDITMSG [2ms]
2023-06-12 17:12:50.906 [info] > git check-ignore -v -z --stdin [1ms]
2023-06-12 17:12:53.651 [info] > git show --textconv :index.html [56ms]
2023-06-12 17:12:53.652 [info] > git ls-files --stage -- /home/murkenne/coursework/block_22_workshop!/Unit2.PartyLogs.Starter/index.html [39ms]
2023-06-12 17:12:53.674 [info] > git cat-file -s b96df21759e2a4acb48e1c01e784bb283a1d1766 [2ms]
2023-06-12 17:13:20.879 [info] > git ls-files --stage -- /home/murkenne/coursework/block_22_workshop!/Unit2.PartyLogs.Starter/.git/COMMIT_EDITMSG [32ms]
2023-06-12 17:13:20.881 [info] > git ls-files --stage -- /home/murkenne/coursework/block_22_workshop!/Unit2.PartyLogs.Starter/script.js [51ms]
2023-06-12 17:13:20.898 [info] > git ls-files --stage -- /home/murkenne/coursework/block_22_workshop!/Unit2.PartyLogs.Starter/index.html [20ms]
2023-06-12 17:13:20.934 [info] > git cat-file -s 1353b460b894ba21a8c5e818c7bf4e121bd491f2 [37ms]
2023-06-12 17:13:20.935 [info] > git show --textconv :.git/COMMIT_EDITMSG [2ms]
2023-06-12 17:13:20.937 [info] > git cat-file -s b96df21759e2a4acb48e1c01e784bb283a1d1766 [17ms]
2023-06-12 17:13:20.976 [info] > git show --textconv :script.js [23ms]
2023-06-12 17:13:20.976 [info] > git show --textconv :index.html [1ms]
2023-06-12 17:13:48.215 [info] > git show --textconv :style.css [10ms]
2023-06-12 17:13:48.216 [info] > git ls-files --stage -- /home/murkenne/coursework/block_22_workshop!/Unit2.PartyLogs.Starter/style.css [3ms]
2023-06-12 17:13:48.225 [info] > git cat-file -s c46b43d902f9d2f37907c3997a6c8d3ef6fd05c3 [1ms]
2023-06-12 17:16:29.152 [info] > git -c user.useConfigOnly=true commit --quiet [189535ms]
2023-06-12 17:16:29.153 [info] Aborting commit due to empty commit message.
2023-06-12 17:16:29.182 [info] > git config --get commit.template [2ms]
2023-06-12 17:16:29.199 [info] > git for-each-ref --format=%(refname)%00%(upstream:short)%00%(objectname)%00%(upstream:track)%00%(upstream:remotename)%00%(upstream:remoteref) refs/heads/main refs/remotes/main [2ms]
2023-06-12 17:16:29.213 [info] > git status -z -uall --find-renames=50% [2ms]
2023-06-12 17:16:35.539 [info] > git show --textconv :.git/COMMIT_EDITMSG [9ms]
2023-06-12 17:16:35.540 [info] > git ls-files --stage -- /home/murkenne/coursework/block_22_workshop!/Unit2.PartyLogs.Starter/.git/COMMIT_EDITMSG [2ms]
2023-06-12 17:16:36.350 [info] > git ls-files --stage -- /home/murkenne/coursework/block_22_workshop!/Unit2.PartyLogs.Starter/.git/COMMIT_EDITMSG [1ms]
2023-06-12 17:16:36.354 [info] > git ls-files --stage -- /home/murkenne/coursework/block_22_workshop!/Unit2.PartyLogs.Starter/style.css [38ms]
2023-06-12 17:16:36.372 [info] > git ls-files --stage -- /home/murkenne/coursework/block_22_workshop!/Unit2.PartyLogs.Starter/index.html [71ms]
2023-06-12 17:16:36.385 [info] > git ls-files --stage -- /home/murkenne/coursework/block_22_workshop!/Unit2.PartyLogs.Starter/script.js [95ms]
2023-06-12 17:16:36.406 [info] > git cat-file -s b96df21759e2a4acb48e1c01e784bb283a1d1766 [22ms]
2023-06-12 17:16:36.407 [info] > git cat-file -s c46b43d902f9d2f37907c3997a6c8d3ef6fd05c3 [35ms]
2023-06-12 17:16:36.408 [info] > git cat-file -s 1353b460b894ba21a8c5e818c7bf4e121bd491f2 [4ms]
2023-06-12 17:16:36.460 [info] > git show --textconv :.git/COMMIT_EDITMSG [42ms]
2023-06-12 17:16:36.460 [info] > git show --textconv :index.html [30ms]
2023-06-12 17:16:36.460 [info] > git show --textconv :style.css [21ms]
2023-06-12 17:16:36.462 [info] > git show --textconv :script.js [2ms]
2023-06-12 17:16:40.552 [info] > git -c user.useConfigOnly=true commit --quiet [5473ms]
2023-06-12 17:16:40.582 [info] Aborting commit due to empty commit message.
2023-06-12 17:16:40.594 [info] > git config --get commit.template [2ms]
2023-06-12 17:16:40.609 [info] > git for-each-ref --format=%(refname)%00%(upstream:short)%00%(objectname)%00%(upstream:track)%00%(upstream:remotename)%00%(upstream:remoteref) refs/heads/main refs/remotes/main [2ms]
2023-06-12 17:16:40.623 [info] > git status -z -uall --find-renames=50% [2ms]
2023-06-12 17:16:48.221 [info] > git show --textconv :.git/COMMIT_EDITMSG [9ms]
2023-06-12 17:16:48.222 [info] > git ls-files --stage -- /home/murkenne/coursework/block_22_workshop!/Unit2.PartyLogs.Starter/.git/COMMIT_EDITMSG [2ms]
2023-06-12 17:16:49.012 [info] > git ls-files --stage -- /home/murkenne/coursework/block_22_workshop!/Unit2.PartyLogs.Starter/.git/COMMIT_EDITMSG [2ms]
2023-06-12 17:16:49.014 [info] > git ls-files --stage -- /home/murkenne/coursework/block_22_workshop!/Unit2.PartyLogs.Starter/style.css [10ms]
2023-06-12 17:16:49.024 [info] > git ls-files --stage -- /home/murkenne/coursework/block_22_workshop!/Unit2.PartyLogs.Starter/index.html [29ms]
2023-06-12 17:16:49.030 [info] > git ls-files --stage -- /home/murkenne/coursework/block_22_workshop!/Unit2.PartyLogs.Starter/script.js [47ms]
2023-06-12 17:16:49.042 [info] > git cat-file -s b96df21759e2a4acb48e1c01e784bb283a1d1766 [11ms]
2023-06-12 17:16:49.043 [info] > git cat-file -s c46b43d902f9d2f37907c3997a6c8d3ef6fd05c3 [20ms]
2023-06-12 17:16:49.045 [info] > git cat-file -s 1353b460b894ba21a8c5e818c7bf4e121bd491f2 [6ms]
2023-06-12 17:16:49.076 [info] > git show --textconv :.git/COMMIT_EDITMSG [17ms]
2023-06-12 17:16:49.076 [info] > git show --textconv :index.html [9ms]
2023-06-12 17:16:49.094 [info] > git show --textconv :style.css [19ms]
2023-06-12 17:16:49.094 [info] > git show --textconv :script.js [3ms]
2023-06-12 17:17:15.068 [info] > git ls-files --stage -- /home/murkenne/coursework/block_22_workshop!/Unit2.PartyLogs.Starter/.git/COMMIT_EDITMSG [2ms]
2023-06-12 17:17:15.070 [info] > git ls-files --stage -- /home/murkenne/coursework/block_22_workshop!/Unit2.PartyLogs.Starter/style.css [14ms]
2023-06-12 17:17:15.078 [info] > git ls-files --stage -- /home/murkenne/coursework/block_22_workshop!/Unit2.PartyLogs.Starter/index.html [32ms]
2023-06-12 17:17:15.089 [info] > git ls-files --stage -- /home/murkenne/coursework/block_22_workshop!/Unit2.PartyLogs.Starter/script.js [50ms]
2023-06-12 17:17:15.099 [info] > git cat-file -s b96df21759e2a4acb48e1c01e784bb283a1d1766 [10ms]
2023-06-12 17:17:15.100 [info] > git cat-file -s c46b43d902f9d2f37907c3997a6c8d3ef6fd05c3 [23ms]
2023-06-12 17:17:15.102 [info] > git cat-file -s 1353b460b894ba21a8c5e818c7bf4e121bd491f2 [5ms]
2023-06-12 17:17:15.140 [info] > git show --textconv :.git/COMMIT_EDITMSG [26ms]
2023-06-12 17:17:15.140 [info] > git show --textconv :index.html [11ms]
2023-06-12 17:17:15.150 [info] > git show --textconv :style.css [10ms]
2023-06-12 17:17:15.151 [info] > git show --textconv :script.js [2ms]
2023-06-12 17:17:18.149 [info] > git -c user.useConfigOnly=true commit --quiet [30422ms]
2023-06-12 17:17:18.149 [info] Aborting commit due to empty commit message.
2023-06-12 17:17:18.172 [info] > git config --get commit.template [5ms]
2023-06-12 17:17:18.182 [info] > git for-each-ref --format=%(refname)%00%(upstream:short)%00%(objectname)%00%(upstream:track)%00%(upstream:remotename)%00%(upstream:remoteref) refs/heads/main refs/remotes/main [1ms]
2023-06-12 17:17:18.193 [info] > git status -z -uall --find-renames=50% [1ms]
2023-06-12 17:17:29.660 [info] > git show --textconv :.git/COMMIT_EDITMSG [9ms]
2023-06-12 17:17:29.661 [info] > git ls-files --stage -- /home/murkenne/coursework/block_22_workshop!/Unit2.PartyLogs.Starter/.git/COMMIT_EDITMSG [1ms]
2023-06-12 17:17:30.496 [info] > git ls-files --stage -- /home/murkenne/coursework/block_22_workshop!/Unit2.PartyLogs.Starter/style.css [9ms]
2023-06-12 17:17:30.506 [info] > git ls-files --stage -- /home/murkenne/coursework/block_22_workshop!/Unit2.PartyLogs.Starter/index.html [29ms]
2023-06-12 17:17:30.514 [info] > git ls-files --stage -- /home/murkenne/coursework/block_22_workshop!/Unit2.PartyLogs.Starter/script.js [47ms]
2023-06-12 17:17:30.525 [info] > git cat-file -s b96df21759e2a4acb48e1c01e784bb283a1d1766 [12ms]
2023-06-12 17:17:30.526 [info] > git cat-file -s c46b43d902f9d2f37907c3997a6c8d3ef6fd05c3 [20ms]
2023-06-12 17:17:30.527 [info] > git ls-files --stage -- /home/murkenne/coursework/block_22_workshop!/Unit2.PartyLogs.Starter/.git/COMMIT_EDITMSG [32ms]
2023-06-12 17:17:30.529 [info] > git cat-file -s 1353b460b894ba21a8c5e818c7bf4e121bd491f2 [5ms]
2023-06-12 17:17:30.573 [info] > git show --textconv :index.html [29ms]
2023-06-12 17:17:30.573 [info] > git show --textconv :style.css [21ms]
2023-06-12 17:17:30.573 [info] > git show --textconv :.git/COMMIT_EDITMSG [14ms]
2023-06-12 17:17:30.575 [info] > git show --textconv :script.js [3ms]
2023-06-12 17:17:56.613 [info] > git ls-files --stage -- /home/murkenne/coursework/block_22_workshop!/Unit2.PartyLogs.Starter/.git/COMMIT_EDITMSG [1ms]
2023-06-12 17:17:56.615 [info] > git ls-files --stage -- /home/murkenne/coursework/block_22_workshop!/Unit2.PartyLogs.Starter/style.css [15ms]
2023-06-12 17:17:56.626 [info] > git ls-files --stage -- /home/murkenne/coursework/block_22_workshop!/Unit2.PartyLogs.Starter/index.html [34ms]
2023-06-12 17:17:56.633 [info] > git ls-files --stage -- /home/murkenne/coursework/block_22_workshop!/Unit2.PartyLogs.Starter/script.js [50ms]
2023-06-12 17:17:56.645 [info] > git cat-file -s b96df21759e2a4acb48e1c01e784bb283a1d1766 [13ms]
2023-06-12 17:17:56.646 [info] > git cat-file -s c46b43d902f9d2f37907c3997a6c8d3ef6fd05c3 [21ms]
2023-06-12 17:17:56.648 [info] > git cat-file -s 1353b460b894ba21a8c5e818c7bf4e121bd491f2 [3ms]
2023-06-12 17:17:56.676 [info] > git show --textconv :.git/COMMIT_EDITMSG [19ms]
2023-06-12 17:17:56.676 [info] > git show --textconv :index.html [9ms]
2023-06-12 17:17:56.676 [info] > git show --textconv :style.css [0ms]
2023-06-12 17:17:56.692 [info] > git show --textconv :script.js [3ms]
2023-06-12 17:17:59.921 [info] > git -c user.useConfigOnly=true commit --quiet [30812ms]
2023-06-12 17:17:59.944 [info] > git config --get commit.template [9ms]
2023-06-12 17:17:59.946 [info] > git for-each-ref --format=%(refname)%00%(upstream:short)%00%(objectname)%00%(upstream:track)%00%(upstream:remotename)%00%(upstream:remoteref) refs/heads/main refs/remotes/main [2ms]
2023-06-12 17:17:59.955 [info] > git status -z -uall --find-renames=50% [2ms]
2023-06-12 17:18:00.159 [info] > git config --get commit.template [3ms]
2023-06-12 17:18:00.178 [info] > git for-each-ref --format=%(refname)%00%(upstream:short)%00%(objectname)%00%(upstream:track)%00%(upstream:remotename)%00%(upstream:remoteref) refs/heads/main refs/remotes/main [2ms]
2023-06-12 17:18:00.188 [info] > git status -z -uall --find-renames=50% [2ms]
2023-06-12 17:18:13.703 [info] > git add -A -- . [7ms]
2023-06-12 17:18:14.178 [info] > git show --textconv :.git/COMMIT_EDITMSG [11ms]
2023-06-12 17:18:14.179 [info] > git ls-files --stage -- /home/murkenne/coursework/block_22_workshop!/Unit2.PartyLogs.Starter/.git/COMMIT_EDITMSG [1ms]
2023-06-12 17:18:15.083 [info] > git ls-files --stage -- /home/murkenne/coursework/block_22_workshop!/Unit2.PartyLogs.Starter/.git/COMMIT_EDITMSG [1ms]
2023-06-12 17:18:15.084 [info] > git ls-files --stage -- /home/murkenne/coursework/block_22_workshop!/Unit2.PartyLogs.Starter/style.css [14ms]
2023-06-12 17:18:15.093 [info] > git ls-files --stage -- /home/murkenne/coursework/block_22_workshop!/Unit2.PartyLogs.Starter/index.html [31ms]
2023-06-12 17:18:15.104 [info] > git ls-files --stage -- /home/murkenne/coursework/block_22_workshop!/Unit2.PartyLogs.Starter/script.js [56ms]
2023-06-12 17:18:15.112 [info] > git cat-file -s b96df21759e2a4acb48e1c01e784bb283a1d1766 [9ms]
2023-06-12 17:18:15.113 [info] > git cat-file -s 8b57ade5cef7cfa431651cb1d058d3883c9a2993 [22ms]
2023-06-12 17:18:15.113 [info] > git cat-file -s b89c3758c9b6625d748390aad6401c39480e88c0 [2ms]
2023-06-12 17:18:15.155 [info] > git show --textconv :.git/COMMIT_EDITMSG [30ms]
2023-06-12 17:18:15.155 [info] > git show --textconv :index.html [20ms]
2023-06-12 17:18:15.155 [info] > git show --textconv :style.css [13ms]
2023-06-12 17:18:15.158 [info] > git show --textconv :script.js [4ms]
2023-06-12 17:18:35.582 [info] > git ls-files --stage -- /home/murkenne/coursework/block_22_workshop!/Unit2.PartyLogs.Starter/.git/COMMIT_EDITMSG [1ms]
2023-06-12 17:18:35.584 [info] > git ls-files --stage -- /home/murkenne/coursework/block_22_workshop!/Unit2.PartyLogs.Starter/style.css [13ms]
2023-06-12 17:18:35.594 [info] > git ls-files --stage -- /home/murkenne/coursework/block_22_workshop!/Unit2.PartyLogs.Starter/index.html [36ms]
2023-06-12 17:18:35.605 [info] > git ls-files --stage -- /home/murkenne/coursework/block_22_workshop!/Unit2.PartyLogs.Starter/script.js [61ms]
2023-06-12 17:18:35.615 [info] > git cat-file -s b96df21759e2a4acb48e1c01e784bb283a1d1766 [11ms]
2023-06-12 17:18:35.616 [info] > git cat-file -s 8b57ade5cef7cfa431651cb1d058d3883c9a2993 [22ms]
2023-06-12 17:18:35.616 [info] > git cat-file -s b89c3758c9b6625d748390aad6401c39480e88c0 [4ms]
2023-06-12 17:18:35.670 [info] > git show --textconv :.git/COMMIT_EDITMSG [45ms]
2023-06-12 17:18:35.672 [info] > git show --textconv :index.html [23ms]
2023-06-12 17:18:35.672 [info] > git show --textconv :style.css [12ms]
2023-06-12 17:18:35.672 [info] > git show --textconv :script.js [4ms]
2023-06-12 17:18:37.348 [info] > git -c user.useConfigOnly=true commit --quiet [23637ms]
2023-06-12 17:18:37.367 [info] > git config --get commit.template [9ms]
2023-06-12 17:18:37.368 [info] > git for-each-ref --format=%(refname)%00%(upstream:short)%00%(objectname)%00%(upstream:track)%00%(upstream:remotename)%00%(upstream:remoteref) refs/heads/main refs/remotes/main [2ms]
2023-06-12 17:18:37.383 [info] > git status -z -uall --find-renames=50% [2ms]
2023-06-12 17:18:37.497 [info] > git config --get commit.template [2ms]
2023-06-12 17:18:37.507 [info] > git for-each-ref --format=%(refname)%00%(upstream:short)%00%(objectname)%00%(upstream:track)%00%(upstream:remotename)%00%(upstream:remoteref) refs/heads/main refs/remotes/main [1ms]
2023-06-12 17:18:37.517 [info] > git status -z -uall --find-renames=50% [1ms]
2023-06-12 17:18:44.006 [info] > git log --oneline --cherry main...main@{upstream} -- [5ms]
2023-06-12 17:18:45.188 [info] > git pull --tags origin main [1173ms]
2023-06-12 17:18:45.188 [info] From https://github.com/murkenne/Unit2.PartyLogs.Starter
 * branch            main       -> FETCH_HEAD
2023-06-12 17:18:45.294 [info] > git ls-files --stage -- /home/murkenne/coursework/block_22_workshop!/Unit2.PartyLogs.Starter/style.css [2ms]
2023-06-12 17:18:45.307 [info] > git ls-files --stage -- /home/murkenne/coursework/block_22_workshop!/Unit2.PartyLogs.Starter/index.html [22ms]
2023-06-12 17:18:45.314 [info] > git ls-files --stage -- /home/murkenne/coursework/block_22_workshop!/Unit2.PartyLogs.Starter/script.js [40ms]
2023-06-12 17:18:45.326 [info] > git cat-file -s b96df21759e2a4acb48e1c01e784bb283a1d1766 [12ms]
2023-06-12 17:18:45.327 [info] > git cat-file -s 8b57ade5cef7cfa431651cb1d058d3883c9a2993 [21ms]
2023-06-12 17:18:45.327 [info] > git cat-file -s b89c3758c9b6625d748390aad6401c39480e88c0 [2ms]
2023-06-12 17:18:45.362 [info] > git show --textconv :index.html [21ms]
2023-06-12 17:18:45.362 [info] > git show --textconv :style.css [11ms]
2023-06-12 17:18:45.362 [info] > git show --textconv :script.js [2ms]
2023-06-12 17:18:46.393 [info] > git ls-files --stage -- /home/murkenne/coursework/block_22_workshop!/Unit2.PartyLogs.Starter/index.html [12ms]
2023-06-12 17:18:46.399 [info] > git ls-files --stage -- /home/murkenne/coursework/block_22_workshop!/Unit2.PartyLogs.Starter/script.js [27ms]
2023-06-12 17:18:46.410 [info] > git cat-file -s b96df21759e2a4acb48e1c01e784bb283a1d1766 [11ms]
2023-06-12 17:18:46.411 [info] > git ls-files --stage -- /home/murkenne/coursework/block_22_workshop!/Unit2.PartyLogs.Starter/style.css [20ms]
2023-06-12 17:18:46.420 [info] > git cat-file -s b89c3758c9b6625d748390aad6401c39480e88c0 [11ms]
2023-06-12 17:18:46.423 [info] > git cat-file -s 8b57ade5cef7cfa431651cb1d058d3883c9a2993 [5ms]
2023-06-12 17:18:46.456 [info] > git show --textconv :index.html [24ms]
2023-06-12 17:18:46.456 [info] > git show --textconv :script.js [10ms]
2023-06-12 17:18:46.460 [info] > git show --textconv :style.css [4ms]
2023-06-12 17:18:47.076 [info] > git push origin main:main [1879ms]
2023-06-12 17:18:47.076 [info] To https://github.com/murkenne/Unit2.PartyLogs.Starter.git
   7aeb8c9..eb45910  main -> main
2023-06-12 17:18:47.098 [info] > git config --get commit.template [11ms]
2023-06-12 17:18:47.099 [info] > git for-each-ref --format=%(refname)%00%(upstream:short)%00%(objectname)%00%(upstream:track)%00%(upstream:remotename)%00%(upstream:remoteref) refs/heads/main refs/remotes/main [2ms]
2023-06-12 17:18:47.112 [info] > git status -z -uall --find-renames=50% [2ms]
2023-06-12 17:18:48.219 [info] > git config --get commit.template [13ms]
2023-06-12 17:18:48.219 [info] > git for-each-ref --format=%(refname)%00%(upstream:short)%00%(objectname)%00%(upstream:track)%00%(upstream:remotename)%00%(upstream:remoteref) refs/heads/main refs/remotes/main [2ms]
2023-06-12 17:18:48.230 [info] > git status -z -uall --find-renames=50% [1ms]
2023-06-12 17:18:48.338 [info] > git ls-files --stage -- /home/murkenne/coursework/block_22_workshop!/Unit2.PartyLogs.Starter/style.css [2ms]
2023-06-12 17:18:48.346 [info] > git ls-files --stage -- /home/murkenne/coursework/block_22_workshop!/Unit2.PartyLogs.Starter/index.html [21ms]
2023-06-12 17:18:48.360 [info] > git ls-files --stage -- /home/murkenne/coursework/block_22_workshop!/Unit2.PartyLogs.Starter/script.js [45ms]
2023-06-12 17:18:48.367 [info] > git cat-file -s b96df21759e2a4acb48e1c01e784bb283a1d1766 [8ms]
2023-06-12 17:18:48.368 [info] > git cat-file -s 8b57ade5cef7cfa431651cb1d058d3883c9a2993 [22ms]
2023-06-12 17:18:48.370 [info] > git cat-file -s b89c3758c9b6625d748390aad6401c39480e88c0 [3ms]
2023-06-12 17:18:48.411 [info] > git show --textconv :index.html [27ms]
2023-06-12 17:18:48.411 [info] > git show --textconv :style.css [18ms]
2023-06-12 17:18:48.414 [info] > git show --textconv :script.js [3ms]
