2023-06-15 20:39:50.347 [info] Log level: Info
2023-06-15 20:39:50.347 [info] Validating found git in: "git"
2023-06-15 20:39:50.347 [info] Using git "2.34.1" from "git"
2023-06-15 20:39:50.347 [info] > git rev-parse --show-toplevel [17ms]
2023-06-15 20:39:50.347 [info] > git rev-parse --git-dir --git-common-dir [22ms]
2023-06-15 20:39:50.347 [info] Open repository: /home/murkenne
2023-06-15 20:39:50.347 [info] > git rev-parse --show-toplevel [11ms]
2023-06-15 20:39:50.347 [info] fatal: this operation must be run in a work tree
2023-06-15 20:39:50.347 [info] > git rev-parse --show-toplevel [12ms]
2023-06-15 20:39:50.347 [info] > git config --get commit.template [37ms]
2023-06-15 20:39:50.347 [info] > git rev-parse --show-toplevel [10ms]
2023-06-15 20:39:50.347 [info] > git for-each-ref --format=%(refname)%00%(upstream:short)%00%(objectname)%00%(upstream:track)%00%(upstream:remotename)%00%(upstream:remoteref) refs/heads/master refs/remotes/master [18ms]
2023-06-15 20:39:51.133 [info] > git status -z -uall [875ms]
2023-06-15 20:39:51.155 [info] > git check-ignore -v -z --stdin [90ms]
2023-06-15 20:39:51.157 [info] > git config --get commit.template [3ms]
2023-06-15 20:39:51.192 [info] > git show --textconv :.git/COMMIT_EDITMSG [13ms]
2023-06-15 20:39:51.196 [info] > git for-each-ref --format=%(refname)%00%(upstream:short)%00%(objectname)%00%(upstream:track)%00%(upstream:remotename)%00%(upstream:remoteref) refs/heads/master refs/remotes/master [30ms]
2023-06-15 20:39:51.208 [info] > git ls-files --stage -- /home/murkenne/.git/COMMIT_EDITMSG [20ms]
2023-06-15 20:39:51.287 [info] > git status -z -uall [83ms]
2023-06-15 20:40:19.857 [info] > git show --textconv HEAD:coursework [34ms]
2023-06-15 20:40:19.859 [info] > git ls-tree -l HEAD -- /home/murkenne/coursework [25ms]
2023-06-15 20:40:19.867 [info] > git config --get commit.template [9ms]
2023-06-15 20:40:19.878 [info] > git for-each-ref --format=%(refname)%00%(upstream:short)%00%(objectname)%00%(upstream:track)%00%(upstream:remotename)%00%(upstream:remoteref) refs/heads/master refs/remotes/master [1ms]
2023-06-15 20:40:19.988 [info] > git status -z -uall [95ms]
2023-06-15 20:40:20.369 [info] > git fetch [524ms]
2023-06-15 20:40:20.387 [info] > git config --get commit.template [2ms]
2023-06-15 20:40:20.400 [info] > git for-each-ref --format=%(refname)%00%(upstream:short)%00%(objectname)%00%(upstream:track)%00%(upstream:remotename)%00%(upstream:remoteref) refs/heads/master refs/remotes/master [2ms]
2023-06-15 20:40:20.510 [info] > git status -z -uall [100ms]
2023-06-15 20:40:21.671 [info] > git ls-files --stage -- /home/murkenne/.git/COMMIT_EDITMSG [5ms]
2023-06-15 20:40:21.696 [info] > git show --textconv :.git/COMMIT_EDITMSG [5ms]
2023-06-15 20:40:22.875 [info] > git show --textconv :Red-Key/src/index.css [14ms]
2023-06-15 20:40:22.881 [info] > git ls-files --stage -- /home/murkenne/Red-Key/src/index.css [8ms]
2023-06-15 20:40:22.891 [info] > git cat-file -s 029a69da022bce2b2aa5a731fe1c4e1dbee516fd [1ms]
2023-06-15 20:40:23.425 [info] > git check-ignore -v -z --stdin [8ms]
2023-06-15 20:40:25.007 [info] > git config --get commit.template [1ms]
2023-06-15 20:40:25.024 [info] > git for-each-ref --format=%(refname)%00%(upstream:short)%00%(objectname)%00%(upstream:track)%00%(upstream:remotename)%00%(upstream:remoteref) refs/heads/master refs/remotes/master [2ms]
2023-06-15 20:40:25.140 [info] > git status -z -uall [105ms]
2023-06-15 20:40:30.160 [info] > git config --get commit.template [2ms]
2023-06-15 20:40:30.180 [info] > git for-each-ref --format=%(refname)%00%(upstream:short)%00%(objectname)%00%(upstream:track)%00%(upstream:remotename)%00%(upstream:remoteref) refs/heads/master refs/remotes/master [6ms]
2023-06-15 20:40:30.299 [info] > git status -z -uall [108ms]
