2023-06-15 20:39:50.347 [info] Log level: Info
2023-06-15 20:39:50.347 [info] Validating found git in: "git"
2023-06-15 20:39:50.347 [info] Using git "2.34.1" from "git"
2023-06-15 20:39:50.347 [info] > git rev-parse --show-toplevel [17ms]
2023-06-15 20:39:50.347 [info] > git rev-parse --git-dir --git-common-dir [22ms]
2023-06-15 20:39:50.347 [info] Open repository: /home/murkenne
2023-06-15 20:39:50.347 [info] > git rev-parse --show-toplevel [11ms]
2023-06-15 20:39:50.347 [info] fatal: this operation must be run in a work tree
2023-06-15 20:39:50.347 [info] > git rev-parse --show-toplevel [12ms]
2023-06-15 20:39:50.347 [info] > git config --get commit.template [37ms]
2023-06-15 20:39:50.347 [info] > git rev-parse --show-toplevel [10ms]
2023-06-15 20:39:50.347 [info] > git for-each-ref --format=%(refname)%00%(upstream:short)%00%(objectname)%00%(upstream:track)%00%(upstream:remotename)%00%(upstream:remoteref) refs/heads/master refs/remotes/master [18ms]
2023-06-15 20:39:51.133 [info] > git status -z -uall [875ms]
2023-06-15 20:39:51.155 [info] > git check-ignore -v -z --stdin [90ms]
2023-06-15 20:39:51.157 [info] > git config --get commit.template [3ms]
2023-06-15 20:39:51.192 [info] > git show --textconv :.git/COMMIT_EDITMSG [13ms]
2023-06-15 20:39:51.196 [info] > git for-each-ref --format=%(refname)%00%(upstream:short)%00%(objectname)%00%(upstream:track)%00%(upstream:remotename)%00%(upstream:remoteref) refs/heads/master refs/remotes/master [30ms]
2023-06-15 20:39:51.208 [info] > git ls-files --stage -- /home/murkenne/.git/COMMIT_EDITMSG [20ms]
2023-06-15 20:39:51.287 [info] > git status -z -uall [83ms]
2023-06-15 20:40:19.857 [info] > git show --textconv HEAD:coursework [34ms]
2023-06-15 20:40:19.859 [info] > git ls-tree -l HEAD -- /home/murkenne/coursework [25ms]
2023-06-15 20:40:19.867 [info] > git config --get commit.template [9ms]
2023-06-15 20:40:19.878 [info] > git for-each-ref --format=%(refname)%00%(upstream:short)%00%(objectname)%00%(upstream:track)%00%(upstream:remotename)%00%(upstream:remoteref) refs/heads/master refs/remotes/master [1ms]
2023-06-15 20:40:19.988 [info] > git status -z -uall [95ms]
2023-06-15 20:40:20.369 [info] > git fetch [524ms]
2023-06-15 20:40:20.387 [info] > git config --get commit.template [2ms]
2023-06-15 20:40:20.400 [info] > git for-each-ref --format=%(refname)%00%(upstream:short)%00%(objectname)%00%(upstream:track)%00%(upstream:remotename)%00%(upstream:remoteref) refs/heads/master refs/remotes/master [2ms]
2023-06-15 20:40:20.510 [info] > git status -z -uall [100ms]
2023-06-15 20:40:21.671 [info] > git ls-files --stage -- /home/murkenne/.git/COMMIT_EDITMSG [5ms]
2023-06-15 20:40:21.696 [info] > git show --textconv :.git/COMMIT_EDITMSG [5ms]
2023-06-15 20:40:22.875 [info] > git show --textconv :Red-Key/src/index.css [14ms]
2023-06-15 20:40:22.881 [info] > git ls-files --stage -- /home/murkenne/Red-Key/src/index.css [8ms]
2023-06-15 20:40:22.891 [info] > git cat-file -s 029a69da022bce2b2aa5a731fe1c4e1dbee516fd [1ms]
2023-06-15 20:40:23.425 [info] > git check-ignore -v -z --stdin [8ms]
2023-06-15 20:40:25.007 [info] > git config --get commit.template [1ms]
2023-06-15 20:40:25.024 [info] > git for-each-ref --format=%(refname)%00%(upstream:short)%00%(objectname)%00%(upstream:track)%00%(upstream:remotename)%00%(upstream:remoteref) refs/heads/master refs/remotes/master [2ms]
2023-06-15 20:40:25.140 [info] > git status -z -uall [105ms]
2023-06-15 20:40:30.160 [info] > git config --get commit.template [2ms]
2023-06-15 20:40:30.180 [info] > git for-each-ref --format=%(refname)%00%(upstream:short)%00%(objectname)%00%(upstream:track)%00%(upstream:remotename)%00%(upstream:remoteref) refs/heads/master refs/remotes/master [6ms]
2023-06-15 20:40:30.299 [info] > git status -z -uall [108ms]
2023-06-15 20:44:32.737 [info] > git config --get commit.template [6ms]
2023-06-15 20:44:32.778 [info] > git ls-files --stage -- /home/murkenne/.git/COMMIT_EDITMSG [18ms]
2023-06-15 20:44:32.781 [info] > git for-each-ref --format=%(refname)%00%(upstream:short)%00%(objectname)%00%(upstream:track)%00%(upstream:remotename)%00%(upstream:remoteref) refs/heads/master refs/remotes/master [31ms]
2023-06-15 20:44:32.795 [info] > git ls-files --stage -- /home/murkenne/Red-Key/src/index.css [21ms]
2023-06-15 20:44:32.817 [info] > git cat-file -s 029a69da022bce2b2aa5a731fe1c4e1dbee516fd [4ms]
2023-06-15 20:44:32.862 [info] > git show --textconv :.git/COMMIT_EDITMSG [20ms]
2023-06-15 20:44:32.867 [info] > git show --textconv :Red-Key/src/index.css [7ms]
2023-06-15 20:44:32.891 [info] > git status -z -uall [99ms]
2023-06-15 20:44:33.239 [info] > git fetch [527ms]
2023-06-15 20:44:33.253 [info] > git config --get commit.template [2ms]
2023-06-15 20:44:33.265 [info] > git for-each-ref --format=%(refname)%00%(upstream:short)%00%(objectname)%00%(upstream:track)%00%(upstream:remotename)%00%(upstream:remoteref) refs/heads/master refs/remotes/master [3ms]
2023-06-15 20:44:33.386 [info] > git status -z -uall [110ms]
2023-06-15 20:44:34.575 [info] > git ls-files --stage -- /home/murkenne/.git/COMMIT_EDITMSG [11ms]
2023-06-15 20:44:34.582 [info] > git ls-files --stage -- /home/murkenne/Red-Key/src/index.css [8ms]
2023-06-15 20:44:34.615 [info] > git show --textconv :.git/COMMIT_EDITMSG [10ms]
2023-06-15 20:44:34.616 [info] > git cat-file -s 029a69da022bce2b2aa5a731fe1c4e1dbee516fd [23ms]
2023-06-15 20:44:34.691 [info] > git show --textconv :Red-Key/src/index.css [5ms]
2023-06-15 20:44:37.929 [info] > git config --get commit.template [14ms]
2023-06-15 20:44:37.931 [info] > git for-each-ref --format=%(refname)%00%(upstream:short)%00%(objectname)%00%(upstream:track)%00%(upstream:remotename)%00%(upstream:remoteref) refs/heads/master refs/remotes/master [3ms]
2023-06-15 20:44:38.064 [info] > git status -z -uall [124ms]
2023-06-15 20:44:43.082 [info] > git config --get commit.template [1ms]
2023-06-15 20:44:43.093 [info] > git for-each-ref --format=%(refname)%00%(upstream:short)%00%(objectname)%00%(upstream:track)%00%(upstream:remotename)%00%(upstream:remoteref) refs/heads/master refs/remotes/master [2ms]
2023-06-15 20:44:43.209 [info] > git status -z -uall [104ms]
2023-06-15 20:46:53.970 [info] > git config --get commit.template [19ms]
2023-06-15 20:46:53.972 [info] > git for-each-ref --format=%(refname)%00%(upstream:short)%00%(objectname)%00%(upstream:track)%00%(upstream:remotename)%00%(upstream:remoteref) refs/heads/master refs/remotes/master [3ms]
2023-06-15 20:46:54.020 [info] > git ls-files --stage -- /home/murkenne/.git/COMMIT_EDITMSG [14ms]
2023-06-15 20:46:54.024 [info] > git ls-files --stage -- /home/murkenne/Red-Key/src/index.css [5ms]
2023-06-15 20:46:54.040 [info] > git cat-file -s 029a69da022bce2b2aa5a731fe1c4e1dbee516fd [2ms]
2023-06-15 20:46:54.109 [info] > git show --textconv :.git/COMMIT_EDITMSG [19ms]
2023-06-15 20:46:54.118 [info] > git status -z -uall [131ms]
2023-06-15 20:46:54.120 [info] > git show --textconv :Red-Key/src/index.css [13ms]
2023-06-15 20:47:46.513 [info] > git config --get commit.template [2ms]
2023-06-15 20:47:46.529 [info] > git for-each-ref --format=%(refname)%00%(upstream:short)%00%(objectname)%00%(upstream:track)%00%(upstream:remotename)%00%(upstream:remoteref) refs/heads/master refs/remotes/master [2ms]
2023-06-15 20:47:46.653 [info] > git status -z -uall [112ms]
2023-06-15 20:47:47.790 [info] > git ls-files --stage -- /home/murkenne/.git/COMMIT_EDITMSG [12ms]
2023-06-15 20:47:47.795 [info] > git ls-files --stage -- /home/murkenne/Red-Key/src/index.css [7ms]
2023-06-15 20:47:47.818 [info] > git cat-file -s 029a69da022bce2b2aa5a731fe1c4e1dbee516fd [12ms]
2023-06-15 20:47:47.822 [info] > git show --textconv :.git/COMMIT_EDITMSG [5ms]
2023-06-15 20:47:47.846 [info] > git show --textconv :Red-Key/src/index.css [7ms]
2023-06-15 20:47:48.081 [info] > git fetch [1585ms]
2023-06-15 20:47:48.081 [info] From https://github.com/FirstName-LastName-Personal-Website-1/Red-Key
 + 69d785c...35d0200 main       -> origin/main  (forced update)
2023-06-15 20:47:48.095 [info] > git config --get commit.template [2ms]
2023-06-15 20:47:48.106 [info] > git for-each-ref --format=%(refname)%00%(upstream:short)%00%(objectname)%00%(upstream:track)%00%(upstream:remotename)%00%(upstream:remoteref) refs/heads/master refs/remotes/master [1ms]
2023-06-15 20:47:48.210 [info] > git status -z -uall [91ms]
2023-06-15 20:47:49.375 [info] > git ls-files --stage -- /home/murkenne/.git/COMMIT_EDITMSG [11ms]
2023-06-15 20:47:49.379 [info] > git ls-files --stage -- /home/murkenne/Red-Key/src/index.css [5ms]
2023-06-15 20:47:49.405 [info] > git cat-file -s 029a69da022bce2b2aa5a731fe1c4e1dbee516fd [17ms]
2023-06-15 20:47:49.407 [info] > git show --textconv :.git/COMMIT_EDITMSG [7ms]
2023-06-15 20:47:49.454 [info] > git show --textconv :Red-Key/src/index.css [5ms]
2023-06-15 20:47:51.262 [info] > git check-ignore -v -z --stdin [27ms]
2023-06-15 20:47:51.673 [info] > git config --get commit.template [3ms]
2023-06-15 20:47:51.685 [info] > git for-each-ref --format=%(refname)%00%(upstream:short)%00%(objectname)%00%(upstream:track)%00%(upstream:remotename)%00%(upstream:remoteref) refs/heads/master refs/remotes/master [2ms]
2023-06-15 20:47:51.806 [info] > git status -z -uall [108ms]
2023-06-15 20:47:56.822 [info] > git config --get commit.template [2ms]
2023-06-15 20:47:56.836 [info] > git for-each-ref --format=%(refname)%00%(upstream:short)%00%(objectname)%00%(upstream:track)%00%(upstream:remotename)%00%(upstream:remoteref) refs/heads/master refs/remotes/master [2ms]
2023-06-15 20:47:56.952 [info] > git status -z -uall [108ms]
2023-06-15 20:47:59.711 [info] > git check-ignore -v -z --stdin [6ms]
2023-06-15 20:48:01.971 [info] > git config --get commit.template [4ms]
2023-06-15 20:48:01.983 [info] > git for-each-ref --format=%(refname)%00%(upstream:short)%00%(objectname)%00%(upstream:track)%00%(upstream:remotename)%00%(upstream:remoteref) refs/heads/master refs/remotes/master [2ms]
2023-06-15 20:48:02.093 [info] > git status -z -uall [97ms]
2023-06-15 20:48:07.109 [info] > git config --get commit.template [1ms]
2023-06-15 20:48:07.122 [info] > git for-each-ref --format=%(refname)%00%(upstream:short)%00%(objectname)%00%(upstream:track)%00%(upstream:remotename)%00%(upstream:remoteref) refs/heads/master refs/remotes/master [2ms]
2023-06-15 20:48:07.244 [info] > git status -z -uall [111ms]
2023-06-15 20:48:12.270 [info] > git config --get commit.template [1ms]
2023-06-15 20:48:12.284 [info] > git for-each-ref --format=%(refname)%00%(upstream:short)%00%(objectname)%00%(upstream:track)%00%(upstream:remotename)%00%(upstream:remoteref) refs/heads/master refs/remotes/master [2ms]
2023-06-15 20:48:12.399 [info] > git status -z -uall [104ms]
2023-06-15 20:48:17.426 [info] > git config --get commit.template [11ms]
2023-06-15 20:48:17.427 [info] > git for-each-ref --format=%(refname)%00%(upstream:short)%00%(objectname)%00%(upstream:track)%00%(upstream:remotename)%00%(upstream:remoteref) refs/heads/master refs/remotes/master [2ms]
2023-06-15 20:48:17.547 [info] > git status -z -uall [112ms]
2023-06-15 20:48:22.566 [info] > git config --get commit.template [3ms]
2023-06-15 20:48:22.581 [info] > git for-each-ref --format=%(refname)%00%(upstream:short)%00%(objectname)%00%(upstream:track)%00%(upstream:remotename)%00%(upstream:remoteref) refs/heads/master refs/remotes/master [2ms]
2023-06-15 20:48:22.701 [info] > git status -z -uall [109ms]
2023-06-15 20:48:27.717 [info] > git config --get commit.template [1ms]
2023-06-15 20:48:27.732 [info] > git for-each-ref --format=%(refname)%00%(upstream:short)%00%(objectname)%00%(upstream:track)%00%(upstream:remotename)%00%(upstream:remoteref) refs/heads/master refs/remotes/master [6ms]
2023-06-15 20:48:27.858 [info] > git status -z -uall [116ms]
2023-06-15 20:48:32.874 [info] > git config --get commit.template [2ms]
2023-06-15 20:48:32.887 [info] > git for-each-ref --format=%(refname)%00%(upstream:short)%00%(objectname)%00%(upstream:track)%00%(upstream:remotename)%00%(upstream:remoteref) refs/heads/master refs/remotes/master [2ms]
2023-06-15 20:48:33.005 [info] > git status -z -uall [106ms]
2023-06-15 20:48:35.700 [info] > git fetch [527ms]
2023-06-15 20:48:35.716 [info] > git config --get commit.template [4ms]
2023-06-15 20:48:35.727 [info] > git for-each-ref --format=%(refname)%00%(upstream:short)%00%(objectname)%00%(upstream:track)%00%(upstream:remotename)%00%(upstream:remoteref) refs/heads/master refs/remotes/master [2ms]
2023-06-15 20:48:35.850 [info] > git status -z -uall [111ms]
2023-06-15 20:48:37.035 [info] > git ls-files --stage -- /home/murkenne/.git/COMMIT_EDITMSG [11ms]
2023-06-15 20:48:37.041 [info] > git ls-files --stage -- /home/murkenne/Red-Key/src/index.css [6ms]
2023-06-15 20:48:37.068 [info] > git cat-file -s 029a69da022bce2b2aa5a731fe1c4e1dbee516fd [15ms]
2023-06-15 20:48:37.069 [info] > git show --textconv :.git/COMMIT_EDITMSG [5ms]
2023-06-15 20:48:37.149 [info] > git show --textconv :Red-Key/src/index.css [6ms]
2023-06-15 20:48:38.021 [info] > git config --get commit.template [1ms]
2023-06-15 20:48:38.038 [info] > git for-each-ref --format=%(refname)%00%(upstream:short)%00%(objectname)%00%(upstream:track)%00%(upstream:remotename)%00%(upstream:remoteref) refs/heads/master refs/remotes/master [2ms]
2023-06-15 20:48:38.161 [info] > git status -z -uall [109ms]
2023-06-15 20:48:43.175 [info] > git config --get commit.template [1ms]
2023-06-15 20:48:43.186 [info] > git for-each-ref --format=%(refname)%00%(upstream:short)%00%(objectname)%00%(upstream:track)%00%(upstream:remotename)%00%(upstream:remoteref) refs/heads/master refs/remotes/master [1ms]
2023-06-15 20:48:43.313 [info] > git status -z -uall [116ms]
2023-06-15 20:48:45.365 [info] > git push [3ms]
2023-06-15 20:48:45.366 [info] fatal: The current branch master has no upstream branch.
To push the current branch and set the remote as upstream, use

    git push --set-upstream origin master
2023-06-15 20:48:45.378 [info] > git config --get commit.template [1ms]
2023-06-15 20:48:45.391 [info] > git for-each-ref --format=%(refname)%00%(upstream:short)%00%(objectname)%00%(upstream:track)%00%(upstream:remotename)%00%(upstream:remoteref) refs/heads/master refs/remotes/master [2ms]
2023-06-15 20:48:45.503 [info] > git status -z -uall [97ms]
2023-06-15 20:48:51.055 [info] > git config --get commit.template [11ms]
2023-06-15 20:48:51.056 [info] > git for-each-ref --format=%(refname)%00%(upstream:short)%00%(objectname)%00%(upstream:track)%00%(upstream:remotename)%00%(upstream:remoteref) refs/heads/master refs/remotes/master [2ms]
2023-06-15 20:48:51.200 [info] > git status -z -uall [97ms]
2023-06-15 20:49:03.702 [info] > git show --textconv HEAD:coursework [17ms]
2023-06-15 20:49:03.703 [info] > git ls-tree -l HEAD -- /home/murkenne/coursework [6ms]
2023-06-15 20:49:06.620 [info] > git show --textconv HEAD:coursework [18ms]
2023-06-15 20:49:06.625 [info] > git ls-tree -l HEAD -- /home/murkenne/coursework [10ms]
2023-06-15 20:49:13.656 [info] > git show --textconv :.vscode-server/data/logs/20230615T203947/exthost1/vscode.git/Git.log [10ms]
2023-06-15 20:49:13.660 [info] > git ls-files --stage -- /home/murkenne/.vscode-server/data/logs/20230615T203947/exthost1/vscode.git/Git.log [5ms]
2023-06-15 20:49:13.671 [info] > git cat-file -s edc2a11ac0e08d7a8ee3791f0138f413921e734a [1ms]
2023-06-15 20:49:13.917 [info] > git check-ignore -v -z --stdin [8ms]
2023-06-15 20:50:04.534 [info] > git show --textconv :Red-Key/index.html [12ms]
2023-06-15 20:50:04.537 [info] > git ls-files --stage -- /home/murkenne/Red-Key/index.html [5ms]
2023-06-15 20:50:04.551 [info] > git cat-file -s 7b866946ae0b9315378139e549584be95deddfe8 [5ms]
