2023-06-13 19:40:29.127 [info] Log level: Info
2023-06-13 19:40:29.127 [info] Validating found git in: "git"
2023-06-13 19:40:29.127 [info] Using git "2.34.1" from "git"
2023-06-13 19:40:29.127 [info] > git rev-parse --show-toplevel [65ms]
2023-06-13 19:40:29.127 [info] > git rev-parse --git-dir --git-common-dir [12ms]
2023-06-13 19:40:29.127 [info] Open repository: /home/murkenne/coursework/block_22_workshop!/Unit2.PartyLogs.Starter
2023-06-13 19:40:29.127 [info] > git check-ignore -v -z --stdin [43ms]
2023-06-13 19:40:29.127 [info] > git config --get commit.template [61ms]
2023-06-13 19:40:29.139 [info] > git for-each-ref --format=%(refname)%00%(upstream:short)%00%(objectname)%00%(upstream:track)%00%(upstream:remotename)%00%(upstream:remoteref) refs/heads/main refs/remotes/main [5ms]
2023-06-13 19:40:29.177 [info] > git status -z -uall --find-renames=50% [28ms]
2023-06-13 19:40:29.177 [info] > git show --textconv :script.js [9ms]
2023-06-13 19:40:29.178 [info] > git fetch [858ms]
2023-06-13 19:40:29.178 [info] Missing or invalid credentials.
Skip silent fetch commands
Missing or invalid credentials.
Skip silent fetch commands
remote: Repository not found.
fatal: Authentication failed for 'https://github.com/murkenne/Unit2.PartyLogs.Starter.git/'
2023-06-13 19:40:29.204 [info] > git ls-files --stage -- /home/murkenne/coursework/block_22_workshop!/Unit2.PartyLogs.Starter/script.js [27ms]
2023-06-13 19:40:29.220 [info] > git cat-file -s b89c3758c9b6625d748390aad6401c39480e88c0 [11ms]
2023-06-13 19:40:29.222 [info] > git config --get commit.template [25ms]
2023-06-13 19:40:29.222 [info] > git config --get commit.template [33ms]
2023-06-13 19:40:29.241 [info] > git for-each-ref --format=%(refname)%00%(upstream:short)%00%(objectname)%00%(upstream:track)%00%(upstream:remotename)%00%(upstream:remoteref) refs/heads/main refs/remotes/main [9ms]
2023-06-13 19:40:29.243 [info] > git for-each-ref --format=%(refname)%00%(upstream:short)%00%(objectname)%00%(upstream:track)%00%(upstream:remotename)%00%(upstream:remoteref) refs/heads/main refs/remotes/main [5ms]
2023-06-13 19:40:29.252 [info] > git status -z -uall --find-renames=50% [3ms]
2023-06-13 19:40:29.594 [info] > git check-ignore -v -z --stdin [1ms]
2023-06-13 19:40:30.406 [info] > git ls-files --stage -- /home/murkenne/coursework/block_22_workshop!/Unit2.PartyLogs.Starter/script.js [12ms]
2023-06-13 19:40:30.414 [info] > git cat-file -s b89c3758c9b6625d748390aad6401c39480e88c0 [1ms]
2023-06-13 19:40:30.428 [info] > git show --textconv :script.js [1ms]
