2023-06-13 18:37:30.305 [info] Log level: Info
2023-06-13 18:37:30.305 [info] Validating found git in: "git"
2023-06-13 18:37:30.305 [info] Using git "" from "git"
2023-06-13 18:37:30.305 [info] > git rev-parse --show-toplevel [83ms]
2023-06-13 18:37:30.305 [info] > git rev-parse --git-dir --git-common-dir [5ms]
2023-06-13 18:37:30.305 [info] Open repository: /home/murkenne/coursework/block_22_workshop!/Unit2.PartyLogs.Starter
2023-06-13 18:37:30.305 [info] > git config --get commit.template [48ms]
2023-06-13 18:37:30.320 [info] > git for-each-ref --format=%(refname)%00%(upstream:short)%00%(objectname)%00%(upstream:track)%00%(upstream:remotename)%00%(upstream:remoteref) refs/heads/main refs/remotes/main [8ms]
2023-06-13 18:37:30.359 [info] > git status -z -uall --find-renames=50% [31ms]
2023-06-13 18:37:30.359 [info] > git show --textconv :script.js [14ms]
2023-06-13 18:37:30.361 [info] > git ls-files --stage -- /home/murkenne/coursework/block_22_workshop!/Unit2.PartyLogs.Starter/script.js [7ms]
2023-06-13 18:37:30.402 [info] > git cat-file -s b89c3758c9b6625d748390aad6401c39480e88c0 [33ms]
2023-06-13 18:37:30.408 [info] > git config --get commit.template [9ms]
2023-06-13 18:37:30.420 [info] > git for-each-ref --format=%(refname)%00%(upstream:short)%00%(objectname)%00%(upstream:track)%00%(upstream:remotename)%00%(upstream:remoteref) refs/heads/main refs/remotes/main [4ms]
2023-06-13 18:37:30.488 [info] > git status -z -uall --find-renames=50% [60ms]
2023-06-13 18:37:30.777 [info] > git check-ignore -v -z --stdin [2ms]
2023-06-13 18:39:17.503 [info] > git fetch [1068ms]
2023-06-13 18:39:17.503 [info] Missing or invalid credentials.
Skip silent fetch commands
Missing or invalid credentials.
Skip silent fetch commands
remote: Repository not found.
fatal: Authentication failed for 'https://github.com/murkenne/Unit2.PartyLogs.Starter.git/'
2023-06-13 18:39:17.515 [info] > git config --get commit.template [7ms]
2023-06-13 18:39:17.516 [info] > git for-each-ref --format=%(refname)%00%(upstream:short)%00%(objectname)%00%(upstream:track)%00%(upstream:remotename)%00%(upstream:remoteref) refs/heads/main refs/remotes/main [2ms]
2023-06-13 18:39:17.522 [info] > git status -z -uall --find-renames=50% [1ms]
2023-06-13 18:39:17.639 [info] > git ls-files --stage -- /home/murkenne/coursework/block_22_workshop!/Unit2.PartyLogs.Starter/script.js [2ms]
2023-06-13 18:39:17.645 [info] > git cat-file -s b89c3758c9b6625d748390aad6401c39480e88c0 [0ms]
2023-06-13 18:39:17.656 [info] > git show --textconv :script.js [1ms]
2023-06-13 18:56:06.223 [info] > git config --get commit.template [1ms]
2023-06-13 18:56:06.231 [info] > git for-each-ref --format=%(refname)%00%(upstream:short)%00%(objectname)%00%(upstream:track)%00%(upstream:remotename)%00%(upstream:remoteref) refs/heads/main refs/remotes/main [1ms]
2023-06-13 18:56:06.240 [info] > git status -z -uall --find-renames=50% [2ms]
2023-06-13 18:57:18.255 [info] > git config --get commit.template [1ms]
2023-06-13 18:57:18.262 [info] > git for-each-ref --format=%(refname)%00%(upstream:short)%00%(objectname)%00%(upstream:track)%00%(upstream:remotename)%00%(upstream:remoteref) refs/heads/main refs/remotes/main [1ms]
2023-06-13 18:57:18.269 [info] > git status -z -uall --find-renames=50% [1ms]
2023-06-13 18:57:38.684 [info] > git config --get commit.template [1ms]
2023-06-13 18:57:38.692 [info] > git for-each-ref --format=%(refname)%00%(upstream:short)%00%(objectname)%00%(upstream:track)%00%(upstream:remotename)%00%(upstream:remoteref) refs/heads/main refs/remotes/main [1ms]
2023-06-13 18:57:38.699 [info] > git status -z -uall --find-renames=50% [1ms]
2023-06-13 19:04:04.656 [info] > git config --get commit.template [1ms]
2023-06-13 19:04:04.664 [info] > git for-each-ref --format=%(refname)%00%(upstream:short)%00%(objectname)%00%(upstream:track)%00%(upstream:remotename)%00%(upstream:remoteref) refs/heads/main refs/remotes/main [1ms]
2023-06-13 19:04:04.672 [info] > git status -z -uall --find-renames=50% [1ms]
2023-06-13 19:04:49.447 [info] > git config --get commit.template [2ms]
2023-06-13 19:04:49.456 [info] > git for-each-ref --format=%(refname)%00%(upstream:short)%00%(objectname)%00%(upstream:track)%00%(upstream:remotename)%00%(upstream:remoteref) refs/heads/main refs/remotes/main [1ms]
2023-06-13 19:04:49.467 [info] > git status -z -uall --find-renames=50% [2ms]
2023-06-13 19:05:24.517 [info] > git config --get commit.template [1ms]
2023-06-13 19:05:24.525 [info] > git for-each-ref --format=%(refname)%00%(upstream:short)%00%(objectname)%00%(upstream:track)%00%(upstream:remotename)%00%(upstream:remoteref) refs/heads/main refs/remotes/main [1ms]
2023-06-13 19:05:24.532 [info] > git status -z -uall --find-renames=50% [1ms]
2023-06-13 19:05:47.461 [info] > git config --get commit.template [1ms]
2023-06-13 19:05:47.471 [info] > git for-each-ref --format=%(refname)%00%(upstream:short)%00%(objectname)%00%(upstream:track)%00%(upstream:remotename)%00%(upstream:remoteref) refs/heads/main refs/remotes/main [1ms]
2023-06-13 19:05:47.481 [info] > git status -z -uall --find-renames=50% [2ms]
2023-06-13 19:10:41.968 [info] > git config --get commit.template [1ms]
2023-06-13 19:10:41.977 [info] > git for-each-ref --format=%(refname)%00%(upstream:short)%00%(objectname)%00%(upstream:track)%00%(upstream:remotename)%00%(upstream:remoteref) refs/heads/main refs/remotes/main [1ms]
2023-06-13 19:10:41.988 [info] > git status -z -uall --find-renames=50% [2ms]
2023-06-13 19:15:26.938 [info] > git config --get commit.template [9ms]
2023-06-13 19:15:26.938 [info] > git for-each-ref --format=%(refname)%00%(upstream:short)%00%(objectname)%00%(upstream:track)%00%(upstream:remotename)%00%(upstream:remoteref) refs/heads/main refs/remotes/main [2ms]
2023-06-13 19:15:26.947 [info] > git status -z -uall --find-renames=50% [2ms]
2023-06-13 19:18:34.212 [info] > git config --get commit.template [8ms]
2023-06-13 19:18:34.213 [info] > git for-each-ref --format=%(refname)%00%(upstream:short)%00%(objectname)%00%(upstream:track)%00%(upstream:remotename)%00%(upstream:remoteref) refs/heads/main refs/remotes/main [2ms]
2023-06-13 19:18:34.221 [info] > git status -z -uall --find-renames=50% [1ms]
2023-06-13 19:19:12.810 [info] > git config --get commit.template [1ms]
2023-06-13 19:19:12.817 [info] > git for-each-ref --format=%(refname)%00%(upstream:short)%00%(objectname)%00%(upstream:track)%00%(upstream:remotename)%00%(upstream:remoteref) refs/heads/main refs/remotes/main [1ms]
2023-06-13 19:19:12.824 [info] > git status -z -uall --find-renames=50% [2ms]
2023-06-13 19:25:03.498 [info] > git config --get commit.template [8ms]
2023-06-13 19:25:03.498 [info] > git for-each-ref --format=%(refname)%00%(upstream:short)%00%(objectname)%00%(upstream:track)%00%(upstream:remotename)%00%(upstream:remoteref) refs/heads/main refs/remotes/main [2ms]
2023-06-13 19:25:03.506 [info] > git status -z -uall --find-renames=50% [1ms]
2023-06-13 19:25:54.994 [info] > git config --get commit.template [11ms]
2023-06-13 19:25:54.995 [info] > git for-each-ref --format=%(refname)%00%(upstream:short)%00%(objectname)%00%(upstream:track)%00%(upstream:remotename)%00%(upstream:remoteref) refs/heads/main refs/remotes/main [2ms]
2023-06-13 19:25:55.004 [info] > git status -z -uall --find-renames=50% [1ms]
2023-06-13 19:29:41.795 [info] > git config --get commit.template [1ms]
2023-06-13 19:29:41.806 [info] > git for-each-ref --format=%(refname)%00%(upstream:short)%00%(objectname)%00%(upstream:track)%00%(upstream:remotename)%00%(upstream:remoteref) refs/heads/main refs/remotes/main [1ms]
2023-06-13 19:29:41.816 [info] > git status -z -uall --find-renames=50% [2ms]
2023-06-13 19:32:44.029 [info] > git config --get commit.template [1ms]
2023-06-13 19:32:44.038 [info] > git for-each-ref --format=%(refname)%00%(upstream:short)%00%(objectname)%00%(upstream:track)%00%(upstream:remotename)%00%(upstream:remoteref) refs/heads/main refs/remotes/main [3ms]
2023-06-13 19:32:44.046 [info] > git status -z -uall --find-renames=50% [1ms]
2023-06-13 19:33:21.818 [info] > git config --get commit.template [1ms]
2023-06-13 19:33:21.827 [info] > git for-each-ref --format=%(refname)%00%(upstream:short)%00%(objectname)%00%(upstream:track)%00%(upstream:remotename)%00%(upstream:remoteref) refs/heads/main refs/remotes/main [1ms]
2023-06-13 19:33:21.837 [info] > git status -z -uall --find-renames=50% [2ms]
2023-06-13 19:33:47.783 [info] > git config --get commit.template [7ms]
2023-06-13 19:33:47.784 [info] > git for-each-ref --format=%(refname)%00%(upstream:short)%00%(objectname)%00%(upstream:track)%00%(upstream:remotename)%00%(upstream:remoteref) refs/heads/main refs/remotes/main [2ms]
2023-06-13 19:33:47.793 [info] > git status -z -uall --find-renames=50% [1ms]
2023-06-13 19:35:56.655 [info] > git config --get commit.template [2ms]
2023-06-13 19:35:56.662 [info] > git for-each-ref --format=%(refname)%00%(upstream:short)%00%(objectname)%00%(upstream:track)%00%(upstream:remotename)%00%(upstream:remoteref) refs/heads/main refs/remotes/main [1ms]
2023-06-13 19:35:56.670 [info] > git status -z -uall --find-renames=50% [2ms]
