0 verbose cli /home/murkenne/.nvm/versions/node/v18.14.2/bin/node /home/murkenne/.nvm/versions/node/v18.14.2/bin/npm
1 info using npm@9.5.0
2 info using node@v18.14.2
3 timing npm:load:whichnode Completed in 1ms
4 timing config:load:defaults Completed in 2ms
5 timing config:load:file:/home/murkenne/.nvm/versions/node/v18.14.2/lib/node_modules/npm/npmrc Completed in 1ms
6 timing config:load:builtin Completed in 1ms
7 timing config:load:cli Completed in 3ms
8 timing config:load:env Completed in 0ms
9 timing config:load:project Completed in 2ms
10 timing config:load:file:/home/murkenne/.npmrc Completed in 0ms
11 timing config:load:user Completed in 1ms
12 timing config:load:file:/home/murkenne/.nvm/versions/node/v18.14.2/etc/npmrc Completed in 0ms
13 timing config:load:global Completed in 0ms
14 timing config:load:setEnvs Completed in 1ms
15 timing config:load Completed in 10ms
16 timing npm:load:configload Completed in 11ms
17 timing npm:load:mkdirpcache Completed in 1ms
18 timing npm:load:mkdirplogs Completed in 0ms
19 verbose title npm run dev
20 verbose argv "run" "dev"
21 timing npm:load:setTitle Completed in 1ms
22 timing config:load:flatten Completed in 3ms
23 timing npm:load:display Completed in 3ms
24 verbose logfile logs-max:10 dir:/home/murkenne/.npm/_logs/2023-06-16T02_06_32_915Z-
25 verbose logfile /home/murkenne/.npm/_logs/2023-06-16T02_06_32_915Z-debug-0.log
26 timing npm:load:logFile Completed in 4ms
27 timing npm:load:timers Completed in 0ms
28 timing npm:load:configScope Completed in 0ms
29 timing npm:load Completed in 21ms
30 silly logfile start cleaning logs, removing 1 files
31 timing command:run Completed in 4ms
32 verbose stack Error: ENOENT: no such file or directory, open '/home/murkenne/package.json'
33 verbose cwd /home/murkenne
34 verbose Linux 5.10.16.3-microsoft-standard-WSL2
35 verbose node v18.14.2
36 verbose npm  v9.5.0
37 error code ENOENT
38 error syscall open
39 error path /home/murkenne/package.json
40 error errno -2
41 error enoent ENOENT: no such file or directory, open '/home/murkenne/package.json'
42 error enoent This is related to npm not being able to find a file.
42 error enoent
43 verbose exit -2
44 timing npm Completed in 38ms
45 verbose code -2
46 error A complete log of this run can be found in:
46 error     /home/murkenne/.npm/_logs/2023-06-16T02_06_32_915Z-debug-0.log
