0 verbose cli /home/murkenne/.nvm/versions/node/v18.14.2/bin/node /home/murkenne/.nvm/versions/node/v18.14.2/bin/npm
1 info using npm@9.5.0
2 info using node@v18.14.2
3 timing npm:load:whichnode Completed in 2ms
4 timing config:load:defaults Completed in 4ms
5 timing config:load:file:/home/murkenne/.nvm/versions/node/v18.14.2/lib/node_modules/npm/npmrc Completed in 1ms
6 timing config:load:builtin Completed in 1ms
7 timing config:load:cli Completed in 4ms
8 timing config:load:env Completed in 1ms
9 timing config:load:file:/home/murkenne/.cache/typescript/5.1/.npmrc Completed in 1ms
10 timing config:load:project Completed in 3ms
11 timing config:load:file:/home/murkenne/.npmrc Completed in 0ms
12 timing config:load:user Completed in 1ms
13 timing config:load:file:/home/murkenne/.nvm/versions/node/v18.14.2/etc/npmrc Completed in 0ms
14 timing config:load:global Completed in 0ms
15 timing config:load:setEnvs Completed in 1ms
16 timing config:load Completed in 17ms
17 timing npm:load:configload Completed in 17ms
18 timing npm:load:mkdirpcache Completed in 1ms
19 timing npm:load:mkdirplogs Completed in 2ms
20 verbose title npm install types-registry@latest
21 verbose argv "install" "--ignore-scripts" "types-registry@latest"
22 timing npm:load:setTitle Completed in 3ms
23 timing config:load:flatten Completed in 7ms
24 timing npm:load:display Completed in 9ms
25 verbose logfile logs-max:10 dir:/home/murkenne/.npm/_logs/2023-06-14T17_53_50_262Z-
26 verbose logfile /home/murkenne/.npm/_logs/2023-06-14T17_53_50_262Z-debug-0.log
27 timing npm:load:logFile Completed in 6ms
28 timing npm:load:timers Completed in 1ms
29 timing npm:load:configScope Completed in 0ms
30 timing npm:load Completed in 42ms
31 timing arborist:ctor Completed in 1ms
32 silly logfile start cleaning logs, removing 1 files
33 silly logfile done cleaning log files
34 timing idealTree:init Completed in 73ms
35 timing arborist:ctor Completed in 1ms
36 http fetch GET 200 https://registry.npmjs.org/types-registry 253ms (cache revalidated)
37 timing idealTree:userRequests Completed in 266ms
38 silly idealTree buildDeps
39 silly fetch manifest types-registry@0.1.648
40 silly placeDep ROOT types-registry@0.1.648 REPLACE for:  want: 0.1.648
41 timing idealTree:#root Completed in 12ms
42 timing idealTree:node_modules/types-registry Completed in 0ms
43 timing idealTree:buildDeps Completed in 14ms
44 timing idealTree:fixDepFlags Completed in 1ms
45 timing idealTree Completed in 358ms
46 timing reify:loadTrees Completed in 359ms
47 timing reify:diffTrees Completed in 4ms
48 silly reify moves {}
49 timing reify:retireShallow Completed in 1ms
50 timing reify:createSparse Completed in 0ms
51 timing reify:loadBundles Completed in 0ms
52 silly audit bulk request {
52 silly audit   '@babel/helper-string-parser': [ '7.22.5' ],
52 silly audit   '@babel/helper-validator-identifier': [ '7.22.5' ],
52 silly audit   '@babel/parser': [ '7.22.5' ],
52 silly audit   '@babel/types': [ '7.22.5' ],
52 silly audit   '@types/babel__code-frame': [ '7.0.3' ],
52 silly audit   '@types/babel__core': [ '7.20.1' ],
52 silly audit   '@types/babel__generator': [ '7.6.4' ],
52 silly audit   '@types/babel__template': [ '7.4.1' ],
52 silly audit   '@types/babel__traverse': [ '7.20.1' ],
52 silly audit   '@types/eslint': [ '8.40.2' ],
52 silly audit   '@types/estree': [ '1.0.1' ],
52 silly audit   '@types/gensync': [ '1.0.0' ],
52 silly audit   '@types/json-schema': [ '7.0.12' ],
52 silly audit   '@types/node': [ '20.3.0' ],
52 silly audit   '@types/prop-types': [ '15.7.5' ],
52 silly audit   '@types/react': [ '18.2.12' ],
52 silly audit   '@types/react-dom': [ '18.2.5' ],
52 silly audit   '@types/scheduler': [ '0.16.3' ],
52 silly audit   '@types/semver': [ '7.5.0' ],
52 silly audit   csstype: [ '3.1.2' ],
52 silly audit   'to-fast-properties': [ '2.0.0' ],
52 silly audit   'types-registry': [ '0.1.648' ]
52 silly audit }
53 timing reify:unpack Completed in 0ms
54 timing reify:unretire Completed in 0ms
55 timing build:queue Completed in 0ms
56 timing build:deps Completed in 0ms
57 timing build Completed in 0ms
58 timing reify:build Completed in 0ms
59 timing reify:trash Completed in 0ms
60 timing reify:save Completed in 12ms
61 http fetch POST 200 https://registry.npmjs.org/-/npm/v1/security/advisories/bulk 137ms
62 timing auditReport:getReport Completed in 139ms
63 silly audit report {}
64 timing auditReport:init Completed in 0ms
65 timing reify:audit Completed in 142ms
66 timing reify Completed in 517ms
67 timing command:install Completed in 526ms
68 verbose exit 0
69 timing npm Completed in 605ms
70 info ok
