0 verbose cli /home/murkenne/.nvm/versions/node/v18.14.2/bin/node /home/murkenne/.nvm/versions/node/v18.14.2/bin/npm
1 info using npm@9.5.0
2 info using node@v18.14.2
3 timing npm:load:whichnode Completed in 2ms
4 timing config:load:defaults Completed in 2ms
5 timing config:load:file:/home/murkenne/.nvm/versions/node/v18.14.2/lib/node_modules/npm/npmrc Completed in 0ms
6 timing config:load:builtin Completed in 0ms
7 timing config:load:cli Completed in 1ms
8 timing config:load:env Completed in 0ms
9 timing config:load:project Completed in 2ms
10 timing config:load:file:/home/murkenne/.npmrc Completed in 0ms
11 timing config:load:user Completed in 0ms
12 timing config:load:file:/home/murkenne/.nvm/versions/node/v18.14.2/etc/npmrc Completed in 0ms
13 timing config:load:global Completed in 0ms
14 timing config:load:setEnvs Completed in 1ms
15 timing config:load Completed in 10ms
16 timing npm:load:configload Completed in 10ms
17 timing npm:load:mkdirpcache Completed in 0ms
18 timing npm:load:mkdirplogs Completed in 1ms
19 verbose title npm
20 verbose argv
21 timing npm:load:setTitle Completed in 0ms
22 timing config:load:flatten Completed in 2ms
23 timing npm:load:display Completed in 3ms
24 verbose logfile logs-max:10 dir:/home/murkenne/.npm/_logs/2023-06-16T01_30_34_981Z-
25 verbose logfile /home/murkenne/.npm/_logs/2023-06-16T01_30_34_981Z-debug-0.log
26 timing npm:load:logFile Completed in 5ms
27 timing npm:load:timers Completed in 0ms
28 timing npm:load:configScope Completed in 0ms
29 timing npm:load Completed in 21ms
30 verbose exit 0
31 timing npm Completed in 26ms
32 verbose code 1
