0 verbose cli /home/murkenne/.nvm/versions/node/v18.14.2/bin/node /home/murkenne/.nvm/versions/node/v18.14.2/bin/npm
1 info using npm@9.5.0
2 info using node@v18.14.2
3 timing npm:load:whichnode Completed in 1ms
4 timing config:load:defaults Completed in 1ms
5 timing config:load:file:/home/murkenne/.nvm/versions/node/v18.14.2/lib/node_modules/npm/npmrc Completed in 0ms
6 timing config:load:builtin Completed in 0ms
7 timing config:load:cli Completed in 1ms
8 timing config:load:env Completed in 0ms
9 timing config:load:file:/home/murkenne/Block_25_guided_practice/.npmrc Completed in 1ms
10 timing config:load:project Completed in 2ms
11 timing config:load:file:/home/murkenne/.npmrc Completed in 0ms
12 timing config:load:user Completed in 0ms
13 timing config:load:file:/home/murkenne/.nvm/versions/node/v18.14.2/etc/npmrc Completed in 0ms
14 timing config:load:global Completed in 1ms
15 timing config:load:setEnvs Completed in 1ms
16 timing config:load Completed in 8ms
17 timing npm:load:configload Completed in 9ms
18 timing npm:load:mkdirpcache Completed in 0ms
19 timing npm:load:mkdirplogs Completed in 1ms
20 verbose title npm run dev
21 verbose argv "run" "dev"
22 timing npm:load:setTitle Completed in 0ms
23 timing config:load:flatten Completed in 1ms
24 timing npm:load:display Completed in 3ms
25 verbose logfile logs-max:10 dir:/home/murkenne/.npm/_logs/2023-06-16T02_16_59_134Z-
26 verbose logfile /home/murkenne/.npm/_logs/2023-06-16T02_16_59_134Z-debug-0.log
27 timing npm:load:logFile Completed in 4ms
28 timing npm:load:timers Completed in 0ms
29 timing npm:load:configScope Completed in 0ms
30 timing npm:load Completed in 18ms
31 silly logfile start cleaning logs, removing 3 files
32 silly logfile done cleaning log files
33 timing command:run Completed in 36ms
34 verbose exit 127
35 timing npm Completed in 61ms
36 verbose code 127
