0 verbose cli /home/murkenne/.nvm/versions/node/v18.14.2/bin/node /home/murkenne/.nvm/versions/node/v18.14.2/bin/npm
1 info using npm@9.5.0
2 info using node@v18.14.2
3 timing npm:load:whichnode Completed in 2ms
4 timing config:load:defaults Completed in 2ms
5 timing config:load:file:/home/murkenne/.nvm/versions/node/v18.14.2/lib/node_modules/npm/npmrc Completed in 1ms
6 timing config:load:builtin Completed in 1ms
7 timing config:load:cli Completed in 3ms
8 timing config:load:env Completed in 0ms
9 timing config:load:file:/home/murkenne/.cache/typescript/5.1/.npmrc Completed in 0ms
10 timing config:load:project Completed in 2ms
11 timing config:load:file:/home/murkenne/.npmrc Completed in 0ms
12 timing config:load:user Completed in 1ms
13 timing config:load:file:/home/murkenne/.nvm/versions/node/v18.14.2/etc/npmrc Completed in 0ms
14 timing config:load:global Completed in 0ms
15 timing config:load:setEnvs Completed in 1ms
16 timing config:load Completed in 11ms
17 timing npm:load:configload Completed in 11ms
18 timing npm:load:mkdirpcache Completed in 1ms
19 timing npm:load:mkdirplogs Completed in 0ms
20 verbose title npm install @types/react@ts5.1 @types/react-dom@ts5.1 @types/eslint@ts5.1
21 verbose argv "install" "--ignore-scripts" "@types/react@ts5.1" "@types/react-dom@ts5.1" "@types/eslint@ts5.1" "--save-dev" "--user-agent" "typesInstaller/5.1.3"
22 timing npm:load:setTitle Completed in 2ms
23 timing config:load:flatten Completed in 4ms
24 timing npm:load:display Completed in 5ms
25 verbose logfile logs-max:10 dir:/home/murkenne/.npm/_logs/2023-06-14T02_53_07_628Z-
26 verbose logfile /home/murkenne/.npm/_logs/2023-06-14T02_53_07_628Z-debug-0.log
27 timing npm:load:logFile Completed in 8ms
28 timing npm:load:timers Completed in 0ms
29 timing npm:load:configScope Completed in 0ms
30 timing npm:load Completed in 29ms
31 timing arborist:ctor Completed in 1ms
32 silly logfile start cleaning logs, removing 1 files
33 silly logfile done cleaning log files
34 timing idealTree:init Completed in 59ms
35 timing arborist:ctor Completed in 0ms
36 http fetch GET 200 https://registry.npmjs.org/@types%2freact-dom 511ms (cache revalidated)
37 http fetch GET 200 https://registry.npmjs.org/@types%2feslint 681ms (cache updated)
38 http fetch GET 200 https://registry.npmjs.org/@types%2freact 1080ms (cache updated)
39 timing idealTree:userRequests Completed in 1090ms
40 silly idealTree buildDeps
41 silly fetch manifest @types/eslint@8.40.2
42 silly fetch manifest @types/react@18.2.12
43 silly fetch manifest @types/react-dom@18.2.5
44 silly placeDep ROOT @types/eslint@8.40.2 REPLACE for:  want: 8.40.2
45 silly placeDep ROOT @types/react@18.2.12 REPLACE for:  want: 18.2.12
46 silly placeDep ROOT @types/react-dom@18.2.5 REPLACE for:  want: 18.2.5
47 timing idealTree:#root Completed in 16ms
48 timing idealTree:node_modules/@types/eslint Completed in 0ms
49 timing idealTree:node_modules/@types/react Completed in 0ms
50 timing idealTree:node_modules/@types/react-dom Completed in 1ms
51 timing idealTree:buildDeps Completed in 18ms
52 timing idealTree:fixDepFlags Completed in 0ms
53 timing idealTree Completed in 1171ms
54 timing reify:loadTrees Completed in 1172ms
55 timing reify:diffTrees Completed in 3ms
56 silly reify mark retired [ '/home/murkenne/.cache/typescript/5.1/node_modules/@types/eslint' ]
57 silly reify moves {
57 silly reify   '/home/murkenne/.cache/typescript/5.1/node_modules/@types/eslint': '/home/murkenne/.cache/typescript/5.1/node_modules/@types/.eslint-QEqvWtD0'
57 silly reify }
58 timing reify:retireShallow Completed in 5ms
59 timing reify:createSparse Completed in 2ms
60 timing reify:loadBundles Completed in 0ms
61 silly audit bulk request {
61 silly audit   '@babel/helper-string-parser': [ '7.22.5' ],
61 silly audit   '@babel/helper-validator-identifier': [ '7.22.5' ],
61 silly audit   '@babel/parser': [ '7.22.5' ],
61 silly audit   '@babel/types': [ '7.22.5' ],
61 silly audit   '@types/babel__code-frame': [ '7.0.3' ],
61 silly audit   '@types/babel__core': [ '7.20.1' ],
61 silly audit   '@types/babel__generator': [ '7.6.4' ],
61 silly audit   '@types/babel__template': [ '7.4.1' ],
61 silly audit   '@types/babel__traverse': [ '7.20.1' ],
61 silly audit   '@types/estree': [ '1.0.1' ],
61 silly audit   '@types/gensync': [ '1.0.0' ],
61 silly audit   '@types/json-schema': [ '7.0.12' ],
61 silly audit   '@types/node': [ '20.3.0' ],
61 silly audit   '@types/prop-types': [ '15.7.5' ],
61 silly audit   '@types/scheduler': [ '0.16.3' ],
61 silly audit   '@types/semver': [ '7.5.0' ],
61 silly audit   csstype: [ '3.1.2' ],
61 silly audit   'to-fast-properties': [ '2.0.0' ],
61 silly audit   'types-registry': [ '0.1.648' ],
61 silly audit   '@types/eslint': [ '8.40.2' ],
61 silly audit   '@types/react': [ '18.2.12' ],
61 silly audit   '@types/react-dom': [ '18.2.5' ]
61 silly audit }
62 silly tarball no local data for @types/eslint@https://registry.npmjs.org/@types/eslint/-/eslint-8.40.2.tgz. Extracting by manifest.
63 http fetch GET 200 https://registry.npmjs.org/@types/eslint/-/eslint-8.40.2.tgz 87ms (cache miss)
64 timing reifyNode:node_modules/@types/eslint Completed in 98ms
65 timing reify:unpack Completed in 98ms
66 timing reify:unretire Completed in 0ms
67 timing build:queue Completed in 1ms
68 timing build:deps Completed in 1ms
69 timing build Completed in 2ms
70 timing reify:build Completed in 3ms
71 timing reify:trash Completed in 7ms
72 timing reify:save Completed in 18ms
73 http fetch POST 200 https://registry.npmjs.org/-/npm/v1/security/advisories/bulk 143ms
74 timing auditReport:getReport Completed in 146ms
75 silly audit report {}
76 timing auditReport:init Completed in 0ms
77 timing reify:audit Completed in 146ms
78 timing reify Completed in 1337ms
79 silly CHANGE node_modules/@types/eslint
80 timing command:install Completed in 1346ms
81 verbose exit 0
82 timing npm Completed in 1389ms
83 info ok
