2023-06-14 22:18:27.278 [info] Log level: Info
2023-06-14 22:18:27.278 [info] Validating found git in: "git"
2023-06-14 22:18:27.278 [info] Using git "2.34.1" from "git"
2023-06-14 22:18:27.278 [info] > git rev-parse --show-toplevel [11ms]
2023-06-14 22:18:27.278 [info] > git rev-parse --git-dir --git-common-dir [16ms]
2023-06-14 22:18:27.278 [info] Open repository: /home/murkenne/coursework/block_22_workshop!/Unit2.PartyLogs.Starter
2023-06-14 22:18:27.278 [info] > git config --get commit.template [5ms]
2023-06-14 22:18:27.278 [info] > git for-each-ref --format=%(refname)%00%(upstream:short)%00%(objectname)%00%(upstream:track)%00%(upstream:remotename)%00%(upstream:remoteref) refs/heads/main refs/remotes/main [2ms]
2023-06-14 22:18:27.278 [info] > git status -z -uall --find-renames=50% [3ms]
2023-06-14 22:18:27.278 [info] > git config --get commit.template [1ms]
2023-06-14 22:18:27.278 [info] > git for-each-ref --format=%(refname)%00%(upstream:short)%00%(objectname)%00%(upstream:track)%00%(upstream:remotename)%00%(upstream:remoteref) refs/heads/main refs/remotes/main [7ms]
2023-06-14 22:18:27.278 [info] > git status -z -uall --find-renames=50% [2ms]
2023-06-14 22:18:27.279 [info] > git check-ignore -v -z --stdin [31ms]
2023-06-14 22:18:27.308 [info] > git show --textconv :script.js [11ms]
2023-06-14 22:18:27.308 [info] > git ls-files --stage -- /home/murkenne/coursework/block_22_workshop!/Unit2.PartyLogs.Starter/script.js [6ms]
2023-06-14 22:18:27.316 [info] > git fetch [837ms]
2023-06-14 22:18:27.316 [info] Missing or invalid credentials.
Skip silent fetch commands
Missing or invalid credentials.
Skip silent fetch commands
remote: Repository not found.
fatal: Authentication failed for 'https://github.com/murkenne/Unit2.PartyLogs.Starter.git/'
2023-06-14 22:18:27.327 [info] > git cat-file -s b89c3758c9b6625d748390aad6401c39480e88c0 [13ms]
2023-06-14 22:18:27.332 [info] > git config --get commit.template [5ms]
2023-06-14 22:18:27.341 [info] > git for-each-ref --format=%(refname)%00%(upstream:short)%00%(objectname)%00%(upstream:track)%00%(upstream:remotename)%00%(upstream:remoteref) refs/heads/main refs/remotes/main [2ms]
2023-06-14 22:18:27.390 [info] > git status -z -uall --find-renames=50% [41ms]
2023-06-14 22:18:28.365 [info] > git ls-files --stage -- /home/murkenne/coursework/block_22_workshop!/Unit2.PartyLogs.Starter/script.js [2ms]
2023-06-14 22:18:28.372 [info] > git cat-file -s b89c3758c9b6625d748390aad6401c39480e88c0 [2ms]
2023-06-14 22:18:28.383 [info] > git show --textconv :script.js [1ms]
2023-06-14 22:46:49.299 [info] > git config --get commit.template [1ms]
2023-06-14 22:46:49.311 [info] > git for-each-ref --format=%(refname)%00%(upstream:short)%00%(objectname)%00%(upstream:track)%00%(upstream:remotename)%00%(upstream:remoteref) refs/heads/main refs/remotes/main [2ms]
2023-06-14 22:46:49.326 [info] > git status -z -uall --find-renames=50% [3ms]
2023-06-14 22:47:26.555 [info] > git config --get commit.template [1ms]
2023-06-14 22:47:26.563 [info] > git for-each-ref --format=%(refname)%00%(upstream:short)%00%(objectname)%00%(upstream:track)%00%(upstream:remotename)%00%(upstream:remoteref) refs/heads/main refs/remotes/main [2ms]
2023-06-14 22:47:26.571 [info] > git status -z -uall --find-renames=50% [1ms]
2023-06-14 22:49:26.294 [info] > git config --get commit.template [1ms]
2023-06-14 22:49:26.302 [info] > git for-each-ref --format=%(refname)%00%(upstream:short)%00%(objectname)%00%(upstream:track)%00%(upstream:remotename)%00%(upstream:remoteref) refs/heads/main refs/remotes/main [1ms]
2023-06-14 22:49:26.312 [info] > git status -z -uall --find-renames=50% [1ms]
2023-06-14 22:55:58.849 [info] > git config --get commit.template [2ms]
2023-06-14 22:55:58.859 [info] > git for-each-ref --format=%(refname)%00%(upstream:short)%00%(objectname)%00%(upstream:track)%00%(upstream:remotename)%00%(upstream:remoteref) refs/heads/main refs/remotes/main [1ms]
2023-06-14 22:55:58.868 [info] > git status -z -uall --find-renames=50% [1ms]
2023-06-14 22:59:52.428 [info] > git config --get commit.template [1ms]
2023-06-14 22:59:52.439 [info] > git for-each-ref --format=%(refname)%00%(upstream:short)%00%(objectname)%00%(upstream:track)%00%(upstream:remotename)%00%(upstream:remoteref) refs/heads/main refs/remotes/main [1ms]
2023-06-14 22:59:52.453 [info] > git status -z -uall --find-renames=50% [1ms]
2023-06-14 23:05:50.681 [info] > git config --get commit.template [1ms]
2023-06-14 23:05:50.692 [info] > git for-each-ref --format=%(refname)%00%(upstream:short)%00%(objectname)%00%(upstream:track)%00%(upstream:remotename)%00%(upstream:remoteref) refs/heads/main refs/remotes/main [1ms]
2023-06-14 23:05:50.709 [info] > git status -z -uall --find-renames=50% [2ms]
2023-06-14 23:06:51.516 [info] > git config --get commit.template [1ms]
2023-06-14 23:06:51.525 [info] > git for-each-ref --format=%(refname)%00%(upstream:short)%00%(objectname)%00%(upstream:track)%00%(upstream:remotename)%00%(upstream:remoteref) refs/heads/main refs/remotes/main [0ms]
2023-06-14 23:06:51.534 [info] > git status -z -uall --find-renames=50% [1ms]
2023-06-14 23:08:20.403 [info] > git config --get commit.template [1ms]
2023-06-14 23:08:20.412 [info] > git for-each-ref --format=%(refname)%00%(upstream:short)%00%(objectname)%00%(upstream:track)%00%(upstream:remotename)%00%(upstream:remoteref) refs/heads/main refs/remotes/main [1ms]
2023-06-14 23:08:20.420 [info] > git status -z -uall --find-renames=50% [1ms]
2023-06-14 23:09:23.713 [info] > git config --get commit.template [1ms]
2023-06-14 23:09:23.724 [info] > git for-each-ref --format=%(refname)%00%(upstream:short)%00%(objectname)%00%(upstream:track)%00%(upstream:remotename)%00%(upstream:remoteref) refs/heads/main refs/remotes/main [1ms]
2023-06-14 23:09:23.735 [info] > git status -z -uall --find-renames=50% [2ms]
2023-06-14 23:09:47.007 [info] > git config --get commit.template [2ms]
2023-06-14 23:09:47.014 [info] > git for-each-ref --format=%(refname)%00%(upstream:short)%00%(objectname)%00%(upstream:track)%00%(upstream:remotename)%00%(upstream:remoteref) refs/heads/main refs/remotes/main [1ms]
2023-06-14 23:09:47.022 [info] > git status -z -uall --find-renames=50% [1ms]
2023-06-14 23:10:04.843 [info] > git config --get commit.template [1ms]
2023-06-14 23:10:04.852 [info] > git for-each-ref --format=%(refname)%00%(upstream:short)%00%(objectname)%00%(upstream:track)%00%(upstream:remotename)%00%(upstream:remoteref) refs/heads/main refs/remotes/main [1ms]
2023-06-14 23:10:04.861 [info] > git status -z -uall --find-renames=50% [1ms]
2023-06-14 23:12:19.876 [info] > git config --get commit.template [1ms]
2023-06-14 23:12:19.885 [info] > git for-each-ref --format=%(refname)%00%(upstream:short)%00%(objectname)%00%(upstream:track)%00%(upstream:remotename)%00%(upstream:remoteref) refs/heads/main refs/remotes/main [1ms]
2023-06-14 23:12:19.894 [info] > git status -z -uall --find-renames=50% [1ms]
2023-06-14 23:25:19.337 [info] > git config --get commit.template [11ms]
2023-06-14 23:25:19.340 [info] > git for-each-ref --format=%(refname)%00%(upstream:short)%00%(objectname)%00%(upstream:track)%00%(upstream:remotename)%00%(upstream:remoteref) refs/heads/main refs/remotes/main [3ms]
2023-06-14 23:25:19.350 [info] > git status -z -uall --find-renames=50% [2ms]
2023-06-14 23:28:35.204 [info] > git config --get commit.template [2ms]
2023-06-14 23:28:35.212 [info] > git for-each-ref --format=%(refname)%00%(upstream:short)%00%(objectname)%00%(upstream:track)%00%(upstream:remotename)%00%(upstream:remoteref) refs/heads/main refs/remotes/main [1ms]
2023-06-14 23:28:35.221 [info] > git status -z -uall --find-renames=50% [1ms]
2023-06-14 23:29:45.236 [info] > git config --get commit.template [1ms]
2023-06-14 23:29:45.243 [info] > git for-each-ref --format=%(refname)%00%(upstream:short)%00%(objectname)%00%(upstream:track)%00%(upstream:remotename)%00%(upstream:remoteref) refs/heads/main refs/remotes/main [1ms]
2023-06-14 23:29:45.250 [info] > git status -z -uall --find-renames=50% [0ms]
2023-06-14 23:34:47.260 [info] > git config --get commit.template [5ms]
2023-06-14 23:34:47.275 [info] > git for-each-ref --format=%(refname)%00%(upstream:short)%00%(objectname)%00%(upstream:track)%00%(upstream:remotename)%00%(upstream:remoteref) refs/heads/main refs/remotes/main [2ms]
2023-06-14 23:34:47.291 [info] > git status -z -uall --find-renames=50% [3ms]
2023-06-14 23:38:39.609 [info] > git config --get commit.template [2ms]
2023-06-14 23:38:39.621 [info] > git for-each-ref --format=%(refname)%00%(upstream:short)%00%(objectname)%00%(upstream:track)%00%(upstream:remotename)%00%(upstream:remoteref) refs/heads/main refs/remotes/main [2ms]
2023-06-14 23:38:39.637 [info] > git status -z -uall --find-renames=50% [2ms]
2023-06-14 23:40:53.459 [info] > git config --get commit.template [3ms]
2023-06-14 23:40:53.473 [info] > git for-each-ref --format=%(refname)%00%(upstream:short)%00%(objectname)%00%(upstream:track)%00%(upstream:remotename)%00%(upstream:remoteref) refs/heads/main refs/remotes/main [2ms]
2023-06-14 23:40:53.491 [info] > git status -z -uall --find-renames=50% [3ms]
2023-06-14 23:41:06.534 [info] > git show --textconv HEAD:script.js [12ms]
2023-06-14 23:41:06.536 [info] > git ls-tree -l HEAD -- /home/murkenne/coursework/block_22_workshop!/Unit2.PartyLogs.Starter/script.js [3ms]
2023-06-14 23:41:06.607 [info] > git hash-object --stdin -w --path script.js [5ms]
2023-06-14 23:41:06.663 [info] > git show -s --format=%H%n%aN%n%aE%n%at%n%ct%n%P%n%D%n%B -z HEAD [48ms]
2023-06-14 23:41:06.674 [info] > git ls-tree -l HEAD -- script.js [2ms]
2023-06-14 23:41:06.697 [info] > git update-index  --cacheinfo 100644 79e15796192d0e9177de7a8453d135ed6569c3df
 script.js [15ms]
2023-06-14 23:41:06.697 [info] Ignoring path 
2023-06-14 23:41:06.721 [info] > git config --get commit.template [1ms]
2023-06-14 23:41:06.740 [info] > git for-each-ref --format=%(refname)%00%(upstream:short)%00%(objectname)%00%(upstream:track)%00%(upstream:remotename)%00%(upstream:remoteref) refs/heads/main refs/remotes/main [2ms]
2023-06-14 23:41:06.755 [info] > git status -z -uall --find-renames=50% [2ms]
2023-06-14 23:41:06.832 [info] > git ls-files --stage -- /home/murkenne/coursework/block_22_workshop!/Unit2.PartyLogs.Starter/script.js [6ms]
2023-06-14 23:41:06.851 [info] > git cat-file -s 79e15796192d0e9177de7a8453d135ed6569c3df [7ms]
2023-06-14 23:41:06.870 [info] > git show --textconv :script.js [1ms]
2023-06-14 23:41:07.865 [info] > git config --get commit.template [2ms]
2023-06-14 23:41:07.876 [info] > git for-each-ref --format=%(refname)%00%(upstream:short)%00%(objectname)%00%(upstream:track)%00%(upstream:remotename)%00%(upstream:remoteref) refs/heads/main refs/remotes/main [1ms]
2023-06-14 23:41:07.886 [info] > git status -z -uall --find-renames=50% [2ms]
2023-06-14 23:41:07.978 [info] > git ls-files --stage -- /home/murkenne/coursework/block_22_workshop!/Unit2.PartyLogs.Starter/script.js [10ms]
2023-06-14 23:41:07.987 [info] > git ls-files --stage -- /home/murkenne/coursework/block_22_workshop!/Unit2.PartyLogs.Starter/script.js [11ms]
2023-06-14 23:41:08.021 [info] > git cat-file -s 79e15796192d0e9177de7a8453d135ed6569c3df [2ms]
2023-06-14 23:41:08.022 [info] > git cat-file -s 79e15796192d0e9177de7a8453d135ed6569c3df [36ms]
2023-06-14 23:41:08.058 [info] > git show --textconv :script.js [12ms]
2023-06-14 23:41:08.060 [info] > git show --textconv :script.js [4ms]
2023-06-14 23:41:12.903 [info] > git config --get commit.template [2ms]
2023-06-14 23:41:12.915 [info] > git for-each-ref --format=%(refname)%00%(upstream:short)%00%(objectname)%00%(upstream:track)%00%(upstream:remotename)%00%(upstream:remoteref) refs/heads/main refs/remotes/main [2ms]
2023-06-14 23:41:12.925 [info] > git status -z -uall --find-renames=50% [2ms]
2023-06-14 23:41:24.801 [info] > git hash-object --stdin -w --path script.js [3ms]
2023-06-14 23:41:24.815 [info] > git show -s --format=%H%n%aN%n%aE%n%at%n%ct%n%P%n%D%n%B -z HEAD [2ms]
2023-06-14 23:41:24.825 [info] > git ls-tree -l HEAD -- script.js [1ms]
2023-06-14 23:41:24.842 [info] > git update-index  --cacheinfo 100644 0296752e2af8af5b8bdf5a0906b741e7a05326a3
 script.js [7ms]
2023-06-14 23:41:24.842 [info] Ignoring path 
2023-06-14 23:41:24.873 [info] > git config --get commit.template [1ms]
2023-06-14 23:41:24.895 [info] > git for-each-ref --format=%(refname)%00%(upstream:short)%00%(objectname)%00%(upstream:track)%00%(upstream:remotename)%00%(upstream:remoteref) refs/heads/main refs/remotes/main [1ms]
2023-06-14 23:41:24.906 [info] > git status -z -uall --find-renames=50% [1ms]
2023-06-14 23:41:24.980 [info] > git ls-files --stage -- /home/murkenne/coursework/block_22_workshop!/Unit2.PartyLogs.Starter/script.js [4ms]
2023-06-14 23:41:24.992 [info] > git cat-file -s 0296752e2af8af5b8bdf5a0906b741e7a05326a3 [3ms]
2023-06-14 23:41:25.010 [info] > git show --textconv :script.js [2ms]
2023-06-14 23:41:25.993 [info] > git config --get commit.template [2ms]
2023-06-14 23:41:26.003 [info] > git for-each-ref --format=%(refname)%00%(upstream:short)%00%(objectname)%00%(upstream:track)%00%(upstream:remotename)%00%(upstream:remoteref) refs/heads/main refs/remotes/main [1ms]
2023-06-14 23:41:26.014 [info] > git status -z -uall --find-renames=50% [1ms]
2023-06-14 23:41:26.107 [info] > git ls-files --stage -- /home/murkenne/coursework/block_22_workshop!/Unit2.PartyLogs.Starter/script.js [11ms]
2023-06-14 23:41:26.118 [info] > git cat-file -s 0296752e2af8af5b8bdf5a0906b741e7a05326a3 [3ms]
2023-06-14 23:41:26.118 [info] > git ls-files --stage -- /home/murkenne/coursework/block_22_workshop!/Unit2.PartyLogs.Starter/script.js [12ms]
2023-06-14 23:41:26.130 [info] > git cat-file -s 0296752e2af8af5b8bdf5a0906b741e7a05326a3 [1ms]
2023-06-14 23:41:26.159 [info] > git show --textconv :script.js [12ms]
2023-06-14 23:41:26.159 [info] > git show --textconv :script.js [1ms]
2023-06-14 23:41:31.035 [info] > git config --get commit.template [2ms]
2023-06-14 23:41:31.049 [info] > git for-each-ref --format=%(refname)%00%(upstream:short)%00%(objectname)%00%(upstream:track)%00%(upstream:remotename)%00%(upstream:remoteref) refs/heads/main refs/remotes/main [2ms]
2023-06-14 23:41:31.061 [info] > git status -z -uall --find-renames=50% [3ms]
2023-06-14 23:41:39.049 [info] > git hash-object --stdin -w --path script.js [4ms]
2023-06-14 23:41:39.060 [info] > git show -s --format=%H%n%aN%n%aE%n%at%n%ct%n%P%n%D%n%B -z HEAD [2ms]
2023-06-14 23:41:39.070 [info] > git ls-tree -l HEAD -- script.js [1ms]
2023-06-14 23:41:39.087 [info] > git update-index  --cacheinfo 100644 b3c78035ab75f3cd67677055e17e880202489a9c
 script.js [9ms]
2023-06-14 23:41:39.087 [info] Ignoring path 
2023-06-14 23:41:39.102 [info] > git config --get commit.template [1ms]
2023-06-14 23:41:39.117 [info] > git for-each-ref --format=%(refname)%00%(upstream:short)%00%(objectname)%00%(upstream:track)%00%(upstream:remotename)%00%(upstream:remoteref) refs/heads/main refs/remotes/main [2ms]
2023-06-14 23:41:39.134 [info] > git status -z -uall --find-renames=50% [2ms]
2023-06-14 23:41:39.204 [info] > git ls-files --stage -- /home/murkenne/coursework/block_22_workshop!/Unit2.PartyLogs.Starter/script.js [2ms]
2023-06-14 23:41:39.217 [info] > git cat-file -s b3c78035ab75f3cd67677055e17e880202489a9c [3ms]
2023-06-14 23:41:39.236 [info] > git show --textconv :script.js [3ms]
2023-06-14 23:41:40.232 [info] > git config --get commit.template [5ms]
2023-06-14 23:41:40.244 [info] > git for-each-ref --format=%(refname)%00%(upstream:short)%00%(objectname)%00%(upstream:track)%00%(upstream:remotename)%00%(upstream:remoteref) refs/heads/main refs/remotes/main [3ms]
2023-06-14 23:41:40.254 [info] > git status -z -uall --find-renames=50% [1ms]
2023-06-14 23:41:40.348 [info] > git ls-files --stage -- /home/murkenne/coursework/block_22_workshop!/Unit2.PartyLogs.Starter/script.js [12ms]
2023-06-14 23:41:40.361 [info] > git cat-file -s b3c78035ab75f3cd67677055e17e880202489a9c [4ms]
2023-06-14 23:41:40.362 [info] > git ls-files --stage -- /home/murkenne/coursework/block_22_workshop!/Unit2.PartyLogs.Starter/script.js [15ms]
2023-06-14 23:41:40.372 [info] > git cat-file -s b3c78035ab75f3cd67677055e17e880202489a9c [2ms]
2023-06-14 23:41:40.409 [info] > git show --textconv :script.js [17ms]
2023-06-14 23:41:40.409 [info] > git show --textconv :script.js [3ms]
2023-06-14 23:41:45.270 [info] > git config --get commit.template [1ms]
2023-06-14 23:41:45.282 [info] > git for-each-ref --format=%(refname)%00%(upstream:short)%00%(objectname)%00%(upstream:track)%00%(upstream:remotename)%00%(upstream:remoteref) refs/heads/main refs/remotes/main [3ms]
2023-06-14 23:41:45.293 [info] > git status -z -uall --find-renames=50% [3ms]
2023-06-14 23:42:10.712 [info] > git hash-object --stdin -w --path script.js [3ms]
2023-06-14 23:42:10.727 [info] > git show -s --format=%H%n%aN%n%aE%n%at%n%ct%n%P%n%D%n%B -z HEAD [2ms]
2023-06-14 23:42:10.737 [info] > git ls-tree -l HEAD -- script.js [1ms]
2023-06-14 23:42:10.754 [info] > git update-index  --cacheinfo 100644 d9666248a70f0b182746154682f535dc83f88030
 script.js [9ms]
2023-06-14 23:42:10.754 [info] Ignoring path 
2023-06-14 23:42:10.768 [info] > git config --get commit.template [1ms]
2023-06-14 23:42:10.780 [info] > git for-each-ref --format=%(refname)%00%(upstream:short)%00%(objectname)%00%(upstream:track)%00%(upstream:remotename)%00%(upstream:remoteref) refs/heads/main refs/remotes/main [2ms]
2023-06-14 23:42:10.792 [info] > git status -z -uall --find-renames=50% [2ms]
2023-06-14 23:42:10.833 [info] > git ls-files --stage -- /home/murkenne/coursework/block_22_workshop!/Unit2.PartyLogs.Starter/script.js [1ms]
2023-06-14 23:42:10.846 [info] > git cat-file -s d9666248a70f0b182746154682f535dc83f88030 [2ms]
2023-06-14 23:42:10.897 [info] > git show --textconv :script.js [5ms]
2023-06-14 23:42:11.893 [info] > git config --get commit.template [1ms]
2023-06-14 23:42:11.902 [info] > git for-each-ref --format=%(refname)%00%(upstream:short)%00%(objectname)%00%(upstream:track)%00%(upstream:remotename)%00%(upstream:remoteref) refs/heads/main refs/remotes/main [2ms]
2023-06-14 23:42:11.912 [info] > git status -z -uall --find-renames=50% [1ms]
2023-06-14 23:42:12.010 [info] > git ls-files --stage -- /home/murkenne/coursework/block_22_workshop!/Unit2.PartyLogs.Starter/script.js [3ms]
2023-06-14 23:42:12.020 [info] > git ls-files --stage -- /home/murkenne/coursework/block_22_workshop!/Unit2.PartyLogs.Starter/script.js [23ms]
2023-06-14 23:42:12.033 [info] > git cat-file -s d9666248a70f0b182746154682f535dc83f88030 [13ms]
2023-06-14 23:42:12.035 [info] > git cat-file -s d9666248a70f0b182746154682f535dc83f88030 [6ms]
2023-06-14 23:42:12.064 [info] > git show --textconv :script.js [11ms]
2023-06-14 23:42:12.066 [info] > git show --textconv :script.js [4ms]
2023-06-14 23:42:16.931 [info] > git config --get commit.template [1ms]
2023-06-14 23:42:16.942 [info] > git for-each-ref --format=%(refname)%00%(upstream:short)%00%(objectname)%00%(upstream:track)%00%(upstream:remotename)%00%(upstream:remoteref) refs/heads/main refs/remotes/main [3ms]
2023-06-14 23:42:16.953 [info] > git status -z -uall --find-renames=50% [2ms]
2023-06-14 23:42:20.132 [info] > git hash-object --stdin -w --path script.js [4ms]
2023-06-14 23:42:20.142 [info] > git show -s --format=%H%n%aN%n%aE%n%at%n%ct%n%P%n%D%n%B -z HEAD [2ms]
2023-06-14 23:42:20.152 [info] > git ls-tree -l HEAD -- script.js [1ms]
2023-06-14 23:42:20.169 [info] > git update-index  --cacheinfo 100644 8efb917a1828d4440be1728ff501a4dd792b08e4
 script.js [8ms]
2023-06-14 23:42:20.169 [info] Ignoring path 
2023-06-14 23:42:20.182 [info] > git config --get commit.template [3ms]
2023-06-14 23:42:20.193 [info] > git for-each-ref --format=%(refname)%00%(upstream:short)%00%(objectname)%00%(upstream:track)%00%(upstream:remotename)%00%(upstream:remoteref) refs/heads/main refs/remotes/main [2ms]
2023-06-14 23:42:20.215 [info] > git status -z -uall --find-renames=50% [1ms]
2023-06-14 23:42:20.289 [info] > git ls-files --stage -- /home/murkenne/coursework/block_22_workshop!/Unit2.PartyLogs.Starter/script.js [5ms]
2023-06-14 23:42:20.302 [info] > git cat-file -s 8efb917a1828d4440be1728ff501a4dd792b08e4 [3ms]
2023-06-14 23:42:20.320 [info] > git show --textconv :script.js [2ms]
2023-06-14 23:42:21.428 [info] > git ls-files --stage -- /home/murkenne/coursework/block_22_workshop!/Unit2.PartyLogs.Starter/script.js [11ms]
2023-06-14 23:42:21.438 [info] > git ls-files --stage -- /home/murkenne/coursework/block_22_workshop!/Unit2.PartyLogs.Starter/script.js [11ms]
2023-06-14 23:42:21.447 [info] > git cat-file -s 8efb917a1828d4440be1728ff501a4dd792b08e4 [10ms]
2023-06-14 23:42:21.449 [info] > git cat-file -s 8efb917a1828d4440be1728ff501a4dd792b08e4 [2ms]
2023-06-14 23:42:21.473 [info] > git show --textconv :script.js [11ms]
2023-06-14 23:42:21.475 [info] > git show --textconv :script.js [2ms]
2023-06-14 23:42:21.971 [info] > git config --get commit.template [1ms]
2023-06-14 23:42:21.981 [info] > git for-each-ref --format=%(refname)%00%(upstream:short)%00%(objectname)%00%(upstream:track)%00%(upstream:remotename)%00%(upstream:remoteref) refs/heads/main refs/remotes/main [1ms]
2023-06-14 23:42:21.992 [info] > git status -z -uall --find-renames=50% [2ms]
2023-06-14 23:42:27.009 [info] > git config --get commit.template [2ms]
2023-06-14 23:42:27.020 [info] > git for-each-ref --format=%(refname)%00%(upstream:short)%00%(objectname)%00%(upstream:track)%00%(upstream:remotename)%00%(upstream:remoteref) refs/heads/main refs/remotes/main [1ms]
2023-06-14 23:42:27.034 [info] > git status -z -uall --find-renames=50% [1ms]
2023-06-14 23:42:28.593 [info] > git hash-object --stdin -w --path script.js [4ms]
2023-06-14 23:42:28.602 [info] > git show -s --format=%H%n%aN%n%aE%n%at%n%ct%n%P%n%D%n%B -z HEAD [1ms]
2023-06-14 23:42:28.612 [info] > git ls-tree -l HEAD -- script.js [1ms]
2023-06-14 23:42:28.629 [info] > git update-index  --cacheinfo 100644 d94315e7a9f4f0dc8d4c27032569b773f67bff3b
 script.js [8ms]
2023-06-14 23:42:28.630 [info] Ignoring path 
2023-06-14 23:42:28.642 [info] > git config --get commit.template [1ms]
2023-06-14 23:42:28.657 [info] > git for-each-ref --format=%(refname)%00%(upstream:short)%00%(objectname)%00%(upstream:track)%00%(upstream:remotename)%00%(upstream:remoteref) refs/heads/main refs/remotes/main [2ms]
2023-06-14 23:42:28.669 [info] > git status -z -uall --find-renames=50% [1ms]
2023-06-14 23:42:28.730 [info] > git ls-files --stage -- /home/murkenne/coursework/block_22_workshop!/Unit2.PartyLogs.Starter/script.js [4ms]
2023-06-14 23:42:28.743 [info] > git cat-file -s d94315e7a9f4f0dc8d4c27032569b773f67bff3b [3ms]
2023-06-14 23:42:28.761 [info] > git show --textconv :script.js [2ms]
2023-06-14 23:42:29.871 [info] > git ls-files --stage -- /home/murkenne/coursework/block_22_workshop!/Unit2.PartyLogs.Starter/script.js [1ms]
2023-06-14 23:42:29.882 [info] > git ls-files --stage -- /home/murkenne/coursework/block_22_workshop!/Unit2.PartyLogs.Starter/script.js [21ms]
2023-06-14 23:42:29.892 [info] > git cat-file -s d94315e7a9f4f0dc8d4c27032569b773f67bff3b [11ms]
2023-06-14 23:42:29.893 [info] > git cat-file -s d94315e7a9f4f0dc8d4c27032569b773f67bff3b [3ms]
2023-06-14 23:42:29.922 [info] > git show --textconv :script.js [14ms]
2023-06-14 23:42:29.924 [info] > git show --textconv :script.js [2ms]
2023-06-14 23:42:32.051 [info] > git config --get commit.template [2ms]
2023-06-14 23:42:32.063 [info] > git for-each-ref --format=%(refname)%00%(upstream:short)%00%(objectname)%00%(upstream:track)%00%(upstream:remotename)%00%(upstream:remoteref) refs/heads/main refs/remotes/main [1ms]
2023-06-14 23:42:32.072 [info] > git status -z -uall --find-renames=50% [2ms]
2023-06-14 23:42:38.110 [info] > git config --get commit.template [5ms]
2023-06-14 23:42:38.124 [info] > git for-each-ref --format=%(refname)%00%(upstream:short)%00%(objectname)%00%(upstream:track)%00%(upstream:remotename)%00%(upstream:remoteref) refs/heads/main refs/remotes/main [3ms]
2023-06-14 23:42:38.135 [info] > git status -z -uall --find-renames=50% [2ms]
2023-06-14 23:43:57.230 [info] > git config --get commit.template [3ms]
2023-06-14 23:43:57.244 [info] > git for-each-ref --format=%(refname)%00%(upstream:short)%00%(objectname)%00%(upstream:track)%00%(upstream:remotename)%00%(upstream:remoteref) refs/heads/main refs/remotes/main [2ms]
2023-06-14 23:43:57.262 [info] > git status -z -uall --find-renames=50% [3ms]
2023-06-14 23:44:21.596 [info] > git config --get commit.template [19ms]
2023-06-14 23:44:21.597 [info] > git for-each-ref --format=%(refname)%00%(upstream:short)%00%(objectname)%00%(upstream:track)%00%(upstream:remotename)%00%(upstream:remoteref) refs/heads/main refs/remotes/main [4ms]
2023-06-14 23:44:21.617 [info] > git status -z -uall --find-renames=50% [3ms]
2023-06-14 23:44:45.000 [info] > git config --get commit.template [2ms]
2023-06-14 23:44:45.014 [info] > git for-each-ref --format=%(refname)%00%(upstream:short)%00%(objectname)%00%(upstream:track)%00%(upstream:remotename)%00%(upstream:remoteref) refs/heads/main refs/remotes/main [2ms]
2023-06-14 23:44:45.029 [info] > git status -z -uall --find-renames=50% [3ms]
2023-06-14 23:45:00.857 [info] > git config --get commit.template [2ms]
2023-06-14 23:45:00.871 [info] > git for-each-ref --format=%(refname)%00%(upstream:short)%00%(objectname)%00%(upstream:track)%00%(upstream:remotename)%00%(upstream:remoteref) refs/heads/main refs/remotes/main [2ms]
2023-06-14 23:45:00.885 [info] > git status -z -uall --find-renames=50% [2ms]
2023-06-14 23:49:58.169 [info] > git config --get commit.template [6ms]
2023-06-14 23:49:58.182 [info] > git for-each-ref --format=%(refname)%00%(upstream:short)%00%(objectname)%00%(upstream:track)%00%(upstream:remotename)%00%(upstream:remoteref) refs/heads/main refs/remotes/main [2ms]
2023-06-14 23:49:58.195 [info] > git status -z -uall --find-renames=50% [2ms]
2023-06-14 23:50:38.215 [info] > git ls-files --stage -- /home/murkenne/coursework/block_22_workshop!/Unit2.PartyLogs.Starter/style.css [2ms]
2023-06-14 23:50:38.244 [info] > git show --textconv :style.css [41ms]
2023-06-14 23:50:38.245 [info] > git cat-file -s 8b57ade5cef7cfa431651cb1d058d3883c9a2993 [20ms]
2023-06-14 23:52:18.572 [info] > git show --textconv :index.html [22ms]
2023-06-14 23:52:18.575 [info] > git ls-files --stage -- /home/murkenne/coursework/block_22_workshop!/Unit2.PartyLogs.Starter/index.html [9ms]
2023-06-14 23:52:18.589 [info] > git cat-file -s b96df21759e2a4acb48e1c01e784bb283a1d1766 [3ms]
2023-06-14 23:52:48.888 [info] > git config --get commit.template [3ms]
2023-06-14 23:52:48.903 [info] > git for-each-ref --format=%(refname)%00%(upstream:short)%00%(objectname)%00%(upstream:track)%00%(upstream:remotename)%00%(upstream:remoteref) refs/heads/main refs/remotes/main [2ms]
2023-06-14 23:52:48.919 [info] > git status -z -uall --find-renames=50% [2ms]
