2023-06-15 15:56:25.098 [info] Log level: Info
2023-06-15 15:56:25.098 [info] Validating found git in: "git"
2023-06-15 15:56:25.098 [info] Using git "2.34.1" from "git"
2023-06-15 15:56:25.098 [info] > git rev-parse --show-toplevel [18ms]
2023-06-15 15:56:25.098 [info] > git rev-parse --show-toplevel [2ms]
2023-06-15 15:56:25.098 [info] > git rev-parse --show-toplevel [1ms]
2023-06-15 15:56:25.098 [info] > git rev-parse --show-toplevel [11ms]
2023-06-15 15:56:25.101 [info] > git rev-parse --show-toplevel [15ms]
2023-06-15 16:03:40.802 [info] > git rev-parse --show-toplevel [2ms]
2023-06-15 16:03:40.814 [info] > git rev-parse --git-dir --git-common-dir [3ms]
2023-06-15 16:03:40.846 [info] Open repository: /home/murkenne
2023-06-15 16:03:40.889 [info] > git config --get commit.template [26ms]
2023-06-15 16:03:40.906 [info] > git for-each-ref --format=%(refname)%00%(upstream:short)%00%(objectname)%00%(upstream:track)%00%(upstream:remotename)%00%(upstream:remoteref) refs/heads/main refs/remotes/main [25ms]
2023-06-15 16:03:41.193 [info] > git show --textconv :Red-Key/src/App.jsx [12ms]
2023-06-15 16:03:41.197 [info] > git ls-files --stage -- /home/murkenne/Red-Key/src/App.jsx [6ms]
2023-06-15 16:03:41.210 [info] > git cat-file -s bb90a54bf39cddbfe69ac3adb6695ac0293ba462 [3ms]
2023-06-15 16:03:41.413 [info] > git check-ignore -v -z --stdin [11ms]
2023-06-15 16:03:41.838 [info] > git status -z -uall [916ms]
2023-06-15 16:03:42.661 [info] > git fetch [1816ms]
2023-06-15 16:03:42.689 [info] > git config --get commit.template [36ms]
2023-06-15 16:03:42.715 [info] > git config --get commit.template [25ms]
2023-06-15 16:03:42.733 [info] > git for-each-ref --format=%(refname)%00%(upstream:short)%00%(objectname)%00%(upstream:track)%00%(upstream:remotename)%00%(upstream:remoteref) refs/heads/main refs/remotes/main [24ms]
2023-06-15 16:03:42.740 [info] > git for-each-ref --format=%(refname)%00%(upstream:short)%00%(objectname)%00%(upstream:track)%00%(upstream:remotename)%00%(upstream:remoteref) refs/heads/main refs/remotes/main [10ms]
2023-06-15 16:03:42.891 [info] > git status -z -uall [136ms]
2023-06-15 16:03:43.576 [info] > git ls-files --stage -- /home/murkenne/Red-Key/src/App.jsx [9ms]
2023-06-15 16:03:43.596 [info] > git cat-file -s bb90a54bf39cddbfe69ac3adb6695ac0293ba462 [3ms]
2023-06-15 16:03:43.737 [info] > git show --textconv :Red-Key/src/App.jsx [4ms]
2023-06-15 16:03:43.777 [info] > git ls-files --stage -- /home/murkenne/Red-Key/src/App.jsx [5ms]
2023-06-15 16:03:43.785 [info] > git cat-file -s bb90a54bf39cddbfe69ac3adb6695ac0293ba462 [1ms]
2023-06-15 16:03:43.803 [info] > git show --textconv :Red-Key/src/App.jsx [5ms]
2023-06-15 16:03:46.769 [info] > git config --get commit.template [3ms]
2023-06-15 16:03:46.781 [info] > git for-each-ref --format=%(refname)%00%(upstream:short)%00%(objectname)%00%(upstream:track)%00%(upstream:remotename)%00%(upstream:remoteref) refs/heads/main refs/remotes/main [2ms]
2023-06-15 16:03:46.916 [info] > git status -z -uall [124ms]
2023-06-15 16:03:52.085 [info] > git config --get commit.template [1ms]
2023-06-15 16:03:52.100 [info] > git for-each-ref --format=%(refname)%00%(upstream:short)%00%(objectname)%00%(upstream:track)%00%(upstream:remotename)%00%(upstream:remoteref) refs/heads/main refs/remotes/main [2ms]
2023-06-15 16:03:52.251 [info] > git status -z -uall [141ms]
2023-06-15 16:03:53.561 [info] > git check-ignore -v -z --stdin [25ms]
2023-06-15 16:03:57.427 [info] > git config --get commit.template [3ms]
2023-06-15 16:03:57.442 [info] > git for-each-ref --format=%(refname)%00%(upstream:short)%00%(objectname)%00%(upstream:track)%00%(upstream:remotename)%00%(upstream:remoteref) refs/heads/main refs/remotes/main [4ms]
2023-06-15 16:03:57.573 [info] > git status -z -uall [120ms]
2023-06-15 16:04:06.558 [info] > git config --get commit.template [22ms]
2023-06-15 16:04:06.579 [info] > git for-each-ref --format=%(refname)%00%(upstream:short)%00%(objectname)%00%(upstream:track)%00%(upstream:remotename)%00%(upstream:remoteref) refs/heads/main refs/remotes/main [2ms]
2023-06-15 16:04:06.740 [info] > git status -z -uall [147ms]
2023-06-15 16:04:10.872 [info] > git add -A -- . [4317ms]
2023-06-15 16:04:12.288 [info] > git show --textconv :.git/COMMIT_EDITMSG [13ms]
2023-06-15 16:04:12.290 [info] > git ls-files --stage -- /home/murkenne/.git/COMMIT_EDITMSG [4ms]
2023-06-15 16:04:12.647 [info] > git check-ignore -v -z --stdin [7ms]
2023-06-15 16:04:13.284 [info] > git ls-files --stage -- /home/murkenne/Red-Key/src/App.jsx [17ms]
2023-06-15 16:04:13.296 [info] > git ls-files --stage -- /home/murkenne/.git/COMMIT_EDITMSG [14ms]
2023-06-15 16:04:13.298 [info] > git cat-file -s 0529452c5f639471e00c47d0eefe91d0753f6aa5 [3ms]
2023-06-15 16:04:13.330 [info] > git show --textconv :.git/COMMIT_EDITMSG [14ms]
2023-06-15 16:04:13.333 [info] > git show --textconv :Red-Key/src/App.jsx [5ms]
2023-06-15 16:05:14.504 [info] > git -c user.useConfigOnly=true commit --quiet [63621ms]
2023-06-15 16:05:14.505 [info] Aborting commit due to empty commit message.
2023-06-15 16:05:14.541 [info] > git config --get commit.template [20ms]
2023-06-15 16:05:14.544 [info] > git for-each-ref --format=%(refname)%00%(upstream:short)%00%(objectname)%00%(upstream:track)%00%(upstream:remotename)%00%(upstream:remoteref) refs/heads/main refs/remotes/main [8ms]
2023-06-15 16:05:15.391 [info] > git status -z -uall [835ms]
2023-06-15 16:05:15.817 [info] > git config --get commit.template [301ms]
2023-06-15 16:05:15.845 [info] > git for-each-ref --format=%(refname)%00%(upstream:short)%00%(objectname)%00%(upstream:track)%00%(upstream:remotename)%00%(upstream:remoteref) refs/heads/main refs/remotes/main [5ms]
2023-06-15 16:05:16.523 [info] > git ls-files --stage -- /home/murkenne/Red-Key/src/App.jsx [5ms]
2023-06-15 16:05:16.531 [info] > git cat-file -s 0529452c5f639471e00c47d0eefe91d0753f6aa5 [1ms]
2023-06-15 16:05:16.552 [info] > git show --textconv :Red-Key/src/App.jsx [4ms]
2023-06-15 16:05:16.657 [info] > git status -z -uall [797ms]
2023-06-15 16:05:17.097 [info] > git check-ignore -v -z --stdin [29ms]
2023-06-15 16:05:17.772 [info] > git check-ignore -v -z --stdin [9ms]
2023-06-15 16:05:21.726 [info] > git config --get commit.template [2ms]
2023-06-15 16:05:21.738 [info] > git for-each-ref --format=%(refname)%00%(upstream:short)%00%(objectname)%00%(upstream:track)%00%(upstream:remotename)%00%(upstream:remoteref) refs/heads/main refs/remotes/main [3ms]
2023-06-15 16:05:22.581 [info] > git status -z -uall [833ms]
2023-06-15 16:05:27.660 [info] > git config --get commit.template [2ms]
2023-06-15 16:05:27.674 [info] > git for-each-ref --format=%(refname)%00%(upstream:short)%00%(objectname)%00%(upstream:track)%00%(upstream:remotename)%00%(upstream:remoteref) refs/heads/main refs/remotes/main [2ms]
2023-06-15 16:05:28.491 [info] > git status -z -uall [807ms]
2023-06-15 16:05:33.564 [info] > git config --get commit.template [4ms]
2023-06-15 16:05:33.578 [info] > git for-each-ref --format=%(refname)%00%(upstream:short)%00%(objectname)%00%(upstream:track)%00%(upstream:remotename)%00%(upstream:remoteref) refs/heads/main refs/remotes/main [3ms]
2023-06-15 16:05:34.396 [info] > git status -z -uall [806ms]
2023-06-15 16:05:39.487 [info] > git config --get commit.template [13ms]
2023-06-15 16:05:39.489 [info] > git for-each-ref --format=%(refname)%00%(upstream:short)%00%(objectname)%00%(upstream:track)%00%(upstream:remotename)%00%(upstream:remoteref) refs/heads/main refs/remotes/main [3ms]
2023-06-15 16:05:40.288 [info] > git status -z -uall [789ms]
2023-06-15 16:05:45.364 [info] > git config --get commit.template [2ms]
2023-06-15 16:05:45.381 [info] > git for-each-ref --format=%(refname)%00%(upstream:short)%00%(objectname)%00%(upstream:track)%00%(upstream:remotename)%00%(upstream:remoteref) refs/heads/main refs/remotes/main [2ms]
2023-06-15 16:05:46.190 [info] > git status -z -uall [799ms]
2023-06-15 16:05:51.281 [info] > git config --get commit.template [13ms]
2023-06-15 16:05:51.283 [info] > git for-each-ref --format=%(refname)%00%(upstream:short)%00%(objectname)%00%(upstream:track)%00%(upstream:remotename)%00%(upstream:remoteref) refs/heads/main refs/remotes/main [3ms]
2023-06-15 16:05:52.133 [info] > git status -z -uall [802ms]
2023-06-15 16:05:57.199 [info] > git config --get commit.template [2ms]
2023-06-15 16:05:57.214 [info] > git for-each-ref --format=%(refname)%00%(upstream:short)%00%(objectname)%00%(upstream:track)%00%(upstream:remotename)%00%(upstream:remoteref) refs/heads/main refs/remotes/main [3ms]
2023-06-15 16:05:58.020 [info] > git status -z -uall [794ms]
2023-06-15 16:06:03.086 [info] > git config --get commit.template [3ms]
2023-06-15 16:06:03.099 [info] > git for-each-ref --format=%(refname)%00%(upstream:short)%00%(objectname)%00%(upstream:track)%00%(upstream:remotename)%00%(upstream:remoteref) refs/heads/main refs/remotes/main [1ms]
2023-06-15 16:06:03.894 [info] > git status -z -uall [785ms]
2023-06-15 16:06:08.959 [info] > git config --get commit.template [2ms]
2023-06-15 16:06:08.974 [info] > git for-each-ref --format=%(refname)%00%(upstream:short)%00%(objectname)%00%(upstream:track)%00%(upstream:remotename)%00%(upstream:remoteref) refs/heads/main refs/remotes/main [3ms]
2023-06-15 16:06:09.772 [info] > git status -z -uall [788ms]
2023-06-15 16:10:44.193 [info] > git config --get commit.template [3ms]
2023-06-15 16:10:44.211 [info] > git for-each-ref --format=%(refname)%00%(upstream:short)%00%(objectname)%00%(upstream:track)%00%(upstream:remotename)%00%(upstream:remoteref) refs/heads/main refs/remotes/main [2ms]
2023-06-15 16:10:45.050 [info] > git status -z -uall [832ms]
2023-06-15 16:10:45.442 [info] > git fetch [1269ms]
2023-06-15 16:10:45.468 [info] > git config --get commit.template [4ms]
2023-06-15 16:10:45.491 [info] > git for-each-ref --format=%(refname)%00%(upstream:short)%00%(objectname)%00%(upstream:track)%00%(upstream:remotename)%00%(upstream:remoteref) refs/heads/main refs/remotes/main [6ms]
2023-06-15 16:10:46.286 [info] > git status -z -uall [780ms]
2023-06-15 16:10:46.836 [info] > git ls-files --stage -- /home/murkenne/Red-Key/src/App.jsx [4ms]
2023-06-15 16:10:46.845 [info] > git cat-file -s 0529452c5f639471e00c47d0eefe91d0753f6aa5 [2ms]
2023-06-15 16:10:46.863 [info] > git show --textconv :Red-Key/src/App.jsx [4ms]
2023-06-15 16:10:50.155 [info] > git config --get commit.template [3ms]
2023-06-15 16:10:50.172 [info] > git for-each-ref --format=%(refname)%00%(upstream:short)%00%(objectname)%00%(upstream:track)%00%(upstream:remotename)%00%(upstream:remoteref) refs/heads/main refs/remotes/main [4ms]
2023-06-15 16:10:51.051 [info] > git status -z -uall [865ms]
2023-06-15 16:11:16.387 [info] > git config --get commit.template [29ms]
2023-06-15 16:11:16.389 [info] > git for-each-ref --format=%(refname)%00%(upstream:short)%00%(objectname)%00%(upstream:track)%00%(upstream:remotename)%00%(upstream:remoteref) refs/heads/main refs/remotes/main [7ms]
2023-06-15 16:11:17.294 [info] > git status -z -uall [885ms]
2023-06-15 16:11:22.401 [info] > git config --get commit.template [12ms]
2023-06-15 16:11:22.403 [info] > git for-each-ref --format=%(refname)%00%(upstream:short)%00%(objectname)%00%(upstream:track)%00%(upstream:remotename)%00%(upstream:remoteref) refs/heads/main refs/remotes/main [3ms]
2023-06-15 16:11:23.246 [info] > git status -z -uall [796ms]
2023-06-15 16:11:28.358 [info] > git config --get commit.template [2ms]
2023-06-15 16:11:28.374 [info] > git for-each-ref --format=%(refname)%00%(upstream:short)%00%(objectname)%00%(upstream:track)%00%(upstream:remotename)%00%(upstream:remoteref) refs/heads/main refs/remotes/main [3ms]
2023-06-15 16:11:29.212 [info] > git status -z -uall [827ms]
2023-06-15 16:11:34.277 [info] > git config --get commit.template [2ms]
2023-06-15 16:11:34.293 [info] > git for-each-ref --format=%(refname)%00%(upstream:short)%00%(objectname)%00%(upstream:track)%00%(upstream:remotename)%00%(upstream:remoteref) refs/heads/main refs/remotes/main [3ms]
2023-06-15 16:11:35.102 [info] > git status -z -uall [797ms]
2023-06-15 16:11:40.210 [info] > git config --get commit.template [2ms]
2023-06-15 16:11:40.227 [info] > git for-each-ref --format=%(refname)%00%(upstream:short)%00%(objectname)%00%(upstream:track)%00%(upstream:remotename)%00%(upstream:remoteref) refs/heads/main refs/remotes/main [2ms]
2023-06-15 16:11:41.074 [info] > git status -z -uall [836ms]
2023-06-15 16:11:46.151 [info] > git config --get commit.template [14ms]
2023-06-15 16:11:46.152 [info] > git for-each-ref --format=%(refname)%00%(upstream:short)%00%(objectname)%00%(upstream:track)%00%(upstream:remotename)%00%(upstream:remoteref) refs/heads/main refs/remotes/main [3ms]
2023-06-15 16:11:46.986 [info] > git status -z -uall [824ms]
2023-06-15 16:11:52.064 [info] > git config --get commit.template [2ms]
2023-06-15 16:11:52.082 [info] > git for-each-ref --format=%(refname)%00%(upstream:short)%00%(objectname)%00%(upstream:track)%00%(upstream:remotename)%00%(upstream:remoteref) refs/heads/main refs/remotes/main [3ms]
2023-06-15 16:11:52.938 [info] > git status -z -uall [844ms]
2023-06-15 16:11:58.012 [info] > git config --get commit.template [1ms]
2023-06-15 16:11:58.027 [info] > git for-each-ref --format=%(refname)%00%(upstream:short)%00%(objectname)%00%(upstream:track)%00%(upstream:remotename)%00%(upstream:remoteref) refs/heads/main refs/remotes/main [2ms]
2023-06-15 16:11:58.875 [info] > git status -z -uall [835ms]
2023-06-15 16:12:03.948 [info] > git config --get commit.template [2ms]
2023-06-15 16:12:03.963 [info] > git for-each-ref --format=%(refname)%00%(upstream:short)%00%(objectname)%00%(upstream:track)%00%(upstream:remotename)%00%(upstream:remoteref) refs/heads/main refs/remotes/main [2ms]
2023-06-15 16:12:04.814 [info] > git status -z -uall [838ms]
2023-06-15 16:12:09.892 [info] > git config --get commit.template [1ms]
2023-06-15 16:12:09.909 [info] > git for-each-ref --format=%(refname)%00%(upstream:short)%00%(objectname)%00%(upstream:track)%00%(upstream:remotename)%00%(upstream:remoteref) refs/heads/main refs/remotes/main [4ms]
2023-06-15 16:12:10.738 [info] > git status -z -uall [817ms]
2023-06-15 16:12:15.843 [info] > git config --get commit.template [15ms]
2023-06-15 16:12:15.844 [info] > git for-each-ref --format=%(refname)%00%(upstream:short)%00%(objectname)%00%(upstream:track)%00%(upstream:remotename)%00%(upstream:remoteref) refs/heads/main refs/remotes/main [2ms]
2023-06-15 16:12:16.648 [info] > git status -z -uall [793ms]
2023-06-15 16:12:21.712 [info] > git config --get commit.template [1ms]
2023-06-15 16:12:21.730 [info] > git for-each-ref --format=%(refname)%00%(upstream:short)%00%(objectname)%00%(upstream:track)%00%(upstream:remotename)%00%(upstream:remoteref) refs/heads/main refs/remotes/main [3ms]
2023-06-15 16:12:22.575 [info] > git status -z -uall [833ms]
2023-06-15 16:12:27.650 [info] > git config --get commit.template [2ms]
2023-06-15 16:12:27.664 [info] > git for-each-ref --format=%(refname)%00%(upstream:short)%00%(objectname)%00%(upstream:track)%00%(upstream:remotename)%00%(upstream:remoteref) refs/heads/main refs/remotes/main [2ms]
2023-06-15 16:12:28.496 [info] > git status -z -uall [822ms]
2023-06-15 16:12:33.585 [info] > git config --get commit.template [2ms]
2023-06-15 16:12:33.602 [info] > git for-each-ref --format=%(refname)%00%(upstream:short)%00%(objectname)%00%(upstream:track)%00%(upstream:remotename)%00%(upstream:remoteref) refs/heads/main refs/remotes/main [2ms]
2023-06-15 16:12:34.434 [info] > git status -z -uall [820ms]
2023-06-15 16:12:39.530 [info] > git config --get commit.template [2ms]
2023-06-15 16:12:39.549 [info] > git for-each-ref --format=%(refname)%00%(upstream:short)%00%(objectname)%00%(upstream:track)%00%(upstream:remotename)%00%(upstream:remoteref) refs/heads/main refs/remotes/main [4ms]
2023-06-15 16:12:40.367 [info] > git status -z -uall [804ms]
2023-06-15 16:12:45.484 [info] > git config --get commit.template [5ms]
2023-06-15 16:12:45.502 [info] > git for-each-ref --format=%(refname)%00%(upstream:short)%00%(objectname)%00%(upstream:track)%00%(upstream:remotename)%00%(upstream:remoteref) refs/heads/main refs/remotes/main [2ms]
2023-06-15 16:12:46.329 [info] > git status -z -uall [815ms]
2023-06-15 16:12:51.396 [info] > git config --get commit.template [2ms]
2023-06-15 16:12:51.413 [info] > git for-each-ref --format=%(refname)%00%(upstream:short)%00%(objectname)%00%(upstream:track)%00%(upstream:remotename)%00%(upstream:remoteref) refs/heads/main refs/remotes/main [1ms]
2023-06-15 16:12:52.324 [info] > git status -z -uall [899ms]
2023-06-15 16:12:57.397 [info] > git config --get commit.template [2ms]
2023-06-15 16:12:57.413 [info] > git for-each-ref --format=%(refname)%00%(upstream:short)%00%(objectname)%00%(upstream:track)%00%(upstream:remotename)%00%(upstream:remoteref) refs/heads/main refs/remotes/main [3ms]
2023-06-15 16:12:58.228 [info] > git status -z -uall [803ms]
2023-06-15 16:13:03.338 [info] > git config --get commit.template [3ms]
2023-06-15 16:13:03.354 [info] > git for-each-ref --format=%(refname)%00%(upstream:short)%00%(objectname)%00%(upstream:track)%00%(upstream:remotename)%00%(upstream:remoteref) refs/heads/main refs/remotes/main [2ms]
2023-06-15 16:13:04.228 [info] > git status -z -uall [862ms]
2023-06-15 16:13:09.299 [info] > git config --get commit.template [2ms]
2023-06-15 16:13:09.315 [info] > git for-each-ref --format=%(refname)%00%(upstream:short)%00%(objectname)%00%(upstream:track)%00%(upstream:remotename)%00%(upstream:remoteref) refs/heads/main refs/remotes/main [3ms]
2023-06-15 16:13:10.260 [info] > git status -z -uall [933ms]
2023-06-15 16:13:15.359 [info] > git config --get commit.template [6ms]
2023-06-15 16:13:15.376 [info] > git for-each-ref --format=%(refname)%00%(upstream:short)%00%(objectname)%00%(upstream:track)%00%(upstream:remotename)%00%(upstream:remoteref) refs/heads/main refs/remotes/main [3ms]
2023-06-15 16:13:16.187 [info] > git status -z -uall [775ms]
2023-06-15 16:13:17.765 [info] > git show --textconv :.git/COMMIT_EDITMSG [10ms]
2023-06-15 16:13:17.767 [info] > git ls-files --stage -- /home/murkenne/.git/COMMIT_EDITMSG [4ms]
2023-06-15 16:13:18.583 [info] > git ls-files --stage -- /home/murkenne/Red-Key/src/App.jsx [16ms]
2023-06-15 16:13:18.597 [info] > git ls-files --stage -- /home/murkenne/.git/COMMIT_EDITMSG [17ms]
2023-06-15 16:13:18.599 [info] > git cat-file -s 0529452c5f639471e00c47d0eefe91d0753f6aa5 [3ms]
2023-06-15 16:13:18.638 [info] > git show --textconv :.git/COMMIT_EDITMSG [15ms]
2023-06-15 16:13:18.641 [info] > git show --textconv :Red-Key/src/App.jsx [7ms]
2023-06-15 16:14:16.364 [info] > git -c user.useConfigOnly=true commit --quiet [59830ms]
2023-06-15 16:14:16.364 [info] Aborting commit due to empty commit message.
2023-06-15 16:14:16.382 [info] > git config --get commit.template [3ms]
2023-06-15 16:14:16.400 [info] > git for-each-ref --format=%(refname)%00%(upstream:short)%00%(objectname)%00%(upstream:track)%00%(upstream:remotename)%00%(upstream:remoteref) refs/heads/main refs/remotes/main [4ms]
2023-06-15 16:14:17.270 [info] > git status -z -uall [854ms]
2023-06-15 16:14:17.378 [info] > git config --get commit.template [3ms]
2023-06-15 16:14:17.393 [info] > git for-each-ref --format=%(refname)%00%(upstream:short)%00%(objectname)%00%(upstream:track)%00%(upstream:remotename)%00%(upstream:remoteref) refs/heads/main refs/remotes/main [2ms]
2023-06-15 16:14:18.009 [info] > git ls-files --stage -- /home/murkenne/Red-Key/src/App.jsx [4ms]
2023-06-15 16:14:18.018 [info] > git cat-file -s 0529452c5f639471e00c47d0eefe91d0753f6aa5 [1ms]
2023-06-15 16:14:18.046 [info] > git show --textconv :Red-Key/src/App.jsx [4ms]
2023-06-15 16:14:18.282 [info] > git status -z -uall [870ms]
2023-06-15 16:14:18.841 [info] > git fetch [1481ms]
2023-06-15 16:14:18.851 [info] > git config --get commit.template [1ms]
2023-06-15 16:14:18.861 [info] > git for-each-ref --format=%(refname)%00%(upstream:short)%00%(objectname)%00%(upstream:track)%00%(upstream:remotename)%00%(upstream:remoteref) refs/heads/main refs/remotes/main [2ms]
2023-06-15 16:14:19.592 [info] > git status -z -uall [724ms]
2023-06-15 16:14:20.059 [info] > git ls-files --stage -- /home/murkenne/Red-Key/src/App.jsx [3ms]
2023-06-15 16:14:20.067 [info] > git cat-file -s 0529452c5f639471e00c47d0eefe91d0753f6aa5 [1ms]
2023-06-15 16:14:20.090 [info] > git show --textconv :Red-Key/src/App.jsx [5ms]
2023-06-15 16:14:23.349 [info] > git config --get commit.template [3ms]
2023-06-15 16:14:23.364 [info] > git for-each-ref --format=%(refname)%00%(upstream:short)%00%(objectname)%00%(upstream:track)%00%(upstream:remotename)%00%(upstream:remoteref) refs/heads/main refs/remotes/main [2ms]
2023-06-15 16:14:24.200 [info] > git status -z -uall [822ms]
2023-06-15 16:14:25.468 [info] > git config --get commit.template [2ms]
2023-06-15 16:14:25.482 [info] > git for-each-ref --format=%(refname)%00%(upstream:short)%00%(objectname)%00%(upstream:track)%00%(upstream:remotename)%00%(upstream:remoteref) refs/heads/main refs/remotes/main [2ms]
2023-06-15 16:14:26.322 [info] > git status -z -uall [828ms]
2023-06-15 16:14:28.484 [info] > git show --textconv :.git/COMMIT_EDITMSG [10ms]
2023-06-15 16:14:28.489 [info] > git ls-files --stage -- /home/murkenne/.git/COMMIT_EDITMSG [6ms]
2023-06-15 16:14:29.296 [info] > git ls-files --stage -- /home/murkenne/Red-Key/src/App.jsx [21ms]
2023-06-15 16:14:29.315 [info] > git ls-files --stage -- /home/murkenne/.git/COMMIT_EDITMSG [26ms]
2023-06-15 16:14:29.317 [info] > git cat-file -s 0529452c5f639471e00c47d0eefe91d0753f6aa5 [4ms]
2023-06-15 16:14:29.372 [info] > git show --textconv :.git/COMMIT_EDITMSG [22ms]
2023-06-15 16:14:29.376 [info] > git show --textconv :Red-Key/src/App.jsx [9ms]
2023-06-15 16:14:59.865 [info] > git -c user.useConfigOnly=true commit --quiet [32738ms]
2023-06-15 16:14:59.890 [info] > git config --get commit.template [4ms]
2023-06-15 16:14:59.907 [info] > git for-each-ref --format=%(refname)%00%(upstream:short)%00%(objectname)%00%(upstream:track)%00%(upstream:remotename)%00%(upstream:remoteref) refs/heads/main refs/remotes/main [3ms]
2023-06-15 16:15:00.023 [info] > git status -z -uall [104ms]
2023-06-15 16:15:00.079 [info] > git config --get commit.template [3ms]
2023-06-15 16:15:00.099 [info] > git for-each-ref --format=%(refname)%00%(upstream:short)%00%(objectname)%00%(upstream:track)%00%(upstream:remotename)%00%(upstream:remoteref) refs/heads/main refs/remotes/main [3ms]
2023-06-15 16:15:00.203 [info] > git status -z -uall [91ms]
2023-06-15 16:15:00.273 [info] > git config --get commit.template [15ms]
2023-06-15 16:15:00.274 [info] > git for-each-ref --format=%(refname)%00%(upstream:short)%00%(objectname)%00%(upstream:track)%00%(upstream:remotename)%00%(upstream:remoteref) refs/heads/main refs/remotes/main [4ms]
2023-06-15 16:15:00.375 [info] > git status -z -uall [90ms]
2023-06-15 16:15:01.230 [info] > git ls-files --stage -- /home/murkenne/Red-Key/src/App.jsx [10ms]
2023-06-15 16:15:01.243 [info] > git cat-file -s 0529452c5f639471e00c47d0eefe91d0753f6aa5 [1ms]
2023-06-15 16:15:01.266 [info] > git show --textconv :Red-Key/src/App.jsx [4ms]
2023-06-15 16:15:05.225 [info] > git config --get commit.template [2ms]
2023-06-15 16:15:05.241 [info] > git for-each-ref --format=%(refname)%00%(upstream:short)%00%(objectname)%00%(upstream:track)%00%(upstream:remotename)%00%(upstream:remoteref) refs/heads/main refs/remotes/main [3ms]
2023-06-15 16:15:05.353 [info] > git status -z -uall [95ms]
2023-06-15 16:15:10.377 [info] > git config --get commit.template [1ms]
2023-06-15 16:15:10.393 [info] > git for-each-ref --format=%(refname)%00%(upstream:short)%00%(objectname)%00%(upstream:track)%00%(upstream:remotename)%00%(upstream:remoteref) refs/heads/main refs/remotes/main [3ms]
2023-06-15 16:15:10.493 [info] > git status -z -uall [88ms]
2023-06-15 16:15:15.513 [info] > git config --get commit.template [2ms]
2023-06-15 16:15:15.530 [info] > git for-each-ref --format=%(refname)%00%(upstream:short)%00%(objectname)%00%(upstream:track)%00%(upstream:remotename)%00%(upstream:remoteref) refs/heads/main refs/remotes/main [3ms]
2023-06-15 16:15:15.662 [info] > git status -z -uall [116ms]
2023-06-15 16:16:32.691 [info] > git config --get commit.template [14ms]
2023-06-15 16:16:32.693 [info] > git for-each-ref --format=%(refname)%00%(upstream:short)%00%(objectname)%00%(upstream:track)%00%(upstream:remotename)%00%(upstream:remoteref) refs/heads/main refs/remotes/main [3ms]
2023-06-15 16:16:32.792 [info] > git status -z -uall [90ms]
2023-06-15 16:16:37.820 [info] > git config --get commit.template [12ms]
2023-06-15 16:16:37.821 [info] > git for-each-ref --format=%(refname)%00%(upstream:short)%00%(objectname)%00%(upstream:track)%00%(upstream:remotename)%00%(upstream:remoteref) refs/heads/main refs/remotes/main [3ms]
2023-06-15 16:16:37.934 [info] > git status -z -uall [103ms]
2023-06-15 16:16:42.954 [info] > git config --get commit.template [3ms]
2023-06-15 16:16:42.966 [info] > git for-each-ref --format=%(refname)%00%(upstream:short)%00%(objectname)%00%(upstream:track)%00%(upstream:remotename)%00%(upstream:remoteref) refs/heads/main refs/remotes/main [2ms]
2023-06-15 16:16:43.070 [info] > git status -z -uall [95ms]
2023-06-15 16:16:48.085 [info] > git config --get commit.template [1ms]
2023-06-15 16:16:48.099 [info] > git for-each-ref --format=%(refname)%00%(upstream:short)%00%(objectname)%00%(upstream:track)%00%(upstream:remotename)%00%(upstream:remoteref) refs/heads/main refs/remotes/main [1ms]
2023-06-15 16:16:48.216 [info] > git status -z -uall [107ms]
2023-06-15 16:16:53.232 [info] > git config --get commit.template [2ms]
2023-06-15 16:16:53.244 [info] > git for-each-ref --format=%(refname)%00%(upstream:short)%00%(objectname)%00%(upstream:track)%00%(upstream:remotename)%00%(upstream:remoteref) refs/heads/main refs/remotes/main [1ms]
2023-06-15 16:16:53.344 [info] > git status -z -uall [92ms]
2023-06-15 16:20:58.166 [info] > git config --get commit.template [4ms]
2023-06-15 16:20:58.177 [info] > git for-each-ref --format=%(refname)%00%(upstream:short)%00%(objectname)%00%(upstream:track)%00%(upstream:remotename)%00%(upstream:remoteref) refs/heads/main refs/remotes/main [2ms]
2023-06-15 16:20:58.279 [info] > git status -z -uall [94ms]
2023-06-15 16:20:59.365 [info] > git ls-files --stage -- /home/murkenne/Red-Key/src/App.jsx [6ms]
2023-06-15 16:20:59.376 [info] > git cat-file -s 0529452c5f639471e00c47d0eefe91d0753f6aa5 [2ms]
2023-06-15 16:20:59.401 [info] > git fetch [1254ms]
2023-06-15 16:20:59.413 [info] > git show --textconv :Red-Key/src/App.jsx [17ms]
2023-06-15 16:20:59.415 [info] > git config --get commit.template [3ms]
2023-06-15 16:20:59.428 [info] > git for-each-ref --format=%(refname)%00%(upstream:short)%00%(objectname)%00%(upstream:track)%00%(upstream:remotename)%00%(upstream:remoteref) refs/heads/main refs/remotes/main [2ms]
2023-06-15 16:20:59.527 [info] > git status -z -uall [91ms]
2023-06-15 16:21:00.526 [info] > git ls-files --stage -- /home/murkenne/Red-Key/src/App.jsx [7ms]
2023-06-15 16:21:00.536 [info] > git cat-file -s 0529452c5f639471e00c47d0eefe91d0753f6aa5 [2ms]
2023-06-15 16:21:00.581 [info] > git show --textconv :Red-Key/src/App.jsx [9ms]
2023-06-15 16:23:24.853 [info] > git config --get commit.template [3ms]
2023-06-15 16:23:24.871 [info] > git for-each-ref --format=%(refname)%00%(upstream:short)%00%(objectname)%00%(upstream:track)%00%(upstream:remotename)%00%(upstream:remoteref) refs/heads/main refs/remotes/main [3ms]
2023-06-15 16:23:24.973 [info] > git status -z -uall [91ms]
2023-06-15 16:23:29.995 [info] > git config --get commit.template [5ms]
2023-06-15 16:23:30.006 [info] > git for-each-ref --format=%(refname)%00%(upstream:short)%00%(objectname)%00%(upstream:track)%00%(upstream:remotename)%00%(upstream:remoteref) refs/heads/main refs/remotes/main [2ms]
2023-06-15 16:23:30.113 [info] > git status -z -uall [97ms]
2023-06-15 16:23:35.140 [info] > git config --get commit.template [11ms]
2023-06-15 16:23:35.142 [info] > git for-each-ref --format=%(refname)%00%(upstream:short)%00%(objectname)%00%(upstream:track)%00%(upstream:remotename)%00%(upstream:remoteref) refs/heads/main refs/remotes/main [2ms]
2023-06-15 16:23:35.243 [info] > git status -z -uall [92ms]
2023-06-15 16:23:36.477 [info] > git check-ignore -v -z --stdin [8ms]
2023-06-15 16:23:40.272 [info] > git config --get commit.template [12ms]
2023-06-15 16:23:40.273 [info] > git for-each-ref --format=%(refname)%00%(upstream:short)%00%(objectname)%00%(upstream:track)%00%(upstream:remotename)%00%(upstream:remoteref) refs/heads/main refs/remotes/main [1ms]
2023-06-15 16:23:40.375 [info] > git status -z -uall [93ms]
2023-06-15 16:23:41.376 [info] > git show --textconv HEAD:coursework [16ms]
2023-06-15 16:23:41.380 [info] > git ls-tree -l HEAD -- /home/murkenne/coursework [5ms]
2023-06-15 16:23:45.394 [info] > git config --get commit.template [2ms]
2023-06-15 16:23:45.405 [info] > git for-each-ref --format=%(refname)%00%(upstream:short)%00%(objectname)%00%(upstream:track)%00%(upstream:remotename)%00%(upstream:remoteref) refs/heads/main refs/remotes/main [2ms]
2023-06-15 16:23:45.523 [info] > git status -z -uall [108ms]
2023-06-15 16:23:50.546 [info] > git config --get commit.template [2ms]
2023-06-15 16:23:50.562 [info] > git for-each-ref --format=%(refname)%00%(upstream:short)%00%(objectname)%00%(upstream:track)%00%(upstream:remotename)%00%(upstream:remoteref) refs/heads/main refs/remotes/main [5ms]
2023-06-15 16:23:50.677 [info] > git status -z -uall [104ms]
2023-06-15 16:23:55.704 [info] > git config --get commit.template [12ms]
2023-06-15 16:23:55.705 [info] > git for-each-ref --format=%(refname)%00%(upstream:short)%00%(objectname)%00%(upstream:track)%00%(upstream:remotename)%00%(upstream:remoteref) refs/heads/main refs/remotes/main [3ms]
2023-06-15 16:23:55.806 [info] > git status -z -uall [89ms]
2023-06-15 16:23:57.796 [info] > git show --textconv HEAD:coursework [13ms]
2023-06-15 16:23:57.799 [info] > git ls-tree -l HEAD -- /home/murkenne/coursework [4ms]
2023-06-15 16:24:01.585 [info] > git show --textconv HEAD:coursework [21ms]
2023-06-15 16:24:01.586 [info] > git ls-tree -l HEAD -- /home/murkenne/coursework [2ms]
2023-06-15 16:24:01.587 [info] > git ls-files --stage -- /home/murkenne/Red-Key/src/App.jsx [13ms]
2023-06-15 16:24:01.599 [info] > git cat-file -s 0529452c5f639471e00c47d0eefe91d0753f6aa5 [3ms]
2023-06-15 16:24:01.659 [info] > git fetch [1300ms]
2023-06-15 16:24:01.671 [info] > git show --textconv :Red-Key/src/App.jsx [15ms]
2023-06-15 16:24:01.673 [info] > git config --get commit.template [4ms]
2023-06-15 16:24:01.685 [info] > git for-each-ref --format=%(refname)%00%(upstream:short)%00%(objectname)%00%(upstream:track)%00%(upstream:remotename)%00%(upstream:remoteref) refs/heads/main refs/remotes/main [1ms]
2023-06-15 16:24:01.775 [info] > git status -z -uall [83ms]
2023-06-15 16:24:01.794 [info] > git config --get commit.template [2ms]
2023-06-15 16:24:01.808 [info] > git for-each-ref --format=%(refname)%00%(upstream:short)%00%(objectname)%00%(upstream:track)%00%(upstream:remotename)%00%(upstream:remoteref) refs/heads/main refs/remotes/main [2ms]
2023-06-15 16:24:01.920 [info] > git status -z -uall [102ms]
2023-06-15 16:24:02.871 [info] > git show --textconv HEAD:coursework [21ms]
2023-06-15 16:24:02.872 [info] > git ls-files --stage -- /home/murkenne/Red-Key/src/App.jsx [10ms]
2023-06-15 16:24:02.884 [info] > git cat-file -s 0529452c5f639471e00c47d0eefe91d0753f6aa5 [3ms]
2023-06-15 16:24:02.884 [info] > git ls-tree -l HEAD -- /home/murkenne/coursework [14ms]
2023-06-15 16:24:02.907 [info] > git show --textconv :Red-Key/src/App.jsx [6ms]
2023-06-15 16:24:06.337 [info] > git show --textconv :Red-Key/index.html [18ms]
2023-06-15 16:24:06.340 [info] > git ls-files --stage -- /home/murkenne/Red-Key/index.html [8ms]
2023-06-15 16:24:06.354 [info] > git cat-file -s 7b866946ae0b9315378139e549584be95deddfe8 [3ms]
2023-06-15 16:24:08.552 [info] > git config --get commit.template [2ms]
2023-06-15 16:24:08.567 [info] > git for-each-ref --format=%(refname)%00%(upstream:short)%00%(objectname)%00%(upstream:track)%00%(upstream:remotename)%00%(upstream:remoteref) refs/heads/main refs/remotes/main [2ms]
2023-06-15 16:24:08.665 [info] > git status -z -uall [88ms]
2023-06-15 16:24:09.310 [info] > git check-ignore -v -z --stdin [6ms]
2023-06-15 16:24:13.681 [info] > git config --get commit.template [1ms]
2023-06-15 16:24:13.692 [info] > git for-each-ref --format=%(refname)%00%(upstream:short)%00%(objectname)%00%(upstream:track)%00%(upstream:remotename)%00%(upstream:remoteref) refs/heads/main refs/remotes/main [2ms]
2023-06-15 16:24:13.795 [info] > git status -z -uall [92ms]
2023-06-15 16:24:18.812 [info] > git config --get commit.template [3ms]
2023-06-15 16:24:18.823 [info] > git for-each-ref --format=%(refname)%00%(upstream:short)%00%(objectname)%00%(upstream:track)%00%(upstream:remotename)%00%(upstream:remoteref) refs/heads/main refs/remotes/main [2ms]
2023-06-15 16:24:18.928 [info] > git status -z -uall [94ms]
2023-06-15 16:24:37.915 [info] > git config --get commit.template [2ms]
2023-06-15 16:24:37.932 [info] > git for-each-ref --format=%(refname)%00%(upstream:short)%00%(objectname)%00%(upstream:track)%00%(upstream:remotename)%00%(upstream:remoteref) refs/heads/main refs/remotes/main [5ms]
2023-06-15 16:24:38.032 [info] > git status -z -uall [89ms]
