2023-06-15 19:30:56.433 [info] Log level: Info
2023-06-15 19:30:56.434 [info] Validating found git in: "git"
2023-06-15 19:30:56.434 [info] Using git "2.34.1" from "git"
2023-06-15 19:30:56.434 [info] > git rev-parse --show-toplevel [8ms]
2023-06-15 19:30:56.434 [info] > git rev-parse --git-dir --git-common-dir [3ms]
2023-06-15 19:30:56.434 [info] Open repository: /home/murkenne
2023-06-15 19:30:56.434 [info] > git rev-parse --show-toplevel [25ms]
2023-06-15 19:30:56.434 [info] > git rev-parse --show-toplevel [4ms]
2023-06-15 19:30:56.434 [info] > git config --get commit.template [24ms]
2023-06-15 19:30:56.434 [info] > git rev-parse --show-toplevel [2ms]
2023-06-15 19:30:56.434 [info] > git for-each-ref --format=%(refname)%00%(upstream:short)%00%(objectname)%00%(upstream:track)%00%(upstream:remotename)%00%(upstream:remoteref) refs/heads/main refs/remotes/main [3ms]
2023-06-15 19:30:56.434 [info] > git status -z -uall [71ms]
2023-06-15 19:30:56.434 [info] > git config --get commit.template [2ms]
2023-06-15 19:30:56.434 [info] > git for-each-ref --format=%(refname)%00%(upstream:short)%00%(objectname)%00%(upstream:track)%00%(upstream:remotename)%00%(upstream:remoteref) refs/heads/main refs/remotes/main [6ms]
2023-06-15 19:30:56.989 [info] > git status -z -uall [568ms]
2023-06-15 19:30:57.018 [info] > git check-ignore -v -z --stdin [9ms]
2023-06-15 19:30:57.067 [info] > git show --textconv :Red-Key/src/index.css [12ms]
2023-06-15 19:30:57.069 [info] > git ls-files --stage -- /home/murkenne/Red-Key/src/index.css [6ms]
2023-06-15 19:30:57.076 [info] > git cat-file -s 2c3fac689c7c4680cfb84bc0746512858b90b908 [1ms]
2023-06-15 19:30:57.415 [info] > git fetch [1219ms]
2023-06-15 19:30:57.425 [info] > git config --get commit.template [2ms]
2023-06-15 19:30:57.433 [info] > git for-each-ref --format=%(refname)%00%(upstream:short)%00%(objectname)%00%(upstream:track)%00%(upstream:remotename)%00%(upstream:remoteref) refs/heads/main refs/remotes/main [2ms]
2023-06-15 19:30:57.499 [info] > git status -z -uall [60ms]
2023-06-15 19:30:58.554 [info] > git ls-files --stage -- /home/murkenne/Red-Key/src/index.css [10ms]
2023-06-15 19:30:58.564 [info] > git cat-file -s 2c3fac689c7c4680cfb84bc0746512858b90b908 [1ms]
2023-06-15 19:30:58.587 [info] > git show --textconv :Red-Key/src/index.css [7ms]
2023-06-15 19:30:59.099 [info] > git config --get commit.template [2ms]
2023-06-15 19:30:59.109 [info] > git for-each-ref --format=%(refname)%00%(upstream:short)%00%(objectname)%00%(upstream:track)%00%(upstream:remotename)%00%(upstream:remoteref) refs/heads/main refs/remotes/main [2ms]
2023-06-15 19:30:59.197 [info] > git status -z -uall [79ms]
2023-06-15 19:31:04.224 [info] > git config --get commit.template [2ms]
2023-06-15 19:31:04.235 [info] > git for-each-ref --format=%(refname)%00%(upstream:short)%00%(objectname)%00%(upstream:track)%00%(upstream:remotename)%00%(upstream:remoteref) refs/heads/main refs/remotes/main [2ms]
2023-06-15 19:31:04.339 [info] > git status -z -uall [94ms]
2023-06-15 19:31:09.371 [info] > git config --get commit.template [3ms]
2023-06-15 19:31:09.382 [info] > git for-each-ref --format=%(refname)%00%(upstream:short)%00%(objectname)%00%(upstream:track)%00%(upstream:remotename)%00%(upstream:remoteref) refs/heads/main refs/remotes/main [2ms]
2023-06-15 19:31:09.482 [info] > git status -z -uall [91ms]
2023-06-15 19:31:16.114 [info] > git config --get commit.template [2ms]
2023-06-15 19:31:16.126 [info] > git for-each-ref --format=%(refname)%00%(upstream:short)%00%(objectname)%00%(upstream:track)%00%(upstream:remotename)%00%(upstream:remoteref) refs/heads/main refs/remotes/main [1ms]
2023-06-15 19:31:16.233 [info] > git status -z -uall [97ms]
2023-06-15 19:31:21.261 [info] > git config --get commit.template [2ms]
2023-06-15 19:31:21.273 [info] > git for-each-ref --format=%(refname)%00%(upstream:short)%00%(objectname)%00%(upstream:track)%00%(upstream:remotename)%00%(upstream:remoteref) refs/heads/main refs/remotes/main [2ms]
2023-06-15 19:31:21.384 [info] > git status -z -uall [101ms]
2023-06-15 19:31:26.412 [info] > git config --get commit.template [2ms]
2023-06-15 19:31:26.425 [info] > git for-each-ref --format=%(refname)%00%(upstream:short)%00%(objectname)%00%(upstream:track)%00%(upstream:remotename)%00%(upstream:remoteref) refs/heads/main refs/remotes/main [1ms]
2023-06-15 19:31:26.531 [info] > git status -z -uall [96ms]
2023-06-15 19:31:31.562 [info] > git config --get commit.template [2ms]
2023-06-15 19:31:31.577 [info] > git for-each-ref --format=%(refname)%00%(upstream:short)%00%(objectname)%00%(upstream:track)%00%(upstream:remotename)%00%(upstream:remoteref) refs/heads/main refs/remotes/main [2ms]
2023-06-15 19:31:31.678 [info] > git status -z -uall [92ms]
2023-06-15 19:31:36.707 [info] > git config --get commit.template [2ms]
2023-06-15 19:31:36.720 [info] > git for-each-ref --format=%(refname)%00%(upstream:short)%00%(objectname)%00%(upstream:track)%00%(upstream:remotename)%00%(upstream:remoteref) refs/heads/main refs/remotes/main [1ms]
2023-06-15 19:31:36.825 [info] > git status -z -uall [95ms]
2023-06-15 19:31:41.855 [info] > git config --get commit.template [3ms]
2023-06-15 19:31:41.868 [info] > git for-each-ref --format=%(refname)%00%(upstream:short)%00%(objectname)%00%(upstream:track)%00%(upstream:remotename)%00%(upstream:remoteref) refs/heads/main refs/remotes/main [2ms]
2023-06-15 19:31:41.971 [info] > git status -z -uall [94ms]
2023-06-15 19:31:47.001 [info] > git config --get commit.template [4ms]
2023-06-15 19:31:47.017 [info] > git for-each-ref --format=%(refname)%00%(upstream:short)%00%(objectname)%00%(upstream:track)%00%(upstream:remotename)%00%(upstream:remoteref) refs/heads/main refs/remotes/main [3ms]
2023-06-15 19:31:47.136 [info] > git status -z -uall [108ms]
2023-06-15 19:31:52.170 [info] > git config --get commit.template [2ms]
2023-06-15 19:31:52.185 [info] > git for-each-ref --format=%(refname)%00%(upstream:short)%00%(objectname)%00%(upstream:track)%00%(upstream:remotename)%00%(upstream:remoteref) refs/heads/main refs/remotes/main [4ms]
2023-06-15 19:31:52.310 [info] > git status -z -uall [114ms]
2023-06-15 19:31:57.357 [info] > git config --get commit.template [2ms]
2023-06-15 19:31:57.371 [info] > git for-each-ref --format=%(refname)%00%(upstream:short)%00%(objectname)%00%(upstream:track)%00%(upstream:remotename)%00%(upstream:remoteref) refs/heads/main refs/remotes/main [2ms]
2023-06-15 19:31:57.479 [info] > git status -z -uall [98ms]
2023-06-15 19:32:00.482 [info] > git show --textconv :Red-Key/src/App.jsx [22ms]
2023-06-15 19:32:00.485 [info] > git ls-files --stage -- /home/murkenne/Red-Key/src/App.jsx [14ms]
2023-06-15 19:32:00.499 [info] > git cat-file -s 0529452c5f639471e00c47d0eefe91d0753f6aa5 [2ms]
2023-06-15 19:32:04.173 [info] > git show --textconv :Red-Key/src/App.css [12ms]
2023-06-15 19:32:04.178 [info] > git ls-files --stage -- /home/murkenne/Red-Key/src/App.css [5ms]
2023-06-15 19:32:04.196 [info] > git cat-file -s b9d355df2a5956b526c004531b7b0ffe412461e0 [6ms]
2023-06-15 19:32:11.154 [info] > git config --get commit.template [10ms]
2023-06-15 19:32:11.172 [info] > git for-each-ref --format=%(refname)%00%(upstream:short)%00%(objectname)%00%(upstream:track)%00%(upstream:remotename)%00%(upstream:remoteref) refs/heads/main refs/remotes/main [2ms]
2023-06-15 19:32:11.283 [info] > git status -z -uall [101ms]
2023-06-15 19:32:17.189 [info] > git config --get commit.template [37ms]
2023-06-15 19:32:17.191 [info] > git for-each-ref --format=%(refname)%00%(upstream:short)%00%(objectname)%00%(upstream:track)%00%(upstream:remotename)%00%(upstream:remoteref) refs/heads/main refs/remotes/main [3ms]
2023-06-15 19:32:17.317 [info] > git status -z -uall [114ms]
2023-06-15 19:39:02.511 [info] > git config --get commit.template [46ms]
2023-06-15 19:39:02.523 [info] > git ls-files --stage -- /home/murkenne/Red-Key/src/App.jsx [27ms]
2023-06-15 19:39:02.532 [info] > git ls-files --stage -- /home/murkenne/Red-Key/src/index.css [49ms]
2023-06-15 19:39:02.545 [info] > git cat-file -s 9e8b5ad1d57411c5fb0c4cc60e3dd4db30c0a971 [13ms]
2023-06-15 19:39:02.546 [info] > git for-each-ref --format=%(refname)%00%(upstream:short)%00%(objectname)%00%(upstream:track)%00%(upstream:remotename)%00%(upstream:remoteref) refs/heads/main refs/remotes/main [24ms]
2023-06-15 19:39:02.557 [info] > git ls-files --stage -- /home/murkenne/Red-Key/src/App.css [47ms]
2023-06-15 19:39:02.569 [info] > git cat-file -s 21d5361ecfcfc35e5b349750d16befcb8ae1482b [27ms]
2023-06-15 19:39:02.573 [info] > git cat-file -s e69de29bb2d1d6434b8b29ae775ad8c2e48c5391 [5ms]
2023-06-15 19:39:02.595 [info] > git show --textconv :Red-Key/src/App.jsx [6ms]
2023-06-15 19:39:02.637 [info] > git show --textconv :Red-Key/src/index.css [23ms]
2023-06-15 19:39:02.644 [info] > git show --textconv :Red-Key/src/App.css [9ms]
2023-06-15 19:39:02.686 [info] > git status -z -uall [130ms]
2023-06-15 19:39:03.754 [info] > git ls-files --stage -- /home/murkenne/Red-Key/src/App.jsx [11ms]
2023-06-15 19:39:03.763 [info] > git ls-files --stage -- /home/murkenne/Red-Key/src/index.css [29ms]
2023-06-15 19:39:03.773 [info] > git cat-file -s 9e8b5ad1d57411c5fb0c4cc60e3dd4db30c0a971 [10ms]
2023-06-15 19:39:03.774 [info] > git ls-files --stage -- /home/murkenne/Red-Key/src/App.css [22ms]
2023-06-15 19:39:03.783 [info] > git cat-file -s e69de29bb2d1d6434b8b29ae775ad8c2e48c5391 [2ms]
2023-06-15 19:39:03.785 [info] > git cat-file -s 21d5361ecfcfc35e5b349750d16befcb8ae1482b [14ms]
2023-06-15 19:39:03.824 [info] > git show --textconv :Red-Key/src/App.jsx [26ms]
2023-06-15 19:39:03.825 [info] > git show --textconv :Red-Key/src/App.css [14ms]
2023-06-15 19:39:03.827 [info] > git fetch [1381ms]
2023-06-15 19:39:03.845 [info] > git show --textconv :Red-Key/src/index.css [24ms]
2023-06-15 19:39:03.847 [info] > git config --get commit.template [5ms]
2023-06-15 19:39:03.860 [info] > git for-each-ref --format=%(refname)%00%(upstream:short)%00%(objectname)%00%(upstream:track)%00%(upstream:remotename)%00%(upstream:remoteref) refs/heads/main refs/remotes/main [1ms]
2023-06-15 19:39:03.966 [info] > git status -z -uall [97ms]
2023-06-15 19:39:05.060 [info] > git ls-files --stage -- /home/murkenne/Red-Key/src/App.jsx [15ms]
2023-06-15 19:39:05.074 [info] > git ls-files --stage -- /home/murkenne/Red-Key/src/index.css [41ms]
2023-06-15 19:39:05.083 [info] > git cat-file -s 9e8b5ad1d57411c5fb0c4cc60e3dd4db30c0a971 [10ms]
2023-06-15 19:39:05.086 [info] > git ls-files --stage -- /home/murkenne/Red-Key/src/App.css [28ms]
2023-06-15 19:39:05.096 [info] > git cat-file -s 21d5361ecfcfc35e5b349750d16befcb8ae1482b [14ms]
2023-06-15 19:39:05.098 [info] > git cat-file -s e69de29bb2d1d6434b8b29ae775ad8c2e48c5391 [2ms]
2023-06-15 19:39:05.143 [info] > git show --textconv :Red-Key/src/App.jsx [29ms]
2023-06-15 19:39:05.144 [info] > git show --textconv :Red-Key/src/index.css [14ms]
2023-06-15 19:39:05.149 [info] > git show --textconv :Red-Key/src/App.css [8ms]
2023-06-15 19:39:07.728 [info] > git config --get commit.template [2ms]
2023-06-15 19:39:07.739 [info] > git for-each-ref --format=%(refname)%00%(upstream:short)%00%(objectname)%00%(upstream:track)%00%(upstream:remotename)%00%(upstream:remoteref) refs/heads/main refs/remotes/main [1ms]
2023-06-15 19:39:07.832 [info] > git status -z -uall [85ms]
2023-06-15 19:39:16.433 [info] > git config --get commit.template [1ms]
2023-06-15 19:39:16.449 [info] > git for-each-ref --format=%(refname)%00%(upstream:short)%00%(objectname)%00%(upstream:track)%00%(upstream:remotename)%00%(upstream:remoteref) refs/heads/main refs/remotes/main [3ms]
2023-06-15 19:39:16.561 [info] > git status -z -uall [101ms]
2023-06-15 19:39:21.598 [info] > git config --get commit.template [3ms]
2023-06-15 19:39:21.612 [info] > git for-each-ref --format=%(refname)%00%(upstream:short)%00%(objectname)%00%(upstream:track)%00%(upstream:remotename)%00%(upstream:remoteref) refs/heads/main refs/remotes/main [2ms]
2023-06-15 19:39:21.721 [info] > git status -z -uall [98ms]
2023-06-15 19:39:29.271 [info] > git config --get commit.template [2ms]
2023-06-15 19:39:29.286 [info] > git for-each-ref --format=%(refname)%00%(upstream:short)%00%(objectname)%00%(upstream:track)%00%(upstream:remotename)%00%(upstream:remoteref) refs/heads/main refs/remotes/main [4ms]
2023-06-15 19:39:29.410 [info] > git status -z -uall [112ms]
2023-06-15 19:39:34.441 [info] > git config --get commit.template [1ms]
2023-06-15 19:39:34.454 [info] > git for-each-ref --format=%(refname)%00%(upstream:short)%00%(objectname)%00%(upstream:track)%00%(upstream:remotename)%00%(upstream:remoteref) refs/heads/main refs/remotes/main [2ms]
2023-06-15 19:39:34.551 [info] > git status -z -uall [89ms]
2023-06-15 19:39:39.581 [info] > git config --get commit.template [2ms]
2023-06-15 19:39:39.596 [info] > git for-each-ref --format=%(refname)%00%(upstream:short)%00%(objectname)%00%(upstream:track)%00%(upstream:remotename)%00%(upstream:remoteref) refs/heads/main refs/remotes/main [2ms]
2023-06-15 19:39:39.706 [info] > git status -z -uall [100ms]
2023-06-15 19:39:41.013 [info] > git check-ignore -v -z --stdin [10ms]
2023-06-15 19:39:46.436 [info] > git config --get commit.template [1ms]
2023-06-15 19:39:46.448 [info] > git for-each-ref --format=%(refname)%00%(upstream:short)%00%(objectname)%00%(upstream:track)%00%(upstream:remotename)%00%(upstream:remoteref) refs/heads/main refs/remotes/main [2ms]
2023-06-15 19:39:46.545 [info] > git status -z -uall [88ms]
2023-06-15 19:39:51.580 [info] > git config --get commit.template [1ms]
2023-06-15 19:39:51.591 [info] > git for-each-ref --format=%(refname)%00%(upstream:short)%00%(objectname)%00%(upstream:track)%00%(upstream:remotename)%00%(upstream:remoteref) refs/heads/main refs/remotes/main [2ms]
2023-06-15 19:39:51.740 [info] > git status -z -uall [140ms]
2023-06-15 19:40:13.152 [info] > git config --get commit.template [3ms]
2023-06-15 19:40:13.171 [info] > git for-each-ref --format=%(refname)%00%(upstream:short)%00%(objectname)%00%(upstream:track)%00%(upstream:remotename)%00%(upstream:remoteref) refs/heads/main refs/remotes/main [3ms]
2023-06-15 19:40:13.299 [info] > git status -z -uall [116ms]
2023-06-15 19:40:18.341 [info] > git config --get commit.template [3ms]
2023-06-15 19:40:18.353 [info] > git for-each-ref --format=%(refname)%00%(upstream:short)%00%(objectname)%00%(upstream:track)%00%(upstream:remotename)%00%(upstream:remoteref) refs/heads/main refs/remotes/main [3ms]
2023-06-15 19:40:18.460 [info] > git status -z -uall [95ms]
2023-06-15 19:40:23.489 [info] > git config --get commit.template [2ms]
2023-06-15 19:40:23.500 [info] > git for-each-ref --format=%(refname)%00%(upstream:short)%00%(objectname)%00%(upstream:track)%00%(upstream:remotename)%00%(upstream:remoteref) refs/heads/main refs/remotes/main [2ms]
2023-06-15 19:40:23.597 [info] > git status -z -uall [88ms]
2023-06-15 19:40:28.624 [info] > git config --get commit.template [2ms]
2023-06-15 19:40:28.637 [info] > git for-each-ref --format=%(refname)%00%(upstream:short)%00%(objectname)%00%(upstream:track)%00%(upstream:remotename)%00%(upstream:remoteref) refs/heads/main refs/remotes/main [1ms]
2023-06-15 19:40:28.740 [info] > git status -z -uall [94ms]
2023-06-15 19:40:35.458 [info] > git config --get commit.template [2ms]
2023-06-15 19:40:35.471 [info] > git for-each-ref --format=%(refname)%00%(upstream:short)%00%(objectname)%00%(upstream:track)%00%(upstream:remotename)%00%(upstream:remoteref) refs/heads/main refs/remotes/main [2ms]
2023-06-15 19:40:35.586 [info] > git status -z -uall [105ms]
2023-06-15 19:41:11.059 [info] > git config --get commit.template [2ms]
2023-06-15 19:41:11.076 [info] > git for-each-ref --format=%(refname)%00%(upstream:short)%00%(objectname)%00%(upstream:track)%00%(upstream:remotename)%00%(upstream:remoteref) refs/heads/main refs/remotes/main [2ms]
2023-06-15 19:41:11.212 [info] > git status -z -uall [123ms]
2023-06-15 19:41:16.246 [info] > git config --get commit.template [1ms]
2023-06-15 19:41:16.258 [info] > git for-each-ref --format=%(refname)%00%(upstream:short)%00%(objectname)%00%(upstream:track)%00%(upstream:remotename)%00%(upstream:remoteref) refs/heads/main refs/remotes/main [1ms]
2023-06-15 19:41:16.355 [info] > git status -z -uall [88ms]
2023-06-15 19:41:21.383 [info] > git config --get commit.template [2ms]
2023-06-15 19:41:21.397 [info] > git for-each-ref --format=%(refname)%00%(upstream:short)%00%(objectname)%00%(upstream:track)%00%(upstream:remotename)%00%(upstream:remoteref) refs/heads/main refs/remotes/main [3ms]
2023-06-15 19:41:21.510 [info] > git status -z -uall [104ms]
2023-06-15 19:41:26.541 [info] > git config --get commit.template [3ms]
2023-06-15 19:41:26.555 [info] > git for-each-ref --format=%(refname)%00%(upstream:short)%00%(objectname)%00%(upstream:track)%00%(upstream:remotename)%00%(upstream:remoteref) refs/heads/main refs/remotes/main [3ms]
2023-06-15 19:41:26.679 [info] > git status -z -uall [113ms]
2023-06-15 19:41:49.396 [info] > git config --get commit.template [25ms]
2023-06-15 19:41:49.397 [info] > git for-each-ref --format=%(refname)%00%(upstream:short)%00%(objectname)%00%(upstream:track)%00%(upstream:remotename)%00%(upstream:remoteref) refs/heads/main refs/remotes/main [9ms]
2023-06-15 19:41:49.531 [info] > git status -z -uall [121ms]
2023-06-15 19:41:54.566 [info] > git config --get commit.template [2ms]
2023-06-15 19:41:54.580 [info] > git for-each-ref --format=%(refname)%00%(upstream:short)%00%(objectname)%00%(upstream:track)%00%(upstream:remotename)%00%(upstream:remoteref) refs/heads/main refs/remotes/main [2ms]
2023-06-15 19:41:54.693 [info] > git status -z -uall [102ms]
2023-06-15 19:42:10.212 [info] > git config --get commit.template [3ms]
2023-06-15 19:42:10.230 [info] > git for-each-ref --format=%(refname)%00%(upstream:short)%00%(objectname)%00%(upstream:track)%00%(upstream:remotename)%00%(upstream:remoteref) refs/heads/main refs/remotes/main [3ms]
2023-06-15 19:42:10.344 [info] > git status -z -uall [96ms]
2023-06-15 19:42:11.431 [info] > git ls-files --stage -- /home/murkenne/Red-Key/src/App.jsx [18ms]
2023-06-15 19:42:11.448 [info] > git ls-files --stage -- /home/murkenne/Red-Key/src/index.css [44ms]
2023-06-15 19:42:11.468 [info] > git cat-file -s 21d5361ecfcfc35e5b349750d16befcb8ae1482b [6ms]
2023-06-15 19:42:11.469 [info] > git cat-file -s 9e8b5ad1d57411c5fb0c4cc60e3dd4db30c0a971 [22ms]
2023-06-15 19:42:11.472 [info] > git ls-files --stage -- /home/murkenne/Red-Key/src/App.css [47ms]
2023-06-15 19:42:11.485 [info] > git cat-file -s e69de29bb2d1d6434b8b29ae775ad8c2e48c5391 [3ms]
2023-06-15 19:42:11.540 [info] > git show --textconv :Red-Key/src/index.css [24ms]
2023-06-15 19:42:11.540 [info] > git show --textconv :Red-Key/src/App.jsx [13ms]
2023-06-15 19:42:11.545 [info] > git show --textconv :Red-Key/src/App.css [5ms]
2023-06-15 19:42:11.558 [info] > git fetch [1374ms]
2023-06-15 19:42:11.571 [info] > git config --get commit.template [1ms]
2023-06-15 19:42:11.583 [info] > git for-each-ref --format=%(refname)%00%(upstream:short)%00%(objectname)%00%(upstream:track)%00%(upstream:remotename)%00%(upstream:remoteref) refs/heads/main refs/remotes/main [2ms]
2023-06-15 19:42:11.689 [info] > git status -z -uall [97ms]
2023-06-15 19:42:12.766 [info] > git ls-files --stage -- /home/murkenne/Red-Key/src/App.jsx [12ms]
2023-06-15 19:42:12.779 [info] > git ls-files --stage -- /home/murkenne/Red-Key/src/index.css [34ms]
2023-06-15 19:42:12.790 [info] > git cat-file -s 9e8b5ad1d57411c5fb0c4cc60e3dd4db30c0a971 [11ms]
2023-06-15 19:42:12.791 [info] > git ls-files --stage -- /home/murkenne/Red-Key/src/App.css [27ms]
2023-06-15 19:42:12.804 [info] > git cat-file -s e69de29bb2d1d6434b8b29ae775ad8c2e48c5391 [4ms]
2023-06-15 19:42:12.805 [info] > git cat-file -s 21d5361ecfcfc35e5b349750d16befcb8ae1482b [16ms]
2023-06-15 19:42:12.848 [info] > git show --textconv :Red-Key/src/App.jsx [27ms]
2023-06-15 19:42:12.848 [info] > git show --textconv :Red-Key/src/App.css [14ms]
2023-06-15 19:42:12.853 [info] > git show --textconv :Red-Key/src/index.css [7ms]
2023-06-15 19:42:15.375 [info] > git config --get commit.template [2ms]
2023-06-15 19:42:15.387 [info] > git for-each-ref --format=%(refname)%00%(upstream:short)%00%(objectname)%00%(upstream:track)%00%(upstream:remotename)%00%(upstream:remoteref) refs/heads/main refs/remotes/main [2ms]
2023-06-15 19:42:15.498 [info] > git status -z -uall [99ms]
2023-06-15 19:42:20.650 [info] > git config --get commit.template [2ms]
2023-06-15 19:42:20.670 [info] > git for-each-ref --format=%(refname)%00%(upstream:short)%00%(objectname)%00%(upstream:track)%00%(upstream:remotename)%00%(upstream:remoteref) refs/heads/main refs/remotes/main [3ms]
2023-06-15 19:42:20.788 [info] > git status -z -uall [105ms]
2023-06-15 19:42:25.821 [info] > git config --get commit.template [1ms]
2023-06-15 19:42:25.835 [info] > git for-each-ref --format=%(refname)%00%(upstream:short)%00%(objectname)%00%(upstream:track)%00%(upstream:remotename)%00%(upstream:remoteref) refs/heads/main refs/remotes/main [1ms]
2023-06-15 19:42:25.936 [info] > git status -z -uall [91ms]
2023-06-15 19:42:30.967 [info] > git config --get commit.template [4ms]
2023-06-15 19:42:30.980 [info] > git for-each-ref --format=%(refname)%00%(upstream:short)%00%(objectname)%00%(upstream:track)%00%(upstream:remotename)%00%(upstream:remoteref) refs/heads/main refs/remotes/main [2ms]
2023-06-15 19:42:31.081 [info] > git status -z -uall [92ms]
2023-06-15 19:42:44.156 [info] > git config --get commit.template [1ms]
2023-06-15 19:42:44.173 [info] > git for-each-ref --format=%(refname)%00%(upstream:short)%00%(objectname)%00%(upstream:track)%00%(upstream:remotename)%00%(upstream:remoteref) refs/heads/main refs/remotes/main [2ms]
2023-06-15 19:42:44.293 [info] > git status -z -uall [110ms]
2023-06-15 19:42:45.692 [info] > git check-ignore -v -z --stdin [42ms]
2023-06-15 19:42:47.822 [info] > git check-ignore -v -z --stdin [31ms]
2023-06-15 19:42:48.865 [info] > git config --get commit.template [1ms]
2023-06-15 19:42:48.877 [info] > git for-each-ref --format=%(refname)%00%(upstream:short)%00%(objectname)%00%(upstream:track)%00%(upstream:remotename)%00%(upstream:remoteref) refs/heads/main refs/remotes/main [2ms]
2023-06-15 19:42:48.983 [info] > git status -z -uall [96ms]
2023-06-15 19:42:49.332 [info] > git config --get commit.template [3ms]
2023-06-15 19:42:49.349 [info] > git for-each-ref --format=%(refname)%00%(upstream:short)%00%(objectname)%00%(upstream:track)%00%(upstream:remotename)%00%(upstream:remoteref) refs/heads/main refs/remotes/main [2ms]
2023-06-15 19:42:49.453 [info] > git status -z -uall [93ms]
2023-06-15 19:42:54.479 [info] > git config --get commit.template [1ms]
2023-06-15 19:42:54.492 [info] > git for-each-ref --format=%(refname)%00%(upstream:short)%00%(objectname)%00%(upstream:track)%00%(upstream:remotename)%00%(upstream:remoteref) refs/heads/main refs/remotes/main [2ms]
2023-06-15 19:42:54.595 [info] > git status -z -uall [91ms]
2023-06-15 19:43:00.310 [info] > git config --get commit.template [3ms]
2023-06-15 19:43:00.325 [info] > git for-each-ref --format=%(refname)%00%(upstream:short)%00%(objectname)%00%(upstream:track)%00%(upstream:remotename)%00%(upstream:remoteref) refs/heads/main refs/remotes/main [1ms]
2023-06-15 19:43:00.452 [info] > git status -z -uall [116ms]
2023-06-15 19:43:01.628 [info] > git add -A -- . [1261ms]
2023-06-15 19:43:02.461 [info] > git show --textconv :.git/COMMIT_EDITMSG [12ms]
2023-06-15 19:43:02.464 [info] > git ls-files --stage -- /home/murkenne/.git/COMMIT_EDITMSG [5ms]
2023-06-15 19:43:02.683 [info] > git check-ignore -v -z --stdin [6ms]
2023-06-15 19:43:03.229 [info] > git ls-files --stage -- /home/murkenne/Red-Key/src/App.css [15ms]
2023-06-15 19:43:03.242 [info] > git ls-files --stage -- /home/murkenne/Red-Key/src/App.jsx [42ms]
2023-06-15 19:43:03.252 [info] > git ls-files --stage -- /home/murkenne/Red-Key/src/index.css [62ms]
2023-06-15 19:43:03.264 [info] > git cat-file -s 9e8b5ad1d57411c5fb0c4cc60e3dd4db30c0a971 [13ms]
2023-06-15 19:43:03.265 [info] > git cat-file -s e69de29bb2d1d6434b8b29ae775ad8c2e48c5391 [24ms]
2023-06-15 19:43:03.266 [info] > git ls-files --stage -- /home/murkenne/.git/COMMIT_EDITMSG [39ms]
2023-06-15 19:43:03.267 [info] > git cat-file -s 029a69da022bce2b2aa5a731fe1c4e1dbee516fd [4ms]
2023-06-15 19:43:03.344 [info] > git show --textconv :Red-Key/src/App.jsx [54ms]
2023-06-15 19:43:03.344 [info] > git show --textconv :Red-Key/src/App.css [33ms]
2023-06-15 19:43:03.344 [info] > git show --textconv :.git/COMMIT_EDITMSG [17ms]
2023-06-15 19:43:03.348 [info] > git show --textconv :Red-Key/src/index.css [5ms]
2023-06-15 19:44:25.442 [info] > git -c user.useConfigOnly=true commit --quiet [83801ms]
2023-06-15 19:44:25.442 [info] Aborting commit due to empty commit message.
2023-06-15 19:44:25.456 [info] > git config --get commit.template [3ms]
2023-06-15 19:44:25.467 [info] > git for-each-ref --format=%(refname)%00%(upstream:short)%00%(objectname)%00%(upstream:track)%00%(upstream:remotename)%00%(upstream:remoteref) refs/heads/main refs/remotes/main [2ms]
2023-06-15 19:44:25.630 [info] > git status -z -uall [152ms]
2023-06-15 19:44:25.684 [info] > git config --get commit.template [2ms]
2023-06-15 19:44:25.696 [info] > git for-each-ref --format=%(refname)%00%(upstream:short)%00%(objectname)%00%(upstream:track)%00%(upstream:remotename)%00%(upstream:remoteref) refs/heads/main refs/remotes/main [1ms]
2023-06-15 19:44:25.830 [info] > git status -z -uall [123ms]
2023-06-15 19:44:26.841 [info] > git ls-files --stage -- /home/murkenne/Red-Key/src/App.jsx [17ms]
2023-06-15 19:44:26.851 [info] > git ls-files --stage -- /home/murkenne/Red-Key/src/index.css [39ms]
2023-06-15 19:44:26.862 [info] > git cat-file -s 029a69da022bce2b2aa5a731fe1c4e1dbee516fd [1ms]
2023-06-15 19:44:26.863 [info] > git cat-file -s 9e8b5ad1d57411c5fb0c4cc60e3dd4db30c0a971 [13ms]
2023-06-15 19:44:26.864 [info] > git ls-files --stage -- /home/murkenne/Red-Key/src/App.css [29ms]
2023-06-15 19:44:26.875 [info] > git cat-file -s e69de29bb2d1d6434b8b29ae775ad8c2e48c5391 [1ms]
2023-06-15 19:44:26.933 [info] > git show --textconv :Red-Key/src/index.css [15ms]
2023-06-15 19:44:26.937 [info] > git check-ignore -v -z --stdin [29ms]
2023-06-15 19:44:26.940 [info] > git show --textconv :Red-Key/src/App.jsx [9ms]
2023-06-15 19:44:26.997 [info] > git show --textconv :Red-Key/src/App.css [5ms]
2023-06-15 19:44:30.859 [info] > git config --get commit.template [2ms]
2023-06-15 19:44:30.876 [info] > git for-each-ref --format=%(refname)%00%(upstream:short)%00%(objectname)%00%(upstream:track)%00%(upstream:remotename)%00%(upstream:remoteref) refs/heads/main refs/remotes/main [4ms]
2023-06-15 19:44:30.995 [info] > git status -z -uall [109ms]
2023-06-15 19:44:33.372 [info] > git log --oneline --cherry main...main@{upstream} -- [158ms]
2023-06-15 19:44:34.664 [info] > git ls-files --stage -- /home/murkenne/Red-Key/src/App.jsx [14ms]
2023-06-15 19:44:34.678 [info] > git ls-files --stage -- /home/murkenne/Red-Key/src/index.css [40ms]
2023-06-15 19:44:34.691 [info] > git cat-file -s 9e8b5ad1d57411c5fb0c4cc60e3dd4db30c0a971 [14ms]
2023-06-15 19:44:34.693 [info] > git pull --tags origin main [1307ms]
2023-06-15 19:44:34.693 [info] From github.com:FirstName-LastName-Personal-Website-1/Gold-nugget
 * branch            main       -> FETCH_HEAD
hint: You have divergent branches and need to specify how to reconcile them.
hint: You can do so by running one of the following commands sometime before
hint: your next pull:
hint: 
hint:   git config pull.rebase false  # merge (the default strategy)
hint:   git config pull.rebase true   # rebase
hint:   git config pull.ff only       # fast-forward only
hint: 
hint: You can replace "git config" with "git config --global" to set a default
hint: preference for all repositories. You can also pass --rebase, --no-rebase,
hint: or --ff-only on the command line to override the configured default per
hint: invocation.
fatal: Need to specify how to reconcile divergent branches.
2023-06-15 19:44:34.695 [info] > git ls-files --stage -- /home/murkenne/Red-Key/src/App.css [34ms]
2023-06-15 19:44:34.728 [info] > git cat-file -s 029a69da022bce2b2aa5a731fe1c4e1dbee516fd [39ms]
2023-06-15 19:44:34.742 [info] > git config --get commit.template [14ms]
2023-06-15 19:44:34.743 [info] > git cat-file -s e69de29bb2d1d6434b8b29ae775ad8c2e48c5391 [39ms]
2023-06-15 19:44:34.780 [info] > git show --textconv :Red-Key/src/App.jsx [38ms]
2023-06-15 19:44:34.780 [info] > git show --textconv :Red-Key/src/index.css [13ms]
2023-06-15 19:44:34.782 [info] > git for-each-ref --format=%(refname)%00%(upstream:short)%00%(objectname)%00%(upstream:track)%00%(upstream:remotename)%00%(upstream:remoteref) refs/heads/main refs/remotes/main [27ms]
2023-06-15 19:44:34.795 [info] > git show --textconv :Red-Key/src/App.css [16ms]
2023-06-15 19:44:34.888 [info] > git status -z -uall [95ms]
2023-06-15 19:44:38.876 [info] > git config --get commit.template [1ms]
2023-06-15 19:44:38.890 [info] > git for-each-ref --format=%(refname)%00%(upstream:short)%00%(objectname)%00%(upstream:track)%00%(upstream:remotename)%00%(upstream:remoteref) refs/heads/main refs/remotes/main [2ms]
2023-06-15 19:44:38.974 [info] > git ls-files --stage -- /home/murkenne/Red-Key/src/App.jsx [13ms]
2023-06-15 19:44:38.985 [info] > git ls-files --stage -- /home/murkenne/Red-Key/src/index.css [39ms]
2023-06-15 19:44:38.998 [info] > git cat-file -s 9e8b5ad1d57411c5fb0c4cc60e3dd4db30c0a971 [13ms]
2023-06-15 19:44:38.999 [info] > git ls-files --stage -- /home/murkenne/Red-Key/src/App.css [28ms]
2023-06-15 19:44:39.010 [info] > git cat-file -s e69de29bb2d1d6434b8b29ae775ad8c2e48c5391 [1ms]
2023-06-15 19:44:39.011 [info] > git cat-file -s 029a69da022bce2b2aa5a731fe1c4e1dbee516fd [14ms]
2023-06-15 19:44:39.014 [info] > git status -z -uall [112ms]
2023-06-15 19:44:39.076 [info] > git show --textconv :Red-Key/src/App.jsx [40ms]
2023-06-15 19:44:39.077 [info] > git show --textconv :Red-Key/src/App.css [17ms]
2023-06-15 19:44:39.077 [info] > git show --textconv :Red-Key/src/index.css [6ms]
2023-06-15 19:44:44.044 [info] > git config --get commit.template [2ms]
2023-06-15 19:44:44.058 [info] > git for-each-ref --format=%(refname)%00%(upstream:short)%00%(objectname)%00%(upstream:track)%00%(upstream:remotename)%00%(upstream:remoteref) refs/heads/main refs/remotes/main [2ms]
2023-06-15 19:44:44.176 [info] > git status -z -uall [107ms]
2023-06-15 19:44:45.975 [info] > git push origin main:main [1325ms]
2023-06-15 19:44:45.976 [info] To github.com:FirstName-LastName-Personal-Website-1/Gold-nugget.git
 ! [rejected]        main -> main (non-fast-forward)
error: failed to push some refs to 'github.com:FirstName-LastName-Personal-Website-1/Gold-nugget.git'
hint: Updates were rejected because the tip of your current branch is behind
hint: its remote counterpart. Integrate the remote changes (e.g.
hint: 'git pull ...') before pushing again.
hint: See the 'Note about fast-forwards' in 'git push --help' for details.
2023-06-15 19:44:46.002 [info] > git config --get commit.template [11ms]
2023-06-15 19:44:46.003 [info] > git for-each-ref --format=%(refname)%00%(upstream:short)%00%(objectname)%00%(upstream:track)%00%(upstream:remotename)%00%(upstream:remoteref) refs/heads/main refs/remotes/main [2ms]
2023-06-15 19:44:46.133 [info] > git status -z -uall [117ms]
2023-06-15 19:44:51.089 [info] > git config --get commit.template [2ms]
2023-06-15 19:44:51.106 [info] > git for-each-ref --format=%(refname)%00%(upstream:short)%00%(objectname)%00%(upstream:track)%00%(upstream:remotename)%00%(upstream:remoteref) refs/heads/main refs/remotes/main [3ms]
2023-06-15 19:44:51.227 [info] > git status -z -uall [109ms]
2023-06-15 19:44:56.250 [info] > git config --get commit.template [2ms]
2023-06-15 19:44:56.267 [info] > git for-each-ref --format=%(refname)%00%(upstream:short)%00%(objectname)%00%(upstream:track)%00%(upstream:remotename)%00%(upstream:remoteref) refs/heads/main refs/remotes/main [3ms]
2023-06-15 19:44:56.389 [info] > git status -z -uall [109ms]
2023-06-15 19:44:59.978 [info] > git for-each-ref --sort -committerdate --format %(refname) %(objectname) %(*objectname) [3ms]
2023-06-15 19:45:01.416 [info] > git config --get commit.template [2ms]
2023-06-15 19:45:01.431 [info] > git for-each-ref --format=%(refname)%00%(upstream:short)%00%(objectname)%00%(upstream:track)%00%(upstream:remotename)%00%(upstream:remoteref) refs/heads/main refs/remotes/main [2ms]
2023-06-15 19:45:01.561 [info] > git status -z -uall [119ms]
2023-06-15 19:45:06.588 [info] > git config --get commit.template [2ms]
2023-06-15 19:45:06.602 [info] > git for-each-ref --format=%(refname)%00%(upstream:short)%00%(objectname)%00%(upstream:track)%00%(upstream:remotename)%00%(upstream:remoteref) refs/heads/main refs/remotes/main [2ms]
2023-06-15 19:45:06.726 [info] > git status -z -uall [112ms]
2023-06-15 19:45:09.208 [info] > git log --oneline --cherry main...main@{upstream} -- [89ms]
2023-06-15 19:45:10.434 [info] > git pull --tags origin main [1214ms]
2023-06-15 19:45:10.435 [info] From github.com:FirstName-LastName-Personal-Website-1/Gold-nugget
 * branch            main       -> FETCH_HEAD
hint: You have divergent branches and need to specify how to reconcile them.
hint: You can do so by running one of the following commands sometime before
hint: your next pull:
hint: 
hint:   git config pull.rebase false  # merge (the default strategy)
hint:   git config pull.rebase true   # rebase
hint:   git config pull.ff only       # fast-forward only
hint: 
hint: You can replace "git config" with "git config --global" to set a default
hint: preference for all repositories. You can also pass --rebase, --no-rebase,
hint: or --ff-only on the command line to override the configured default per
hint: invocation.
fatal: Need to specify how to reconcile divergent branches.
2023-06-15 19:45:10.450 [info] > git config --get commit.template [1ms]
2023-06-15 19:45:10.462 [info] > git for-each-ref --format=%(refname)%00%(upstream:short)%00%(objectname)%00%(upstream:track)%00%(upstream:remotename)%00%(upstream:remoteref) refs/heads/main refs/remotes/main [2ms]
2023-06-15 19:45:10.581 [info] > git status -z -uall [107ms]
2023-06-15 19:45:15.810 [info] > git config --get commit.template [44ms]
2023-06-15 19:45:15.810 [info] > git ls-files --stage -- /home/murkenne/Red-Key/src/App.jsx [19ms]
2023-06-15 19:45:15.822 [info] > git ls-files --stage -- /home/murkenne/Red-Key/src/index.css [42ms]
2023-06-15 19:45:15.855 [info] > git cat-file -s 9e8b5ad1d57411c5fb0c4cc60e3dd4db30c0a971 [34ms]
2023-06-15 19:45:15.857 [info] > git ls-files --stage -- /home/murkenne/Red-Key/src/App.css [50ms]
2023-06-15 19:45:15.872 [info] > git cat-file -s e69de29bb2d1d6434b8b29ae775ad8c2e48c5391 [3ms]
2023-06-15 19:45:15.873 [info] > git for-each-ref --format=%(refname)%00%(upstream:short)%00%(objectname)%00%(upstream:track)%00%(upstream:remotename)%00%(upstream:remoteref) refs/heads/main refs/remotes/main [20ms]
2023-06-15 19:45:15.886 [info] > git cat-file -s 029a69da022bce2b2aa5a731fe1c4e1dbee516fd [44ms]
2023-06-15 19:45:15.996 [info] > git show --textconv :Red-Key/src/App.jsx [32ms]
2023-06-15 19:45:15.997 [info] > git show --textconv :Red-Key/src/App.css [18ms]
2023-06-15 19:45:15.997 [info] > git status -z -uall [112ms]
2023-06-15 19:45:15.999 [info] > git show --textconv :Red-Key/src/index.css [5ms]
2023-06-15 19:45:17.051 [info] > git fetch [1304ms]
2023-06-15 19:45:17.068 [info] > git config --get commit.template [2ms]
2023-06-15 19:45:17.083 [info] > git for-each-ref --format=%(refname)%00%(upstream:short)%00%(objectname)%00%(upstream:track)%00%(upstream:remotename)%00%(upstream:remoteref) refs/heads/main refs/remotes/main [2ms]
2023-06-15 19:45:17.217 [info] > git status -z -uall [120ms]
2023-06-15 19:45:18.254 [info] > git ls-files --stage -- /home/murkenne/Red-Key/src/App.jsx [15ms]
2023-06-15 19:45:18.267 [info] > git ls-files --stage -- /home/murkenne/Red-Key/src/index.css [41ms]
2023-06-15 19:45:18.281 [info] > git cat-file -s 9e8b5ad1d57411c5fb0c4cc60e3dd4db30c0a971 [14ms]
2023-06-15 19:45:18.282 [info] > git ls-files --stage -- /home/murkenne/Red-Key/src/App.css [31ms]
2023-06-15 19:45:18.298 [info] > git cat-file -s 029a69da022bce2b2aa5a731fe1c4e1dbee516fd [19ms]
2023-06-15 19:45:18.301 [info] > git cat-file -s e69de29bb2d1d6434b8b29ae775ad8c2e48c5391 [4ms]
2023-06-15 19:45:18.378 [info] > git show --textconv :Red-Key/src/App.jsx [29ms]
2023-06-15 19:45:18.379 [info] > git show --textconv :Red-Key/src/index.css [16ms]
2023-06-15 19:45:18.382 [info] > git show --textconv :Red-Key/src/App.css [5ms]
2023-06-15 19:45:21.032 [info] > git config --get commit.template [2ms]
2023-06-15 19:45:21.046 [info] > git for-each-ref --format=%(refname)%00%(upstream:short)%00%(objectname)%00%(upstream:track)%00%(upstream:remotename)%00%(upstream:remoteref) refs/heads/main refs/remotes/main [2ms]
2023-06-15 19:45:21.188 [info] > git status -z -uall [126ms]
2023-06-15 19:45:27.730 [info] > git config --get commit.template [4ms]
2023-06-15 19:45:27.749 [info] > git for-each-ref --format=%(refname)%00%(upstream:short)%00%(objectname)%00%(upstream:track)%00%(upstream:remotename)%00%(upstream:remoteref) refs/heads/main refs/remotes/main [2ms]
2023-06-15 19:45:27.892 [info] > git status -z -uall [128ms]
2023-06-15 19:45:33.733 [info] > git config --get commit.template [3ms]
2023-06-15 19:45:33.750 [info] > git for-each-ref --format=%(refname)%00%(upstream:short)%00%(objectname)%00%(upstream:track)%00%(upstream:remotename)%00%(upstream:remoteref) refs/heads/main refs/remotes/main [2ms]
2023-06-15 19:45:33.882 [info] > git status -z -uall [120ms]
2023-06-15 19:45:38.915 [info] > git config --get commit.template [4ms]
2023-06-15 19:45:38.928 [info] > git for-each-ref --format=%(refname)%00%(upstream:short)%00%(objectname)%00%(upstream:track)%00%(upstream:remotename)%00%(upstream:remoteref) refs/heads/main refs/remotes/main [2ms]
2023-06-15 19:45:39.068 [info] > git status -z -uall [126ms]
2023-06-15 19:45:44.096 [info] > git config --get commit.template [1ms]
2023-06-15 19:45:44.110 [info] > git for-each-ref --format=%(refname)%00%(upstream:short)%00%(objectname)%00%(upstream:track)%00%(upstream:remotename)%00%(upstream:remoteref) refs/heads/main refs/remotes/main [2ms]
2023-06-15 19:45:44.235 [info] > git status -z -uall [112ms]
2023-06-15 19:45:47.576 [info] > git push origin main:main [1292ms]
2023-06-15 19:45:47.577 [info] To github.com:FirstName-LastName-Personal-Website-1/Gold-nugget.git
 ! [rejected]        main -> main (non-fast-forward)
error: failed to push some refs to 'github.com:FirstName-LastName-Personal-Website-1/Gold-nugget.git'
hint: Updates were rejected because the tip of your current branch is behind
hint: its remote counterpart. Integrate the remote changes (e.g.
hint: 'git pull ...') before pushing again.
hint: See the 'Note about fast-forwards' in 'git push --help' for details.
2023-06-15 19:45:47.593 [info] > git config --get commit.template [2ms]
2023-06-15 19:45:47.612 [info] > git for-each-ref --format=%(refname)%00%(upstream:short)%00%(objectname)%00%(upstream:track)%00%(upstream:remotename)%00%(upstream:remoteref) refs/heads/main refs/remotes/main [4ms]
2023-06-15 19:45:47.751 [info] > git status -z -uall [126ms]
2023-06-15 19:45:50.815 [info] > git config --get commit.template [3ms]
2023-06-15 19:45:50.833 [info] > git for-each-ref --format=%(refname)%00%(upstream:short)%00%(objectname)%00%(upstream:track)%00%(upstream:remotename)%00%(upstream:remoteref) refs/heads/main refs/remotes/main [3ms]
2023-06-15 19:45:50.955 [info] > git status -z -uall [111ms]
2023-06-15 19:45:55.983 [info] > git config --get commit.template [1ms]
2023-06-15 19:45:55.997 [info] > git for-each-ref --format=%(refname)%00%(upstream:short)%00%(objectname)%00%(upstream:track)%00%(upstream:remotename)%00%(upstream:remoteref) refs/heads/main refs/remotes/main [2ms]
2023-06-15 19:45:56.140 [info] > git status -z -uall [130ms]
2023-06-15 19:45:59.825 [info] > git push origin main:main [1120ms]
2023-06-15 19:45:59.825 [info] To github.com:FirstName-LastName-Personal-Website-1/Gold-nugget.git
 ! [rejected]        main -> main (non-fast-forward)
error: failed to push some refs to 'github.com:FirstName-LastName-Personal-Website-1/Gold-nugget.git'
hint: Updates were rejected because the tip of your current branch is behind
hint: its remote counterpart. Integrate the remote changes (e.g.
hint: 'git pull ...') before pushing again.
hint: See the 'Note about fast-forwards' in 'git push --help' for details.
2023-06-15 19:45:59.842 [info] > git config --get commit.template [2ms]
2023-06-15 19:45:59.859 [info] > git for-each-ref --format=%(refname)%00%(upstream:short)%00%(objectname)%00%(upstream:track)%00%(upstream:remotename)%00%(upstream:remoteref) refs/heads/main refs/remotes/main [4ms]
2023-06-15 19:46:00.001 [info] > git status -z -uall [128ms]
2023-06-15 19:46:03.175 [info] > git config --get commit.template [2ms]
2023-06-15 19:46:03.192 [info] > git for-each-ref --format=%(refname)%00%(upstream:short)%00%(objectname)%00%(upstream:track)%00%(upstream:remotename)%00%(upstream:remoteref) refs/heads/main refs/remotes/main [3ms]
2023-06-15 19:46:03.327 [info] > git status -z -uall [120ms]
2023-06-15 19:49:44.607 [info] > git config --get commit.template [12ms]
2023-06-15 19:49:44.609 [info] > git for-each-ref --format=%(refname)%00%(upstream:short)%00%(objectname)%00%(upstream:track)%00%(upstream:remotename)%00%(upstream:remoteref) refs/heads/main refs/remotes/main [4ms]
2023-06-15 19:49:44.741 [info] > git status -z -uall [119ms]
2023-06-15 19:49:45.869 [info] > git ls-files --stage -- /home/murkenne/Red-Key/src/App.jsx [16ms]
2023-06-15 19:49:45.886 [info] > git ls-files --stage -- /home/murkenne/Red-Key/src/index.css [44ms]
2023-06-15 19:49:45.910 [info] > git cat-file -s 9e8b5ad1d57411c5fb0c4cc60e3dd4db30c0a971 [24ms]
2023-06-15 19:49:45.913 [info] > git fetch [1337ms]
2023-06-15 19:49:45.916 [info] > git ls-files --stage -- /home/murkenne/Red-Key/src/App.css [48ms]
2023-06-15 19:49:45.946 [info] > git cat-file -s 029a69da022bce2b2aa5a731fe1c4e1dbee516fd [46ms]
2023-06-15 19:49:45.947 [info] > git config --get commit.template [2ms]
2023-06-15 19:49:45.948 [info] > git cat-file -s e69de29bb2d1d6434b8b29ae775ad8c2e48c5391 [17ms]
2023-06-15 19:49:46.001 [info] > git show --textconv :Red-Key/src/App.jsx [39ms]
2023-06-15 19:49:46.001 [info] > git show --textconv :Red-Key/src/index.css [13ms]
2023-06-15 19:49:46.005 [info] > git for-each-ref --format=%(refname)%00%(upstream:short)%00%(objectname)%00%(upstream:track)%00%(upstream:remotename)%00%(upstream:remoteref) refs/heads/main refs/remotes/main [31ms]
2023-06-15 19:49:46.018 [info] > git show --textconv :Red-Key/src/App.css [18ms]
2023-06-15 19:49:46.124 [info] > git status -z -uall [107ms]
2023-06-15 19:49:47.097 [info] > git ls-files --stage -- /home/murkenne/Red-Key/src/App.jsx [12ms]
2023-06-15 19:49:47.107 [info] > git ls-files --stage -- /home/murkenne/Red-Key/src/index.css [34ms]
2023-06-15 19:49:47.119 [info] > git cat-file -s 9e8b5ad1d57411c5fb0c4cc60e3dd4db30c0a971 [13ms]
2023-06-15 19:49:47.122 [info] > git ls-files --stage -- /home/murkenne/Red-Key/src/App.css [26ms]
2023-06-15 19:49:47.136 [info] > git cat-file -s 029a69da022bce2b2aa5a731fe1c4e1dbee516fd [19ms]
2023-06-15 19:49:47.140 [info] > git cat-file -s e69de29bb2d1d6434b8b29ae775ad8c2e48c5391 [5ms]
2023-06-15 19:49:47.211 [info] > git show --textconv :Red-Key/src/App.jsx [37ms]
2023-06-15 19:49:47.211 [info] > git show --textconv :Red-Key/src/index.css [22ms]
2023-06-15 19:49:47.215 [info] > git show --textconv :Red-Key/src/App.css [7ms]
2023-06-15 19:49:49.773 [info] > git config --get commit.template [2ms]
2023-06-15 19:49:49.786 [info] > git for-each-ref --format=%(refname)%00%(upstream:short)%00%(objectname)%00%(upstream:track)%00%(upstream:remotename)%00%(upstream:remoteref) refs/heads/main refs/remotes/main [3ms]
2023-06-15 19:49:49.939 [info] > git status -z -uall [137ms]
2023-06-15 19:49:53.451 [info] > git check-ignore -v -z --stdin [7ms]
2023-06-15 19:49:54.973 [info] > git config --get commit.template [2ms]
2023-06-15 19:49:54.988 [info] > git for-each-ref --format=%(refname)%00%(upstream:short)%00%(objectname)%00%(upstream:track)%00%(upstream:remotename)%00%(upstream:remoteref) refs/heads/main refs/remotes/main [3ms]
2023-06-15 19:49:55.123 [info] > git status -z -uall [123ms]
2023-06-15 19:49:55.918 [info] > git for-each-ref --sort -committerdate --format %(refname) %(objectname) %(*objectname) [5ms]
2023-06-15 19:50:00.161 [info] > git config --get commit.template [12ms]
2023-06-15 19:50:00.162 [info] > git for-each-ref --format=%(refname)%00%(upstream:short)%00%(objectname)%00%(upstream:track)%00%(upstream:remotename)%00%(upstream:remoteref) refs/heads/main refs/remotes/main [2ms]
2023-06-15 19:50:00.284 [info] > git status -z -uall [113ms]
2023-06-15 19:50:00.581 [info] > git checkout -q main [69ms]
2023-06-15 19:50:00.597 [info] > git config --get commit.template [1ms]
2023-06-15 19:50:00.614 [info] > git for-each-ref --format=%(refname)%00%(upstream:short)%00%(objectname)%00%(upstream:track)%00%(upstream:remotename)%00%(upstream:remoteref) refs/heads/main refs/remotes/main [4ms]
2023-06-15 19:50:00.748 [info] > git status -z -uall [121ms]
2023-06-15 19:50:02.227 [info] > git ls-files --stage -- /home/murkenne/Red-Key/src/App.jsx [13ms]
2023-06-15 19:50:02.239 [info] > git ls-files --stage -- /home/murkenne/Red-Key/src/index.css [40ms]
2023-06-15 19:50:02.252 [info] > git cat-file -s 9e8b5ad1d57411c5fb0c4cc60e3dd4db30c0a971 [14ms]
2023-06-15 19:50:02.254 [info] > git ls-files --stage -- /home/murkenne/Red-Key/src/App.css [29ms]
2023-06-15 19:50:02.270 [info] > git cat-file -s 029a69da022bce2b2aa5a731fe1c4e1dbee516fd [19ms]
2023-06-15 19:50:02.275 [info] > git cat-file -s e69de29bb2d1d6434b8b29ae775ad8c2e48c5391 [7ms]
2023-06-15 19:50:02.352 [info] > git show --textconv :Red-Key/src/App.jsx [32ms]
2023-06-15 19:50:02.352 [info] > git show --textconv :Red-Key/src/index.css [16ms]
2023-06-15 19:50:02.355 [info] > git show --textconv :Red-Key/src/App.css [6ms]
2023-06-15 19:50:05.320 [info] > git config --get commit.template [4ms]
2023-06-15 19:50:05.339 [info] > git for-each-ref --format=%(refname)%00%(upstream:short)%00%(objectname)%00%(upstream:track)%00%(upstream:remotename)%00%(upstream:remoteref) refs/heads/main refs/remotes/main [5ms]
2023-06-15 19:50:05.490 [info] > git status -z -uall [135ms]
2023-06-15 19:50:10.523 [info] > git config --get commit.template [2ms]
2023-06-15 19:50:10.540 [info] > git for-each-ref --format=%(refname)%00%(upstream:short)%00%(objectname)%00%(upstream:track)%00%(upstream:remotename)%00%(upstream:remoteref) refs/heads/main refs/remotes/main [3ms]
2023-06-15 19:50:10.678 [info] > git status -z -uall [123ms]
2023-06-15 19:50:12.217 [info] > git push origin main:main [1183ms]
2023-06-15 19:50:12.217 [info] To github.com:FirstName-LastName-Personal-Website-1/Gold-nugget.git
 ! [rejected]        main -> main (non-fast-forward)
error: failed to push some refs to 'github.com:FirstName-LastName-Personal-Website-1/Gold-nugget.git'
hint: Updates were rejected because the tip of your current branch is behind
hint: its remote counterpart. Integrate the remote changes (e.g.
hint: 'git pull ...') before pushing again.
hint: See the 'Note about fast-forwards' in 'git push --help' for details.
2023-06-15 19:50:12.236 [info] > git config --get commit.template [2ms]
2023-06-15 19:50:12.255 [info] > git for-each-ref --format=%(refname)%00%(upstream:short)%00%(objectname)%00%(upstream:track)%00%(upstream:remotename)%00%(upstream:remoteref) refs/heads/main refs/remotes/main [4ms]
2023-06-15 19:50:12.401 [info] > git status -z -uall [132ms]
2023-06-15 19:50:19.531 [info] > git config --get commit.template [1ms]
2023-06-15 19:50:19.545 [info] > git for-each-ref --format=%(refname)%00%(upstream:short)%00%(objectname)%00%(upstream:track)%00%(upstream:remotename)%00%(upstream:remoteref) refs/heads/main refs/remotes/main [2ms]
2023-06-15 19:50:19.674 [info] > git status -z -uall [116ms]
2023-06-15 19:50:24.295 [info] > git log --oneline --cherry main...main@{upstream} -- [77ms]
2023-06-15 19:50:25.532 [info] > git pull --tags origin main [1225ms]
2023-06-15 19:50:25.532 [info] From github.com:FirstName-LastName-Personal-Website-1/Gold-nugget
 * branch            main       -> FETCH_HEAD
hint: You have divergent branches and need to specify how to reconcile them.
hint: You can do so by running one of the following commands sometime before
hint: your next pull:
hint: 
hint:   git config pull.rebase false  # merge (the default strategy)
hint:   git config pull.rebase true   # rebase
hint:   git config pull.ff only       # fast-forward only
hint: 
hint: You can replace "git config" with "git config --global" to set a default
hint: preference for all repositories. You can also pass --rebase, --no-rebase,
hint: or --ff-only on the command line to override the configured default per
hint: invocation.
fatal: Need to specify how to reconcile divergent branches.
2023-06-15 19:50:25.552 [info] > git config --get commit.template [2ms]
2023-06-15 19:50:25.568 [info] > git for-each-ref --format=%(refname)%00%(upstream:short)%00%(objectname)%00%(upstream:track)%00%(upstream:remotename)%00%(upstream:remoteref) refs/heads/main refs/remotes/main [3ms]
2023-06-15 19:50:25.698 [info] > git status -z -uall [116ms]
2023-06-15 19:50:25.743 [info] > git config --get commit.template [12ms]
2023-06-15 19:50:25.745 [info] > git for-each-ref --format=%(refname)%00%(upstream:short)%00%(objectname)%00%(upstream:track)%00%(upstream:remotename)%00%(upstream:remoteref) refs/heads/main refs/remotes/main [2ms]
2023-06-15 19:50:25.909 [info] > git status -z -uall [153ms]
2023-06-15 19:50:35.147 [info] > git ls-files --stage -- /home/murkenne/Red-Key/src/App.jsx [17ms]
2023-06-15 19:50:35.160 [info] > git ls-files --stage -- /home/murkenne/Red-Key/src/index.css [42ms]
2023-06-15 19:50:35.172 [info] > git config --get commit.template [71ms]
2023-06-15 19:50:35.188 [info] > git cat-file -s 029a69da022bce2b2aa5a731fe1c4e1dbee516fd [16ms]
2023-06-15 19:50:35.189 [info] > git cat-file -s 9e8b5ad1d57411c5fb0c4cc60e3dd4db30c0a971 [30ms]
2023-06-15 19:50:35.190 [info] > git ls-files --stage -- /home/murkenne/Red-Key/src/App.css [48ms]
2023-06-15 19:50:35.204 [info] > git cat-file -s e69de29bb2d1d6434b8b29ae775ad8c2e48c5391 [1ms]
2023-06-15 19:50:35.207 [info] > git for-each-ref --format=%(refname)%00%(upstream:short)%00%(objectname)%00%(upstream:track)%00%(upstream:remotename)%00%(upstream:remoteref) refs/heads/main refs/remotes/main [22ms]
2023-06-15 19:50:35.288 [info] > git show --textconv :Red-Key/src/index.css [34ms]
2023-06-15 19:50:35.289 [info] > git show --textconv :Red-Key/src/App.jsx [18ms]
2023-06-15 19:50:35.293 [info] > git show --textconv :Red-Key/src/App.css [6ms]
2023-06-15 19:50:35.341 [info] > git status -z -uall [121ms]
2023-06-15 19:50:40.369 [info] > git config --get commit.template [2ms]
2023-06-15 19:50:40.392 [info] > git for-each-ref --format=%(refname)%00%(upstream:short)%00%(objectname)%00%(upstream:track)%00%(upstream:remotename)%00%(upstream:remoteref) refs/heads/main refs/remotes/main [3ms]
2023-06-15 19:50:40.542 [info] > git status -z -uall [136ms]
2023-06-15 19:50:45.569 [info] > git config --get commit.template [2ms]
2023-06-15 19:50:45.586 [info] > git for-each-ref --format=%(refname)%00%(upstream:short)%00%(objectname)%00%(upstream:track)%00%(upstream:remotename)%00%(upstream:remoteref) refs/heads/main refs/remotes/main [3ms]
2023-06-15 19:50:45.725 [info] > git status -z -uall [125ms]
2023-06-15 19:50:50.748 [info] > git config --get commit.template [1ms]
2023-06-15 19:50:50.762 [info] > git for-each-ref --format=%(refname)%00%(upstream:short)%00%(objectname)%00%(upstream:track)%00%(upstream:remotename)%00%(upstream:remoteref) refs/heads/main refs/remotes/main [2ms]
2023-06-15 19:50:50.895 [info] > git status -z -uall [117ms]
2023-06-15 19:50:52.101 [info] > git show --textconv :.git/COMMIT_EDITMSG [22ms]
2023-06-15 19:50:52.105 [info] > git ls-files --stage -- /home/murkenne/.git/COMMIT_EDITMSG [11ms]
2023-06-15 19:50:52.769 [info] > git ls-files --stage -- /home/murkenne/Red-Key/src/App.css [15ms]
2023-06-15 19:50:52.783 [info] > git ls-files --stage -- /home/murkenne/Red-Key/src/App.jsx [39ms]
2023-06-15 19:50:52.797 [info] > git ls-files --stage -- /home/murkenne/Red-Key/src/index.css [66ms]
2023-06-15 19:50:52.812 [info] > git cat-file -s 029a69da022bce2b2aa5a731fe1c4e1dbee516fd [2ms]
2023-06-15 19:50:52.813 [info] > git cat-file -s 9e8b5ad1d57411c5fb0c4cc60e3dd4db30c0a971 [18ms]
2023-06-15 19:50:52.815 [info] > git cat-file -s e69de29bb2d1d6434b8b29ae775ad8c2e48c5391 [33ms]
2023-06-15 19:50:52.816 [info] > git ls-files --stage -- /home/murkenne/.git/COMMIT_EDITMSG [48ms]
2023-06-15 19:50:52.886 [info] > git show --textconv :Red-Key/src/index.css [47ms]
2023-06-15 19:50:52.887 [info] > git show --textconv :Red-Key/src/App.jsx [35ms]
2023-06-15 19:50:52.887 [info] > git show --textconv :Red-Key/src/App.css [19ms]
2023-06-15 19:50:52.887 [info] > git show --textconv :.git/COMMIT_EDITMSG [4ms]
2023-06-15 19:52:35.827 [info] > git check-ignore -v -z --stdin [7ms]
2023-06-15 19:52:37.670 [info] > git check-ignore -v -z --stdin [24ms]
2023-06-15 19:53:07.384 [info] > git -c user.useConfigOnly=true commit --quiet [136050ms]
2023-06-15 19:53:07.385 [info] Aborting commit due to empty commit message.
2023-06-15 19:53:07.401 [info] > git config --get commit.template [2ms]
2023-06-15 19:53:07.424 [info] > git for-each-ref --format=%(refname)%00%(upstream:short)%00%(objectname)%00%(upstream:track)%00%(upstream:remotename)%00%(upstream:remoteref) refs/heads/main refs/remotes/main [3ms]
2023-06-15 19:53:07.559 [info] > git status -z -uall [122ms]
2023-06-15 19:53:07.597 [info] > git config --get commit.template [1ms]
2023-06-15 19:53:07.610 [info] > git for-each-ref --format=%(refname)%00%(upstream:short)%00%(objectname)%00%(upstream:track)%00%(upstream:remotename)%00%(upstream:remoteref) refs/heads/main refs/remotes/main [2ms]
2023-06-15 19:53:07.798 [info] > git status -z -uall [177ms]
2023-06-15 19:53:08.820 [info] > git fetch [1239ms]
2023-06-15 19:53:08.850 [info] > git config --get commit.template [13ms]
2023-06-15 19:53:08.852 [info] > git for-each-ref --format=%(refname)%00%(upstream:short)%00%(objectname)%00%(upstream:track)%00%(upstream:remotename)%00%(upstream:remoteref) refs/heads/main refs/remotes/main [3ms]
2023-06-15 19:53:08.979 [info] > git status -z -uall [114ms]
2023-06-15 19:53:09.966 [info] > git ls-files --stage -- /home/murkenne/Red-Key/src/App.jsx [15ms]
2023-06-15 19:53:09.978 [info] > git ls-files --stage -- /home/murkenne/Red-Key/src/index.css [41ms]
2023-06-15 19:53:09.992 [info] > git cat-file -s 9e8b5ad1d57411c5fb0c4cc60e3dd4db30c0a971 [14ms]
2023-06-15 19:53:09.993 [info] > git ls-files --stage -- /home/murkenne/Red-Key/src/App.css [30ms]
2023-06-15 19:53:10.011 [info] > git cat-file -s e69de29bb2d1d6434b8b29ae775ad8c2e48c5391 [2ms]
2023-06-15 19:53:10.013 [info] > git cat-file -s 029a69da022bce2b2aa5a731fe1c4e1dbee516fd [23ms]
2023-06-15 19:53:10.079 [info] > git show --textconv :Red-Key/src/App.jsx [41ms]
2023-06-15 19:53:10.079 [info] > git show --textconv :Red-Key/src/App.css [22ms]
2023-06-15 19:53:10.082 [info] > git show --textconv :Red-Key/src/index.css [7ms]
2023-06-15 19:53:12.478 [info] > git check-ignore -v -z --stdin [11ms]
2023-06-15 19:53:13.145 [info] > git config --get commit.template [14ms]
2023-06-15 19:53:13.147 [info] > git for-each-ref --format=%(refname)%00%(upstream:short)%00%(objectname)%00%(upstream:track)%00%(upstream:remotename)%00%(upstream:remoteref) refs/heads/main refs/remotes/main [3ms]
2023-06-15 19:53:13.289 [info] > git status -z -uall [127ms]
2023-06-15 19:53:18.316 [info] > git config --get commit.template [2ms]
2023-06-15 19:53:18.334 [info] > git for-each-ref --format=%(refname)%00%(upstream:short)%00%(objectname)%00%(upstream:track)%00%(upstream:remotename)%00%(upstream:remoteref) refs/heads/main refs/remotes/main [2ms]
2023-06-15 19:53:18.474 [info] > git status -z -uall [122ms]
2023-06-15 19:53:21.381 [info] > git check-ignore -v -z --stdin [9ms]
2023-06-15 19:54:02.082 [info] > git config --get commit.template [2ms]
2023-06-15 19:54:02.100 [info] > git for-each-ref --format=%(refname)%00%(upstream:short)%00%(objectname)%00%(upstream:track)%00%(upstream:remotename)%00%(upstream:remoteref) refs/heads/main refs/remotes/main [3ms]
2023-06-15 19:54:02.292 [info] > git status -z -uall [170ms]
2023-06-15 19:54:07.326 [info] > git config --get commit.template [4ms]
2023-06-15 19:54:07.360 [info] > git for-each-ref --format=%(refname)%00%(upstream:short)%00%(objectname)%00%(upstream:track)%00%(upstream:remotename)%00%(upstream:remoteref) refs/heads/main refs/remotes/main [22ms]
2023-06-15 19:54:07.488 [info] > git status -z -uall [115ms]
2023-06-15 19:54:08.586 [info] > git fetch [1229ms]
2023-06-15 19:54:08.617 [info] > git config --get commit.template [16ms]
2023-06-15 19:54:08.618 [info] > git for-each-ref --format=%(refname)%00%(upstream:short)%00%(objectname)%00%(upstream:track)%00%(upstream:remotename)%00%(upstream:remoteref) refs/heads/main refs/remotes/main [2ms]
2023-06-15 19:54:08.749 [info] > git status -z -uall [115ms]
2023-06-15 19:54:09.803 [info] > git ls-files --stage -- /home/murkenne/Red-Key/src/App.jsx [17ms]
2023-06-15 19:54:09.816 [info] > git ls-files --stage -- /home/murkenne/Red-Key/src/index.css [41ms]
2023-06-15 19:54:09.829 [info] > git cat-file -s 9e8b5ad1d57411c5fb0c4cc60e3dd4db30c0a971 [13ms]
2023-06-15 19:54:09.831 [info] > git ls-files --stage -- /home/murkenne/Red-Key/src/App.css [32ms]
2023-06-15 19:54:09.848 [info] > git cat-file -s 029a69da022bce2b2aa5a731fe1c4e1dbee516fd [22ms]
2023-06-15 19:54:09.852 [info] > git cat-file -s e69de29bb2d1d6434b8b29ae775ad8c2e48c5391 [9ms]
2023-06-15 19:54:09.953 [info] > git show --textconv :Red-Key/src/App.jsx [54ms]
2023-06-15 19:54:09.953 [info] > git show --textconv :Red-Key/src/index.css [15ms]
2023-06-15 19:54:09.956 [info] > git show --textconv :Red-Key/src/App.css [6ms]
2023-06-15 19:54:12.520 [info] > git config --get commit.template [3ms]
2023-06-15 19:54:12.535 [info] > git for-each-ref --format=%(refname)%00%(upstream:short)%00%(objectname)%00%(upstream:track)%00%(upstream:remotename)%00%(upstream:remoteref) refs/heads/main refs/remotes/main [3ms]
2023-06-15 19:54:12.679 [info] > git status -z -uall [129ms]
2023-06-15 19:54:17.711 [info] > git config --get commit.template [4ms]
2023-06-15 19:54:17.732 [info] > git for-each-ref --format=%(refname)%00%(upstream:short)%00%(objectname)%00%(upstream:track)%00%(upstream:remotename)%00%(upstream:remoteref) refs/heads/main refs/remotes/main [3ms]
2023-06-15 19:54:17.870 [info] > git status -z -uall [124ms]
2023-06-15 19:54:33.810 [info] > git config --get commit.template [4ms]
2023-06-15 19:54:33.831 [info] > git for-each-ref --format=%(refname)%00%(upstream:short)%00%(objectname)%00%(upstream:track)%00%(upstream:remotename)%00%(upstream:remoteref) refs/heads/main refs/remotes/main [4ms]
2023-06-15 19:54:33.977 [info] > git status -z -uall [133ms]
2023-06-15 19:54:34.955 [info] > git show --textconv :.git/COMMIT_EDITMSG [11ms]
2023-06-15 19:54:34.964 [info] > git ls-files --stage -- /home/murkenne/.git/COMMIT_EDITMSG [10ms]
2023-06-15 19:54:35.479 [info] > git ls-files --stage -- /home/murkenne/Red-Key/src/App.css [14ms]
2023-06-15 19:54:35.492 [info] > git ls-files --stage -- /home/murkenne/Red-Key/src/App.jsx [41ms]
2023-06-15 19:54:35.503 [info] > git ls-files --stage -- /home/murkenne/Red-Key/src/index.css [65ms]
2023-06-15 19:54:35.516 [info] > git cat-file -s 9e8b5ad1d57411c5fb0c4cc60e3dd4db30c0a971 [13ms]
2023-06-15 19:54:35.517 [info] > git cat-file -s e69de29bb2d1d6434b8b29ae775ad8c2e48c5391 [26ms]
2023-06-15 19:54:35.519 [info] > git ls-files --stage -- /home/murkenne/.git/COMMIT_EDITMSG [41ms]
2023-06-15 19:54:35.521 [info] > git cat-file -s 029a69da022bce2b2aa5a731fe1c4e1dbee516fd [7ms]
2023-06-15 19:54:35.589 [info] > git show --textconv :Red-Key/src/App.jsx [41ms]
2023-06-15 19:54:35.589 [info] > git show --textconv :Red-Key/src/App.css [28ms]
2023-06-15 19:54:35.590 [info] > git show --textconv :.git/COMMIT_EDITMSG [16ms]
2023-06-15 19:54:35.595 [info] > git show --textconv :Red-Key/src/index.css [7ms]
2023-06-15 19:54:39.962 [info] > git -c user.useConfigOnly=true commit --quiet [6047ms]
2023-06-15 19:54:39.962 [info] Aborting commit due to empty commit message.
2023-06-15 19:54:39.978 [info] > git config --get commit.template [2ms]
2023-06-15 19:54:39.995 [info] > git for-each-ref --format=%(refname)%00%(upstream:short)%00%(objectname)%00%(upstream:track)%00%(upstream:remotename)%00%(upstream:remoteref) refs/heads/main refs/remotes/main [3ms]
2023-06-15 19:54:40.118 [info] > git status -z -uall [110ms]
2023-06-15 19:54:40.151 [info] > git config --get commit.template [1ms]
2023-06-15 19:54:40.165 [info] > git for-each-ref --format=%(refname)%00%(upstream:short)%00%(objectname)%00%(upstream:track)%00%(upstream:remotename)%00%(upstream:remoteref) refs/heads/main refs/remotes/main [3ms]
2023-06-15 19:54:40.317 [info] > git status -z -uall [141ms]
2023-06-15 19:54:44.577 [info] > git show --textconv :.git/COMMIT_EDITMSG [13ms]
2023-06-15 19:54:44.582 [info] > git ls-files --stage -- /home/murkenne/.git/COMMIT_EDITMSG [5ms]
2023-06-15 19:54:45.518 [info] > git ls-files --stage -- /home/murkenne/Red-Key/src/App.css [14ms]
2023-06-15 19:54:45.531 [info] > git ls-files --stage -- /home/murkenne/Red-Key/src/App.jsx [41ms]
2023-06-15 19:54:45.545 [info] > git ls-files --stage -- /home/murkenne/Red-Key/src/index.css [65ms]
2023-06-15 19:54:45.556 [info] > git cat-file -s 9e8b5ad1d57411c5fb0c4cc60e3dd4db30c0a971 [11ms]
2023-06-15 19:54:45.558 [info] > git cat-file -s e69de29bb2d1d6434b8b29ae775ad8c2e48c5391 [27ms]
2023-06-15 19:54:45.560 [info] > git ls-files --stage -- /home/murkenne/.git/COMMIT_EDITMSG [44ms]
2023-06-15 19:54:45.562 [info] > git cat-file -s 029a69da022bce2b2aa5a731fe1c4e1dbee516fd [8ms]
2023-06-15 19:54:45.621 [info] > git show --textconv :Red-Key/src/App.jsx [41ms]
2023-06-15 19:54:45.622 [info] > git show --textconv :Red-Key/src/App.css [28ms]
2023-06-15 19:54:45.622 [info] > git show --textconv :.git/COMMIT_EDITMSG [17ms]
2023-06-15 19:54:45.628 [info] > git show --textconv :Red-Key/src/index.css [7ms]
2023-06-15 19:55:14.906 [info] > git -c user.useConfigOnly=true commit --quiet [31009ms]
2023-06-15 19:55:14.906 [info] Aborting commit due to empty commit message.
2023-06-15 19:55:14.921 [info] > git config --get commit.template [1ms]
2023-06-15 19:55:14.937 [info] > git for-each-ref --format=%(refname)%00%(upstream:short)%00%(objectname)%00%(upstream:track)%00%(upstream:remotename)%00%(upstream:remoteref) refs/heads/main refs/remotes/main [2ms]
2023-06-15 19:55:15.091 [info] > git status -z -uall [138ms]
2023-06-15 19:55:15.132 [info] > git config --get commit.template [3ms]
2023-06-15 19:55:15.146 [info] > git for-each-ref --format=%(refname)%00%(upstream:short)%00%(objectname)%00%(upstream:track)%00%(upstream:remotename)%00%(upstream:remoteref) refs/heads/main refs/remotes/main [2ms]
2023-06-15 19:55:15.293 [info] > git status -z -uall [136ms]
2023-06-15 19:55:16.183 [info] > git ls-files --stage -- /home/murkenne/Red-Key/src/App.jsx [14ms]
2023-06-15 19:55:16.196 [info] > git ls-files --stage -- /home/murkenne/Red-Key/src/index.css [41ms]
2023-06-15 19:55:16.207 [info] > git cat-file -s 9e8b5ad1d57411c5fb0c4cc60e3dd4db30c0a971 [10ms]
2023-06-15 19:55:16.210 [info] > git ls-files --stage -- /home/murkenne/Red-Key/src/App.css [28ms]
2023-06-15 19:55:16.224 [info] > git cat-file -s 029a69da022bce2b2aa5a731fe1c4e1dbee516fd [19ms]
2023-06-15 19:55:16.227 [info] > git cat-file -s e69de29bb2d1d6434b8b29ae775ad8c2e48c5391 [5ms]
2023-06-15 19:55:16.294 [info] > git show --textconv :Red-Key/src/App.jsx [39ms]
2023-06-15 19:55:16.295 [info] > git show --textconv :Red-Key/src/index.css [23ms]
2023-06-15 19:55:16.300 [info] > git show --textconv :Red-Key/src/App.css [8ms]
2023-06-15 19:55:20.324 [info] > git config --get commit.template [3ms]
2023-06-15 19:55:20.383 [info] > git for-each-ref --format=%(refname)%00%(upstream:short)%00%(objectname)%00%(upstream:track)%00%(upstream:remotename)%00%(upstream:remoteref) refs/heads/main refs/remotes/main [5ms]
2023-06-15 19:55:20.536 [info] > git status -z -uall [138ms]
2023-06-15 19:55:21.374 [info] > git show --textconv :.git/COMMIT_EDITMSG [11ms]
2023-06-15 19:55:21.378 [info] > git ls-files --stage -- /home/murkenne/.git/COMMIT_EDITMSG [6ms]
2023-06-15 19:55:21.986 [info] > git ls-files --stage -- /home/murkenne/Red-Key/src/App.css [14ms]
2023-06-15 19:55:21.999 [info] > git ls-files --stage -- /home/murkenne/Red-Key/src/App.jsx [40ms]
2023-06-15 19:55:22.011 [info] > git ls-files --stage -- /home/murkenne/Red-Key/src/index.css [63ms]
2023-06-15 19:55:22.028 [info] > git cat-file -s 029a69da022bce2b2aa5a731fe1c4e1dbee516fd [5ms]
2023-06-15 19:55:22.030 [info] > git cat-file -s 9e8b5ad1d57411c5fb0c4cc60e3dd4db30c0a971 [19ms]
2023-06-15 19:55:22.031 [info] > git cat-file -s e69de29bb2d1d6434b8b29ae775ad8c2e48c5391 [32ms]
2023-06-15 19:55:22.032 [info] > git ls-files --stage -- /home/murkenne/.git/COMMIT_EDITMSG [48ms]
2023-06-15 19:55:22.100 [info] > git show --textconv :Red-Key/src/index.css [48ms]
2023-06-15 19:55:22.100 [info] > git show --textconv :Red-Key/src/App.jsx [34ms]
2023-06-15 19:55:22.100 [info] > git show --textconv :Red-Key/src/App.css [20ms]
2023-06-15 19:55:22.103 [info] > git show --textconv :.git/COMMIT_EDITMSG [7ms]
2023-06-15 19:55:38.613 [info] > git -c user.useConfigOnly=true commit --quiet [18114ms]
2023-06-15 19:55:38.613 [info] Aborting commit due to empty commit message.
2023-06-15 19:55:38.641 [info] > git config --get commit.template [12ms]
2023-06-15 19:55:38.646 [info] > git for-each-ref --format=%(refname)%00%(upstream:short)%00%(objectname)%00%(upstream:track)%00%(upstream:remotename)%00%(upstream:remoteref) refs/heads/main refs/remotes/main [5ms]
2023-06-15 19:55:38.794 [info] > git status -z -uall [130ms]
2023-06-15 19:55:38.834 [info] > git config --get commit.template [2ms]
2023-06-15 19:55:38.851 [info] > git for-each-ref --format=%(refname)%00%(upstream:short)%00%(objectname)%00%(upstream:track)%00%(upstream:remotename)%00%(upstream:remoteref) refs/heads/main refs/remotes/main [2ms]
2023-06-15 19:55:39.009 [info] > git status -z -uall [146ms]
2023-06-15 19:55:39.983 [info] > git ls-files --stage -- /home/murkenne/Red-Key/src/App.jsx [17ms]
2023-06-15 19:55:39.997 [info] > git ls-files --stage -- /home/murkenne/Red-Key/src/index.css [42ms]
2023-06-15 19:55:40.010 [info] > git cat-file -s 9e8b5ad1d57411c5fb0c4cc60e3dd4db30c0a971 [12ms]
2023-06-15 19:55:40.012 [info] > git ls-files --stage -- /home/murkenne/Red-Key/src/App.css [31ms]
2023-06-15 19:55:40.026 [info] > git cat-file -s 029a69da022bce2b2aa5a731fe1c4e1dbee516fd [20ms]
2023-06-15 19:55:40.029 [info] > git cat-file -s e69de29bb2d1d6434b8b29ae775ad8c2e48c5391 [6ms]
2023-06-15 19:55:40.082 [info] > git show --textconv :Red-Key/src/App.jsx [34ms]
2023-06-15 19:55:40.082 [info] > git show --textconv :Red-Key/src/index.css [18ms]
2023-06-15 19:55:40.085 [info] > git show --textconv :Red-Key/src/App.css [6ms]
2023-06-15 19:55:44.422 [info] > git config --get commit.template [1ms]
2023-06-15 19:55:44.435 [info] > git for-each-ref --format=%(refname)%00%(upstream:short)%00%(objectname)%00%(upstream:track)%00%(upstream:remotename)%00%(upstream:remoteref) refs/heads/main refs/remotes/main [3ms]
2023-06-15 19:55:44.577 [info] > git status -z -uall [126ms]
2023-06-15 19:55:46.945 [info] > git push origin main:main [1230ms]
2023-06-15 19:55:46.945 [info] To github.com:FirstName-LastName-Personal-Website-1/Gold-nugget.git
 ! [rejected]        main -> main (non-fast-forward)
error: failed to push some refs to 'github.com:FirstName-LastName-Personal-Website-1/Gold-nugget.git'
hint: Updates were rejected because the tip of your current branch is behind
hint: its remote counterpart. Integrate the remote changes (e.g.
hint: 'git pull ...') before pushing again.
hint: See the 'Note about fast-forwards' in 'git push --help' for details.
2023-06-15 19:55:46.961 [info] > git config --get commit.template [2ms]
2023-06-15 19:55:46.974 [info] > git for-each-ref --format=%(refname)%00%(upstream:short)%00%(objectname)%00%(upstream:track)%00%(upstream:remotename)%00%(upstream:remoteref) refs/heads/main refs/remotes/main [3ms]
2023-06-15 19:55:47.113 [info] > git status -z -uall [127ms]
2023-06-15 19:55:49.925 [info] > git config --get commit.template [3ms]
2023-06-15 19:55:49.942 [info] > git for-each-ref --format=%(refname)%00%(upstream:short)%00%(objectname)%00%(upstream:track)%00%(upstream:remotename)%00%(upstream:remoteref) refs/heads/main refs/remotes/main [3ms]
2023-06-15 19:55:50.068 [info] > git status -z -uall [113ms]
2023-06-15 19:55:55.103 [info] > git config --get commit.template [1ms]
2023-06-15 19:55:55.121 [info] > git for-each-ref --format=%(refname)%00%(upstream:short)%00%(objectname)%00%(upstream:track)%00%(upstream:remotename)%00%(upstream:remoteref) refs/heads/main refs/remotes/main [3ms]
2023-06-15 19:55:55.255 [info] > git status -z -uall [120ms]
2023-06-15 19:56:00.288 [info] > git config --get commit.template [1ms]
2023-06-15 19:56:00.304 [info] > git for-each-ref --format=%(refname)%00%(upstream:short)%00%(objectname)%00%(upstream:track)%00%(upstream:remotename)%00%(upstream:remoteref) refs/heads/main refs/remotes/main [3ms]
2023-06-15 19:56:00.431 [info] > git status -z -uall [115ms]
2023-06-15 19:56:05.459 [info] > git config --get commit.template [3ms]
2023-06-15 19:56:05.477 [info] > git for-each-ref --format=%(refname)%00%(upstream:short)%00%(objectname)%00%(upstream:track)%00%(upstream:remotename)%00%(upstream:remoteref) refs/heads/main refs/remotes/main [2ms]
2023-06-15 19:56:05.602 [info] > git status -z -uall [113ms]
2023-06-15 19:56:05.618 [info] > git check-ignore -v -z --stdin [22ms]
2023-06-15 19:56:10.272 [info] > git ls-files --stage -- /home/murkenne/Red-Key/src/App.jsx [13ms]
2023-06-15 19:56:10.285 [info] > git ls-files --stage -- /home/murkenne/Red-Key/src/index.css [39ms]
2023-06-15 19:56:10.297 [info] > git cat-file -s 9e8b5ad1d57411c5fb0c4cc60e3dd4db30c0a971 [13ms]
2023-06-15 19:56:10.299 [info] > git ls-files --stage -- /home/murkenne/Red-Key/src/App.css [29ms]
2023-06-15 19:56:10.314 [info] > git cat-file -s 029a69da022bce2b2aa5a731fe1c4e1dbee516fd [18ms]
2023-06-15 19:56:10.317 [info] > git cat-file -s e69de29bb2d1d6434b8b29ae775ad8c2e48c5391 [4ms]
2023-06-15 19:56:10.377 [info] > git show --textconv :Red-Key/src/App.jsx [35ms]
2023-06-15 19:56:10.378 [info] > git show --textconv :Red-Key/src/index.css [17ms]
2023-06-15 19:56:10.381 [info] > git show --textconv :Red-Key/src/App.css [5ms]
2023-06-15 19:56:10.565 [info] > git fetch [1530ms]
2023-06-15 19:56:10.582 [info] > git config --get commit.template [3ms]
2023-06-15 19:56:10.599 [info] > git for-each-ref --format=%(refname)%00%(upstream:short)%00%(objectname)%00%(upstream:track)%00%(upstream:remotename)%00%(upstream:remoteref) refs/heads/main refs/remotes/main [3ms]
2023-06-15 19:56:10.739 [info] > git status -z -uall [125ms]
2023-06-15 19:56:10.766 [info] > git config --get commit.template [5ms]
2023-06-15 19:56:10.781 [info] > git for-each-ref --format=%(refname)%00%(upstream:short)%00%(objectname)%00%(upstream:track)%00%(upstream:remotename)%00%(upstream:remoteref) refs/heads/main refs/remotes/main [2ms]
2023-06-15 19:56:10.917 [info] > git status -z -uall [125ms]
2023-06-15 19:56:11.765 [info] > git ls-files --stage -- /home/murkenne/Red-Key/src/App.jsx [15ms]
2023-06-15 19:56:11.777 [info] > git ls-files --stage -- /home/murkenne/Red-Key/src/index.css [39ms]
2023-06-15 19:56:11.788 [info] > git cat-file -s 029a69da022bce2b2aa5a731fe1c4e1dbee516fd [1ms]
2023-06-15 19:56:11.789 [info] > git cat-file -s 9e8b5ad1d57411c5fb0c4cc60e3dd4db30c0a971 [12ms]
2023-06-15 19:56:11.790 [info] > git ls-files --stage -- /home/murkenne/Red-Key/src/App.css [26ms]
2023-06-15 19:56:11.808 [info] > git cat-file -s e69de29bb2d1d6434b8b29ae775ad8c2e48c5391 [5ms]
2023-06-15 19:56:11.882 [info] > git show --textconv :Red-Key/src/index.css [45ms]
2023-06-15 19:56:11.883 [info] > git show --textconv :Red-Key/src/App.jsx [31ms]
2023-06-15 19:56:11.889 [info] > git show --textconv :Red-Key/src/App.css [7ms]
2023-06-15 19:56:21.872 [info] > git config --get commit.template [1ms]
2023-06-15 19:56:21.892 [info] > git for-each-ref --format=%(refname)%00%(upstream:short)%00%(objectname)%00%(upstream:track)%00%(upstream:remotename)%00%(upstream:remoteref) refs/heads/main refs/remotes/main [4ms]
2023-06-15 19:56:22.037 [info] > git status -z -uall [131ms]
2023-06-15 19:56:24.624 [info] > git check-ignore -v -z --stdin [7ms]
2023-06-15 19:56:27.066 [info] > git config --get commit.template [2ms]
2023-06-15 19:56:27.082 [info] > git for-each-ref --format=%(refname)%00%(upstream:short)%00%(objectname)%00%(upstream:track)%00%(upstream:remotename)%00%(upstream:remoteref) refs/heads/main refs/remotes/main [3ms]
2023-06-15 19:56:27.234 [info] > git status -z -uall [137ms]
2023-06-15 20:07:43.801 [info] > git config --get commit.template [20ms]
2023-06-15 20:07:43.802 [info] > git for-each-ref --format=%(refname)%00%(upstream:short)%00%(objectname)%00%(upstream:track)%00%(upstream:remotename)%00%(upstream:remoteref) refs/heads/main refs/remotes/main [7ms]
2023-06-15 20:07:43.889 [info] > git ls-files --stage -- /home/murkenne/Red-Key/src/App.jsx [24ms]
2023-06-15 20:07:43.904 [info] > git ls-files --stage -- /home/murkenne/Red-Key/src/index.css [62ms]
2023-06-15 20:07:43.925 [info] > git status -z -uall [108ms]
2023-06-15 20:07:43.925 [info] > git cat-file -s 029a69da022bce2b2aa5a731fe1c4e1dbee516fd [3ms]
2023-06-15 20:07:43.926 [info] > git cat-file -s 9e8b5ad1d57411c5fb0c4cc60e3dd4db30c0a971 [23ms]
2023-06-15 20:07:43.927 [info] > git ls-files --stage -- /home/murkenne/Red-Key/src/App.css [46ms]
2023-06-15 20:07:43.949 [info] > git cat-file -s e69de29bb2d1d6434b8b29ae775ad8c2e48c5391 [4ms]
2023-06-15 20:07:43.998 [info] > git show --textconv :Red-Key/src/index.css [15ms]
2023-06-15 20:07:44.000 [info] > git show --textconv :Red-Key/src/App.jsx [7ms]
2023-06-15 20:07:44.026 [info] > git show --textconv :Red-Key/src/App.css [6ms]
2023-06-15 20:07:45.031 [info] > git ls-files --stage -- /home/murkenne/Red-Key/src/App.jsx [12ms]
2023-06-15 20:07:45.041 [info] > git ls-files --stage -- /home/murkenne/Red-Key/src/index.css [33ms]
2023-06-15 20:07:45.056 [info] > git cat-file -s 029a69da022bce2b2aa5a731fe1c4e1dbee516fd [3ms]
2023-06-15 20:07:45.057 [info] > git cat-file -s 9e8b5ad1d57411c5fb0c4cc60e3dd4db30c0a971 [16ms]
2023-06-15 20:07:45.058 [info] > git fetch [1298ms]
2023-06-15 20:07:45.060 [info] > git ls-files --stage -- /home/murkenne/Red-Key/src/App.css [32ms]
2023-06-15 20:07:45.091 [info] > git cat-file -s e69de29bb2d1d6434b8b29ae775ad8c2e48c5391 [14ms]
2023-06-15 20:07:45.130 [info] > git show --textconv :Red-Key/src/index.css [16ms]
2023-06-15 20:07:45.131 [info] > git config --get commit.template [41ms]
2023-06-15 20:07:45.178 [info] > git show --textconv :Red-Key/src/App.jsx [51ms]
2023-06-15 20:07:45.179 [info] > git show --textconv :Red-Key/src/App.css [25ms]
2023-06-15 20:07:45.209 [info] > git for-each-ref --format=%(refname)%00%(upstream:short)%00%(objectname)%00%(upstream:track)%00%(upstream:remotename)%00%(upstream:remoteref) refs/heads/main refs/remotes/main [8ms]
2023-06-15 20:07:45.318 [info] > git status -z -uall [96ms]
