2023-06-15 16:27:20.972 [info] Log level: Info
2023-06-15 16:27:20.972 [info] Validating found git in: "git"
2023-06-15 16:27:20.972 [info] Using git "2.34.1" from "git"
2023-06-15 16:27:20.972 [info] > git rev-parse --show-toplevel [17ms]
2023-06-15 16:27:20.972 [info] > git rev-parse --git-dir --git-common-dir [3ms]
2023-06-15 16:27:20.972 [info] Open repository: /home/murkenne
2023-06-15 16:27:20.972 [info] > git rev-parse --show-toplevel [20ms]
2023-06-15 16:27:20.976 [info] > git rev-parse --show-toplevel [24ms]
2023-06-15 16:27:20.988 [info] > git config --get commit.template [43ms]
2023-06-15 16:27:20.994 [info] > git rev-parse --show-toplevel [10ms]
2023-06-15 16:27:21.008 [info] > git for-each-ref --format=%(refname)%00%(upstream:short)%00%(objectname)%00%(upstream:track)%00%(upstream:remotename)%00%(upstream:remoteref) refs/heads/main refs/remotes/main [3ms]
2023-06-15 16:27:21.118 [info] > git status -z -uall [104ms]
2023-06-15 16:27:21.630 [info] > git config --get commit.template [492ms]
2023-06-15 16:27:21.631 [info] > git check-ignore -v -z --stdin [16ms]
2023-06-15 16:27:21.644 [info] > git for-each-ref --format=%(refname)%00%(upstream:short)%00%(objectname)%00%(upstream:track)%00%(upstream:remotename)%00%(upstream:remoteref) refs/heads/main refs/remotes/main [2ms]
2023-06-15 16:27:21.680 [info] > git show --textconv :Red-Key/index.html [11ms]
2023-06-15 16:27:21.684 [info] > git ls-files --stage -- /home/murkenne/Red-Key/index.html [6ms]
2023-06-15 16:27:21.705 [info] > git cat-file -s 7b866946ae0b9315378139e549584be95deddfe8 [13ms]
2023-06-15 16:27:21.753 [info] > git status -z -uall [103ms]
2023-06-15 16:27:22.164 [info] > git fetch [1246ms]
2023-06-15 16:27:22.181 [info] > git config --get commit.template [6ms]
2023-06-15 16:27:22.181 [info] > git for-each-ref --format=%(refname)%00%(upstream:short)%00%(objectname)%00%(upstream:track)%00%(upstream:remotename)%00%(upstream:remoteref) refs/heads/main refs/remotes/main [1ms]
2023-06-15 16:27:22.258 [info] > git status -z -uall [71ms]
2023-06-15 16:27:23.395 [info] > git ls-files --stage -- /home/murkenne/Red-Key/index.html [4ms]
2023-06-15 16:27:23.402 [info] > git cat-file -s 7b866946ae0b9315378139e549584be95deddfe8 [1ms]
2023-06-15 16:27:23.417 [info] > git show --textconv :Red-Key/index.html [3ms]
2023-06-15 16:27:25.161 [info] > git config --get commit.template [1ms]
2023-06-15 16:27:25.168 [info] > git for-each-ref --format=%(refname)%00%(upstream:short)%00%(objectname)%00%(upstream:track)%00%(upstream:remotename)%00%(upstream:remoteref) refs/heads/main refs/remotes/main [2ms]
2023-06-15 16:27:25.242 [info] > git status -z -uall [69ms]
2023-06-15 16:27:30.264 [info] > git config --get commit.template [3ms]
2023-06-15 16:27:30.274 [info] > git for-each-ref --format=%(refname)%00%(upstream:short)%00%(objectname)%00%(upstream:track)%00%(upstream:remotename)%00%(upstream:remoteref) refs/heads/main refs/remotes/main [2ms]
2023-06-15 16:27:30.381 [info] > git status -z -uall [98ms]
2023-06-15 16:27:35.403 [info] > git config --get commit.template [1ms]
2023-06-15 16:27:35.414 [info] > git for-each-ref --format=%(refname)%00%(upstream:short)%00%(objectname)%00%(upstream:track)%00%(upstream:remotename)%00%(upstream:remoteref) refs/heads/main refs/remotes/main [3ms]
2023-06-15 16:27:35.514 [info] > git status -z -uall [91ms]
2023-06-15 16:27:35.830 [info] > git show --textconv :Red-Key/src/App.jsx [36ms]
2023-06-15 16:27:35.834 [info] > git ls-files --stage -- /home/murkenne/Red-Key/src/App.jsx [28ms]
2023-06-15 16:27:35.848 [info] > git cat-file -s 0529452c5f639471e00c47d0eefe91d0753f6aa5 [3ms]
2023-06-15 16:27:36.296 [info] > git check-ignore -v -z --stdin [7ms]
2023-06-15 16:27:46.379 [info] > git config --get commit.template [3ms]
2023-06-15 16:27:46.392 [info] > git for-each-ref --format=%(refname)%00%(upstream:short)%00%(objectname)%00%(upstream:track)%00%(upstream:remotename)%00%(upstream:remoteref) refs/heads/main refs/remotes/main [2ms]
2023-06-15 16:27:46.498 [info] > git status -z -uall [95ms]
2023-06-15 16:27:51.516 [info] > git config --get commit.template [1ms]
2023-06-15 16:27:51.525 [info] > git for-each-ref --format=%(refname)%00%(upstream:short)%00%(objectname)%00%(upstream:track)%00%(upstream:remotename)%00%(upstream:remoteref) refs/heads/main refs/remotes/main [2ms]
2023-06-15 16:27:51.635 [info] > git status -z -uall [103ms]
2023-06-15 16:27:56.662 [info] > git config --get commit.template [3ms]
2023-06-15 16:27:56.675 [info] > git for-each-ref --format=%(refname)%00%(upstream:short)%00%(objectname)%00%(upstream:track)%00%(upstream:remotename)%00%(upstream:remoteref) refs/heads/main refs/remotes/main [2ms]
2023-06-15 16:27:56.790 [info] > git status -z -uall [102ms]
2023-06-15 16:28:01.822 [info] > git config --get commit.template [2ms]
2023-06-15 16:28:01.840 [info] > git for-each-ref --format=%(refname)%00%(upstream:short)%00%(objectname)%00%(upstream:track)%00%(upstream:remotename)%00%(upstream:remoteref) refs/heads/main refs/remotes/main [2ms]
2023-06-15 16:28:01.964 [info] > git status -z -uall [108ms]
2023-06-15 16:28:06.984 [info] > git config --get commit.template [2ms]
2023-06-15 16:28:06.995 [info] > git for-each-ref --format=%(refname)%00%(upstream:short)%00%(objectname)%00%(upstream:track)%00%(upstream:remotename)%00%(upstream:remoteref) refs/heads/main refs/remotes/main [2ms]
2023-06-15 16:28:07.099 [info] > git status -z -uall [95ms]
2023-06-15 16:28:12.123 [info] > git config --get commit.template [2ms]
2023-06-15 16:28:12.134 [info] > git for-each-ref --format=%(refname)%00%(upstream:short)%00%(objectname)%00%(upstream:track)%00%(upstream:remotename)%00%(upstream:remoteref) refs/heads/main refs/remotes/main [3ms]
2023-06-15 16:28:12.229 [info] > git status -z -uall [88ms]
2023-06-15 16:28:17.263 [info] > git config --get commit.template [12ms]
2023-06-15 16:28:17.264 [info] > git for-each-ref --format=%(refname)%00%(upstream:short)%00%(objectname)%00%(upstream:track)%00%(upstream:remotename)%00%(upstream:remoteref) refs/heads/main refs/remotes/main [4ms]
2023-06-15 16:28:17.403 [info] > git status -z -uall [130ms]
2023-06-15 16:28:22.423 [info] > git config --get commit.template [2ms]
2023-06-15 16:28:22.435 [info] > git for-each-ref --format=%(refname)%00%(upstream:short)%00%(objectname)%00%(upstream:track)%00%(upstream:remotename)%00%(upstream:remoteref) refs/heads/main refs/remotes/main [2ms]
2023-06-15 16:28:22.528 [info] > git status -z -uall [85ms]
2023-06-15 16:28:27.542 [info] > git config --get commit.template [2ms]
2023-06-15 16:28:27.552 [info] > git for-each-ref --format=%(refname)%00%(upstream:short)%00%(objectname)%00%(upstream:track)%00%(upstream:remotename)%00%(upstream:remoteref) refs/heads/main refs/remotes/main [1ms]
2023-06-15 16:28:27.638 [info] > git status -z -uall [81ms]
2023-06-15 16:28:32.657 [info] > git config --get commit.template [2ms]
2023-06-15 16:28:32.668 [info] > git for-each-ref --format=%(refname)%00%(upstream:short)%00%(objectname)%00%(upstream:track)%00%(upstream:remotename)%00%(upstream:remoteref) refs/heads/main refs/remotes/main [2ms]
2023-06-15 16:28:32.769 [info] > git status -z -uall [93ms]
2023-06-15 16:28:37.790 [info] > git config --get commit.template [3ms]
2023-06-15 16:28:37.801 [info] > git for-each-ref --format=%(refname)%00%(upstream:short)%00%(objectname)%00%(upstream:track)%00%(upstream:remotename)%00%(upstream:remoteref) refs/heads/main refs/remotes/main [2ms]
2023-06-15 16:28:37.902 [info] > git status -z -uall [93ms]
2023-06-15 16:28:42.922 [info] > git config --get commit.template [2ms]
2023-06-15 16:28:42.933 [info] > git for-each-ref --format=%(refname)%00%(upstream:short)%00%(objectname)%00%(upstream:track)%00%(upstream:remotename)%00%(upstream:remoteref) refs/heads/main refs/remotes/main [2ms]
2023-06-15 16:28:43.030 [info] > git status -z -uall [89ms]
2023-06-15 16:28:48.051 [info] > git config --get commit.template [2ms]
2023-06-15 16:28:48.062 [info] > git for-each-ref --format=%(refname)%00%(upstream:short)%00%(objectname)%00%(upstream:track)%00%(upstream:remotename)%00%(upstream:remoteref) refs/heads/main refs/remotes/main [3ms]
2023-06-15 16:28:48.163 [info] > git status -z -uall [93ms]
2023-06-15 16:28:53.183 [info] > git config --get commit.template [2ms]
2023-06-15 16:28:53.195 [info] > git for-each-ref --format=%(refname)%00%(upstream:short)%00%(objectname)%00%(upstream:track)%00%(upstream:remotename)%00%(upstream:remoteref) refs/heads/main refs/remotes/main [3ms]
2023-06-15 16:28:53.292 [info] > git status -z -uall [89ms]
2023-06-15 16:28:58.313 [info] > git config --get commit.template [3ms]
2023-06-15 16:28:58.328 [info] > git for-each-ref --format=%(refname)%00%(upstream:short)%00%(objectname)%00%(upstream:track)%00%(upstream:remotename)%00%(upstream:remoteref) refs/heads/main refs/remotes/main [3ms]
2023-06-15 16:28:58.421 [info] > git status -z -uall [85ms]
2023-06-15 16:29:03.438 [info] > git config --get commit.template [2ms]
2023-06-15 16:29:03.449 [info] > git for-each-ref --format=%(refname)%00%(upstream:short)%00%(objectname)%00%(upstream:track)%00%(upstream:remotename)%00%(upstream:remoteref) refs/heads/main refs/remotes/main [2ms]
2023-06-15 16:29:03.546 [info] > git status -z -uall [89ms]
2023-06-15 16:29:08.564 [info] > git config --get commit.template [2ms]
2023-06-15 16:29:08.574 [info] > git for-each-ref --format=%(refname)%00%(upstream:short)%00%(objectname)%00%(upstream:track)%00%(upstream:remotename)%00%(upstream:remoteref) refs/heads/main refs/remotes/main [1ms]
2023-06-15 16:29:08.668 [info] > git status -z -uall [85ms]
2023-06-15 16:29:13.689 [info] > git config --get commit.template [2ms]
2023-06-15 16:29:13.704 [info] > git for-each-ref --format=%(refname)%00%(upstream:short)%00%(objectname)%00%(upstream:track)%00%(upstream:remotename)%00%(upstream:remoteref) refs/heads/main refs/remotes/main [5ms]
2023-06-15 16:29:13.805 [info] > git status -z -uall [93ms]
2023-06-15 16:29:18.821 [info] > git config --get commit.template [1ms]
2023-06-15 16:29:18.832 [info] > git for-each-ref --format=%(refname)%00%(upstream:short)%00%(objectname)%00%(upstream:track)%00%(upstream:remotename)%00%(upstream:remoteref) refs/heads/main refs/remotes/main [2ms]
2023-06-15 16:29:18.931 [info] > git status -z -uall [91ms]
2023-06-15 16:29:23.949 [info] > git config --get commit.template [2ms]
2023-06-15 16:29:23.959 [info] > git for-each-ref --format=%(refname)%00%(upstream:short)%00%(objectname)%00%(upstream:track)%00%(upstream:remotename)%00%(upstream:remoteref) refs/heads/main refs/remotes/main [2ms]
2023-06-15 16:29:24.054 [info] > git status -z -uall [87ms]
2023-06-15 16:29:29.074 [info] > git config --get commit.template [2ms]
2023-06-15 16:29:29.086 [info] > git for-each-ref --format=%(refname)%00%(upstream:short)%00%(objectname)%00%(upstream:track)%00%(upstream:remotename)%00%(upstream:remoteref) refs/heads/main refs/remotes/main [2ms]
2023-06-15 16:29:29.180 [info] > git status -z -uall [85ms]
2023-06-15 16:29:34.194 [info] > git config --get commit.template [2ms]
2023-06-15 16:29:34.204 [info] > git for-each-ref --format=%(refname)%00%(upstream:short)%00%(objectname)%00%(upstream:track)%00%(upstream:remotename)%00%(upstream:remoteref) refs/heads/main refs/remotes/main [2ms]
2023-06-15 16:29:34.299 [info] > git status -z -uall [86ms]
2023-06-15 16:29:39.318 [info] > git config --get commit.template [1ms]
2023-06-15 16:29:39.328 [info] > git for-each-ref --format=%(refname)%00%(upstream:short)%00%(objectname)%00%(upstream:track)%00%(upstream:remotename)%00%(upstream:remoteref) refs/heads/main refs/remotes/main [2ms]
2023-06-15 16:29:39.419 [info] > git status -z -uall [83ms]
2023-06-15 16:29:44.450 [info] > git config --get commit.template [12ms]
2023-06-15 16:29:44.451 [info] > git for-each-ref --format=%(refname)%00%(upstream:short)%00%(objectname)%00%(upstream:track)%00%(upstream:remotename)%00%(upstream:remoteref) refs/heads/main refs/remotes/main [2ms]
2023-06-15 16:29:44.541 [info] > git status -z -uall [82ms]
2023-06-15 16:29:49.564 [info] > git config --get commit.template [2ms]
2023-06-15 16:29:49.576 [info] > git for-each-ref --format=%(refname)%00%(upstream:short)%00%(objectname)%00%(upstream:track)%00%(upstream:remotename)%00%(upstream:remoteref) refs/heads/main refs/remotes/main [4ms]
2023-06-15 16:29:49.670 [info] > git status -z -uall [85ms]
2023-06-15 16:29:54.689 [info] > git config --get commit.template [1ms]
2023-06-15 16:29:54.700 [info] > git for-each-ref --format=%(refname)%00%(upstream:short)%00%(objectname)%00%(upstream:track)%00%(upstream:remotename)%00%(upstream:remoteref) refs/heads/main refs/remotes/main [2ms]
2023-06-15 16:29:54.796 [info] > git status -z -uall [89ms]
2023-06-15 16:29:59.814 [info] > git config --get commit.template [2ms]
2023-06-15 16:29:59.825 [info] > git for-each-ref --format=%(refname)%00%(upstream:short)%00%(objectname)%00%(upstream:track)%00%(upstream:remotename)%00%(upstream:remoteref) refs/heads/main refs/remotes/main [2ms]
2023-06-15 16:29:59.920 [info] > git status -z -uall [88ms]
2023-06-15 16:30:04.952 [info] > git config --get commit.template [13ms]
2023-06-15 16:30:04.954 [info] > git for-each-ref --format=%(refname)%00%(upstream:short)%00%(objectname)%00%(upstream:track)%00%(upstream:remotename)%00%(upstream:remoteref) refs/heads/main refs/remotes/main [2ms]
2023-06-15 16:30:05.044 [info] > git status -z -uall [82ms]
2023-06-15 16:30:10.060 [info] > git config --get commit.template [2ms]
2023-06-15 16:30:10.070 [info] > git for-each-ref --format=%(refname)%00%(upstream:short)%00%(objectname)%00%(upstream:track)%00%(upstream:remotename)%00%(upstream:remoteref) refs/heads/main refs/remotes/main [1ms]
2023-06-15 16:30:10.167 [info] > git status -z -uall [88ms]
2023-06-15 16:30:15.219 [info] > git config --get commit.template [1ms]
2023-06-15 16:30:15.229 [info] > git for-each-ref --format=%(refname)%00%(upstream:short)%00%(objectname)%00%(upstream:track)%00%(upstream:remotename)%00%(upstream:remoteref) refs/heads/main refs/remotes/main [2ms]
2023-06-15 16:30:15.325 [info] > git status -z -uall [87ms]
2023-06-15 16:30:20.345 [info] > git config --get commit.template [1ms]
2023-06-15 16:30:20.355 [info] > git for-each-ref --format=%(refname)%00%(upstream:short)%00%(objectname)%00%(upstream:track)%00%(upstream:remotename)%00%(upstream:remoteref) refs/heads/main refs/remotes/main [1ms]
2023-06-15 16:30:20.449 [info] > git status -z -uall [85ms]
2023-06-15 16:30:23.575 [info] > git ls-files --stage -- /home/murkenne/Red-Key/index.html [10ms]
2023-06-15 16:30:23.585 [info] > git ls-files --stage -- /home/murkenne/Red-Key/src/App.jsx [13ms]
2023-06-15 16:30:23.595 [info] > git cat-file -s 7b866946ae0b9315378139e549584be95deddfe8 [11ms]
2023-06-15 16:30:23.599 [info] > git fetch [1328ms]
2023-06-15 16:30:23.614 [info] > git cat-file -s 0529452c5f639471e00c47d0eefe91d0753f6aa5 [20ms]
2023-06-15 16:30:23.625 [info] > git config --get commit.template [14ms]
2023-06-15 16:30:23.650 [info] > git show --textconv :Red-Key/index.html [26ms]
2023-06-15 16:30:23.650 [info] > git show --textconv :Red-Key/src/App.jsx [13ms]
2023-06-15 16:30:23.651 [info] > git for-each-ref --format=%(refname)%00%(upstream:short)%00%(objectname)%00%(upstream:track)%00%(upstream:remotename)%00%(upstream:remoteref) refs/heads/main refs/remotes/main [2ms]
2023-06-15 16:30:23.746 [info] > git status -z -uall [87ms]
2023-06-15 16:30:24.791 [info] > git ls-files --stage -- /home/murkenne/Red-Key/index.html [9ms]
2023-06-15 16:30:24.801 [info] > git ls-files --stage -- /home/murkenne/Red-Key/src/App.jsx [11ms]
2023-06-15 16:30:24.809 [info] > git cat-file -s 7b866946ae0b9315378139e549584be95deddfe8 [10ms]
2023-06-15 16:30:24.811 [info] > git cat-file -s 0529452c5f639471e00c47d0eefe91d0753f6aa5 [2ms]
2023-06-15 16:30:24.834 [info] > git show --textconv :Red-Key/index.html [9ms]
2023-06-15 16:30:24.839 [info] > git show --textconv :Red-Key/src/App.jsx [5ms]
2023-06-15 16:30:25.469 [info] > git config --get commit.template [2ms]
2023-06-15 16:30:25.481 [info] > git for-each-ref --format=%(refname)%00%(upstream:short)%00%(objectname)%00%(upstream:track)%00%(upstream:remotename)%00%(upstream:remoteref) refs/heads/main refs/remotes/main [4ms]
2023-06-15 16:30:25.578 [info] > git status -z -uall [88ms]
2023-06-15 16:30:30.595 [info] > git config --get commit.template [2ms]
2023-06-15 16:30:30.606 [info] > git for-each-ref --format=%(refname)%00%(upstream:short)%00%(objectname)%00%(upstream:track)%00%(upstream:remotename)%00%(upstream:remoteref) refs/heads/main refs/remotes/main [1ms]
2023-06-15 16:30:30.705 [info] > git status -z -uall [90ms]
2023-06-15 16:30:35.722 [info] > git config --get commit.template [2ms]
2023-06-15 16:30:35.733 [info] > git for-each-ref --format=%(refname)%00%(upstream:short)%00%(objectname)%00%(upstream:track)%00%(upstream:remotename)%00%(upstream:remoteref) refs/heads/main refs/remotes/main [2ms]
2023-06-15 16:30:35.836 [info] > git status -z -uall [95ms]
2023-06-15 16:30:40.856 [info] > git config --get commit.template [2ms]
2023-06-15 16:30:40.876 [info] > git for-each-ref --format=%(refname)%00%(upstream:short)%00%(objectname)%00%(upstream:track)%00%(upstream:remotename)%00%(upstream:remoteref) refs/heads/main refs/remotes/main [3ms]
2023-06-15 16:30:40.992 [info] > git status -z -uall [103ms]
2023-06-15 16:30:46.010 [info] > git config --get commit.template [3ms]
2023-06-15 16:30:46.020 [info] > git for-each-ref --format=%(refname)%00%(upstream:short)%00%(objectname)%00%(upstream:track)%00%(upstream:remotename)%00%(upstream:remoteref) refs/heads/main refs/remotes/main [2ms]
2023-06-15 16:30:46.117 [info] > git status -z -uall [89ms]
2023-06-15 16:30:51.135 [info] > git config --get commit.template [1ms]
2023-06-15 16:30:51.146 [info] > git for-each-ref --format=%(refname)%00%(upstream:short)%00%(objectname)%00%(upstream:track)%00%(upstream:remotename)%00%(upstream:remoteref) refs/heads/main refs/remotes/main [3ms]
2023-06-15 16:30:51.242 [info] > git status -z -uall [86ms]
2023-06-15 16:30:56.260 [info] > git config --get commit.template [3ms]
2023-06-15 16:30:56.273 [info] > git for-each-ref --format=%(refname)%00%(upstream:short)%00%(objectname)%00%(upstream:track)%00%(upstream:remotename)%00%(upstream:remoteref) refs/heads/main refs/remotes/main [2ms]
2023-06-15 16:30:56.373 [info] > git status -z -uall [90ms]
2023-06-15 16:31:01.390 [info] > git config --get commit.template [1ms]
2023-06-15 16:31:01.402 [info] > git for-each-ref --format=%(refname)%00%(upstream:short)%00%(objectname)%00%(upstream:track)%00%(upstream:remotename)%00%(upstream:remoteref) refs/heads/main refs/remotes/main [2ms]
2023-06-15 16:31:01.495 [info] > git status -z -uall [84ms]
2023-06-15 16:31:06.518 [info] > git config --get commit.template [2ms]
2023-06-15 16:31:06.529 [info] > git for-each-ref --format=%(refname)%00%(upstream:short)%00%(objectname)%00%(upstream:track)%00%(upstream:remotename)%00%(upstream:remoteref) refs/heads/main refs/remotes/main [3ms]
2023-06-15 16:31:06.624 [info] > git status -z -uall [88ms]
2023-06-15 16:31:19.245 [info] > git config --get commit.template [2ms]
2023-06-15 16:31:19.258 [info] > git for-each-ref --format=%(refname)%00%(upstream:short)%00%(objectname)%00%(upstream:track)%00%(upstream:remotename)%00%(upstream:remoteref) refs/heads/main refs/remotes/main [3ms]
2023-06-15 16:31:19.356 [info] > git status -z -uall [89ms]
