2023-06-15 17:37:35.180 [info] Extension host with pid 393 started
2023-06-15 17:37:35.192 [error] Error: EEXIST: file already exists, open '/home/murkenne/.vscode-server/data/User/workspaceStorage/2f050227fba94d817638ac9279c5ca13/vscode.lock'
2023-06-15 17:37:35.208 [info] Lock '/home/murkenne/.vscode-server/data/User/workspaceStorage/2f050227fba94d817638ac9279c5ca13/vscode.lock': Could not acquire lock, checking if the file is stale.
2023-06-15 17:37:35.213 [info] Lock '/home/murkenne/.vscode-server/data/User/workspaceStorage/2f050227fba94d817638ac9279c5ca13/vscode.lock': The pid 3847 appears to be gone.
2023-06-15 17:37:35.213 [info] Lock '/home/murkenne/.vscode-server/data/User/workspaceStorage/2f050227fba94d817638ac9279c5ca13/vscode.lock': Deleting a stale lock.
2023-06-15 17:37:35.259 [info] ExtensionService#_doActivateExtension vscode.emmet, startup: false, activationEvent: 'onLanguage'
2023-06-15 17:37:35.260 [info] ExtensionService#_doActivateExtension vscode.typescript-language-features, startup: false, activationEvent: 'onLanguage:javascriptreact'
2023-06-15 17:37:35.367 [info] Lock '/home/murkenne/.vscode-server/data/User/workspaceStorage/2f050227fba94d817638ac9279c5ca13/vscode.lock': Lock acquired.
2023-06-15 17:37:35.597 [info] ExtensionService#_doActivateExtension vscode.git-base, startup: true, activationEvent: '*', root cause: vscode.git
2023-06-15 17:37:35.613 [info] ExtensionService#_doActivateExtension vscode.npm, startup: true, activationEvent: 'workspaceContains:package.json'
2023-06-15 17:37:35.705 [info] ExtensionService#_doActivateExtension vscode.git, startup: true, activationEvent: '*'
2023-06-15 17:37:35.706 [info] ExtensionService#_doActivateExtension vscode.github, startup: true, activationEvent: '*'
2023-06-15 17:37:36.534 [info] Eager extensions activated
2023-06-15 17:37:36.535 [info] ExtensionService#_doActivateExtension vscode.debug-auto-launch, startup: false, activationEvent: 'onStartupFinished'
2023-06-15 17:37:36.536 [info] ExtensionService#_doActivateExtension vscode.merge-conflict, startup: false, activationEvent: 'onStartupFinished'
2023-06-15 17:37:36.537 [info] ExtensionService#_doActivateExtension ritwickdey.LiveServer, startup: false, activationEvent: 'onStartupFinished'
2023-06-15 17:37:36.640 [info] ExtensionService#_doActivateExtension ms-vsliveshare.vsliveshare, startup: false, activationEvent: 'api', root cause: ritwickdey.LiveServer
2023-06-15 17:54:19.109 [info] ExtensionService#_doActivateExtension vscode.css-language-features, startup: false, activationEvent: 'onLanguage:css'
2023-06-15 17:58:37.311 [info] ExtensionService#_doActivateExtension vscode.html-language-features, startup: false, activationEvent: 'onLanguage:html'
2023-06-15 17:58:58.952 [info] ExtensionService#_doActivateExtension vscode.debug-server-ready, startup: false, activationEvent: 'onDebugResolve'
2023-06-15 18:26:29.679 [info] Extension host terminating: received terminate message from renderer
2023-06-15 18:26:29.681 [info] Lock '/home/murkenne/.vscode-server/data/User/workspaceStorage/2f050227fba94d817638ac9279c5ca13/vscode.lock': Marking the lockfile as scheduled to be released in 6000 ms.
2023-06-15 18:26:29.793 [error] Canceled: Canceled
	at new l (/home/murkenne/.vscode-server/bin/695af097c7bd098fbf017ce3ac85e09bbc5dda06/out/vs/workbench/api/node/extensionHostProcess.js:100:105905)
	at s.O (/home/murkenne/.vscode-server/bin/695af097c7bd098fbf017ce3ac85e09bbc5dda06/out/vs/workbench/api/node/extensionHostProcess.js:112:11754)
	at Proxy.z.<computed>.H.charCodeAt.z.<computed> (/home/murkenne/.vscode-server/bin/695af097c7bd098fbf017ce3ac85e09bbc5dda06/out/vs/workbench/api/node/extensionHostProcess.js:112:9029)
	at e.ExtHostCommands.g (/home/murkenne/.vscode-server/bin/695af097c7bd098fbf017ce3ac85e09bbc5dda06/out/vs/workbench/api/node/extensionHostProcess.js:100:130078)
	at e.ExtHostCommands.executeCommand (/home/murkenne/.vscode-server/bin/695af097c7bd098fbf017ce3ac85e09bbc5dda06/out/vs/workbench/api/node/extensionHostProcess.js:100:129454)
	at k.registerCommand.description (/home/murkenne/.vscode-server/bin/695af097c7bd098fbf017ce3ac85e09bbc5dda06/out/vs/workbench/api/node/extensionHostProcess.js:100:128747)
	at e.ExtHostCommands.h (/home/murkenne/.vscode-server/bin/695af097c7bd098fbf017ce3ac85e09bbc5dda06/out/vs/workbench/api/node/extensionHostProcess.js:100:130664)
	at e.ExtHostCommands.g (/home/murkenne/.vscode-server/bin/695af097c7bd098fbf017ce3ac85e09bbc5dda06/out/vs/workbench/api/node/extensionHostProcess.js:100:129554)
	at e.ExtHostCommands.executeCommand (/home/murkenne/.vscode-server/bin/695af097c7bd098fbf017ce3ac85e09bbc5dda06/out/vs/workbench/api/node/extensionHostProcess.js:100:129454)
	at Object.executeCommand (/home/murkenne/.vscode-server/bin/695af097c7bd098fbf017ce3ac85e09bbc5dda06/out/vs/workbench/api/node/extensionHostProcess.js:118:24230)
	at D (/home/murkenne/.vscode-server/bin/695af097c7bd098fbf017ce3ac85e09bbc5dda06/extensions/git/dist/main.js:2:1261288)
	at b.invoke (/home/murkenne/.vscode-server/bin/695af097c7bd098fbf017ce3ac85e09bbc5dda06/out/vs/workbench/api/node/extensionHostProcess.js:63:145)
	at deliver (/home/murkenne/.vscode-server/bin/695af097c7bd098fbf017ce3ac85e09bbc5dda06/out/vs/workbench/api/node/extensionHostProcess.js:63:2121)
	at n.fire (/home/murkenne/.vscode-server/bin/695af097c7bd098fbf017ce3ac85e09bbc5dda06/out/vs/workbench/api/node/extensionHostProcess.js:63:1729)
	at Object.m [as dispose] (/home/murkenne/.vscode-server/bin/695af097c7bd098fbf017ce3ac85e09bbc5dda06/extensions/git/dist/main.js:2:1276121)
	at /home/murkenne/.vscode-server/bin/695af097c7bd098fbf017ce3ac85e09bbc5dda06/extensions/git/dist/main.js:2:1280622
	at Array.forEach (<anonymous>)
	at g.dispose (/home/murkenne/.vscode-server/bin/695af097c7bd098fbf017ce3ac85e09bbc5dda06/extensions/git/dist/main.js:2:1280608)
	at r.<anonymous> (/home/murkenne/.vscode-server/bin/695af097c7bd098fbf017ce3ac85e09bbc5dda06/out/vs/workbench/api/node/extensionHostProcess.js:98:12552)
	at r.dispose (/home/murkenne/.vscode-server/bin/695af097c7bd098fbf017ce3ac85e09bbc5dda06/out/vs/workbench/api/node/extensionHostProcess.js:98:12687)
	at r.<anonymous> (/home/murkenne/.vscode-server/bin/695af097c7bd098fbf017ce3ac85e09bbc5dda06/extensions/git/dist/main.js:2:1263418)
	at r.dispose (/home/murkenne/.vscode-server/bin/695af097c7bd098fbf017ce3ac85e09bbc5dda06/out/vs/workbench/api/node/extensionHostProcess.js:98:12687)
	at I (/home/murkenne/.vscode-server/bin/695af097c7bd098fbf017ce3ac85e09bbc5dda06/out/vs/workbench/api/node/extensionHostProcess.js:10:12083)
	at n.Z (/home/murkenne/.vscode-server/bin/695af097c7bd098fbf017ce3ac85e09bbc5dda06/out/vs/workbench/api/node/extensionHostProcess.js:114:11285)
	at /home/murkenne/.vscode-server/bin/695af097c7bd098fbf017ce3ac85e09bbc5dda06/out/vs/workbench/api/node/extensionHostProcess.js:114:9187
	at Array.map (<anonymous>)
	at n.S (/home/murkenne/.vscode-server/bin/695af097c7bd098fbf017ce3ac85e09bbc5dda06/out/vs/workbench/api/node/extensionHostProcess.js:114:9175)
	at n.terminate (/home/murkenne/.vscode-server/bin/695af097c7bd098fbf017ce3ac85e09bbc5dda06/out/vs/workbench/api/node/extensionHostProcess.js:114:9445)
	at h.terminate (/home/murkenne/.vscode-server/bin/695af097c7bd098fbf017ce3ac85e09bbc5dda06/out/vs/workbench/api/node/extensionHostProcess.js:118:1544)
	at p (/home/murkenne/.vscode-server/bin/695af097c7bd098fbf017ce3ac85e09bbc5dda06/out/vs/workbench/api/node/extensionHostProcess.js:128:34497)
	at /home/murkenne/.vscode-server/bin/695af097c7bd098fbf017ce3ac85e09bbc5dda06/out/vs/workbench/api/node/extensionHostProcess.js:128:32407
	at b.invoke (/home/murkenne/.vscode-server/bin/695af097c7bd098fbf017ce3ac85e09bbc5dda06/out/vs/workbench/api/node/extensionHostProcess.js:63:145)
	at deliver (/home/murkenne/.vscode-server/bin/695af097c7bd098fbf017ce3ac85e09bbc5dda06/out/vs/workbench/api/node/extensionHostProcess.js:63:2121)
	at n.fire (/home/murkenne/.vscode-server/bin/695af097c7bd098fbf017ce3ac85e09bbc5dda06/out/vs/workbench/api/node/extensionHostProcess.js:63:1729)
	at p.fire (/home/murkenne/.vscode-server/bin/695af097c7bd098fbf017ce3ac85e09bbc5dda06/out/vs/workbench/api/node/extensionHostProcess.js:73:14783)
	at D.E (/home/murkenne/.vscode-server/bin/695af097c7bd098fbf017ce3ac85e09bbc5dda06/out/vs/workbench/api/node/extensionHostProcess.js:73:18830)
	at /home/murkenne/.vscode-server/bin/695af097c7bd098fbf017ce3ac85e09bbc5dda06/out/vs/workbench/api/node/extensionHostProcess.js:73:16818
	at b.invoke (/home/murkenne/.vscode-server/bin/695af097c7bd098fbf017ce3ac85e09bbc5dda06/out/vs/workbench/api/node/extensionHostProcess.js:63:145)
	at deliver (/home/murkenne/.vscode-server/bin/695af097c7bd098fbf017ce3ac85e09bbc5dda06/out/vs/workbench/api/node/extensionHostProcess.js:63:2121)
	at n.fire (/home/murkenne/.vscode-server/bin/695af097c7bd098fbf017ce3ac85e09bbc5dda06/out/vs/workbench/api/node/extensionHostProcess.js:63:1729)
	at h.acceptChunk (/home/murkenne/.vscode-server/bin/695af097c7bd098fbf017ce3ac85e09bbc5dda06/out/vs/workbench/api/node/extensionHostProcess.js:73:12514)
	at /home/murkenne/.vscode-server/bin/695af097c7bd098fbf017ce3ac85e09bbc5dda06/out/vs/workbench/api/node/extensionHostProcess.js:73:11801
	at b.invoke (/home/murkenne/.vscode-server/bin/695af097c7bd098fbf017ce3ac85e09bbc5dda06/out/vs/workbench/api/node/extensionHostProcess.js:63:145)
	at deliver (/home/murkenne/.vscode-server/bin/695af097c7bd098fbf017ce3ac85e09bbc5dda06/out/vs/workbench/api/node/extensionHostProcess.js:63:2121)
	at n.fire (/home/murkenne/.vscode-server/bin/695af097c7bd098fbf017ce3ac85e09bbc5dda06/out/vs/workbench/api/node/extensionHostProcess.js:63:1729)
	at E.u (/home/murkenne/.vscode-server/bin/695af097c7bd098fbf017ce3ac85e09bbc5dda06/out/vs/workbench/api/node/extensionHostProcess.js:128:20037)
	at E.acceptFrame (/home/murkenne/.vscode-server/bin/695af097c7bd098fbf017ce3ac85e09bbc5dda06/out/vs/workbench/api/node/extensionHostProcess.js:128:19843)
	at d.l (/home/murkenne/.vscode-server/bin/695af097c7bd098fbf017ce3ac85e09bbc5dda06/out/vs/workbench/api/node/extensionHostProcess.js:128:18436)
	at /home/murkenne/.vscode-server/bin/695af097c7bd098fbf017ce3ac85e09bbc5dda06/out/vs/workbench/api/node/extensionHostProcess.js:128:15773
	at Socket.i (/home/murkenne/.vscode-server/bin/695af097c7bd098fbf017ce3ac85e09bbc5dda06/out/vs/workbench/api/node/extensionHostProcess.js:128:13607)
	at Socket.emit (node:events:513:28)
	at addChunk (node:internal/streams/readable:315:12)
	at readableAddChunk (node:internal/streams/readable:289:9)
	at Socket.Readable.push (node:internal/streams/readable:228:10)
	at TCP.onStreamRead (node:internal/stream_base_commons:190:23) setContext undefined
2023-06-15 18:26:29.808 [error] Canceled: Canceled
	at new l (/home/murkenne/.vscode-server/bin/695af097c7bd098fbf017ce3ac85e09bbc5dda06/out/vs/workbench/api/node/extensionHostProcess.js:100:105905)
	at s.O (/home/murkenne/.vscode-server/bin/695af097c7bd098fbf017ce3ac85e09bbc5dda06/out/vs/workbench/api/node/extensionHostProcess.js:112:11754)
	at Proxy.z.<computed>.H.charCodeAt.z.<computed> (/home/murkenne/.vscode-server/bin/695af097c7bd098fbf017ce3ac85e09bbc5dda06/out/vs/workbench/api/node/extensionHostProcess.js:112:9029)
	at e.ExtHostCommands.g (/home/murkenne/.vscode-server/bin/695af097c7bd098fbf017ce3ac85e09bbc5dda06/out/vs/workbench/api/node/extensionHostProcess.js:100:130078)
	at e.ExtHostCommands.executeCommand (/home/murkenne/.vscode-server/bin/695af097c7bd098fbf017ce3ac85e09bbc5dda06/out/vs/workbench/api/node/extensionHostProcess.js:100:129454)
	at k.registerCommand.description (/home/murkenne/.vscode-server/bin/695af097c7bd098fbf017ce3ac85e09bbc5dda06/out/vs/workbench/api/node/extensionHostProcess.js:100:128747)
	at e.ExtHostCommands.h (/home/murkenne/.vscode-server/bin/695af097c7bd098fbf017ce3ac85e09bbc5dda06/out/vs/workbench/api/node/extensionHostProcess.js:100:130664)
	at e.ExtHostCommands.g (/home/murkenne/.vscode-server/bin/695af097c7bd098fbf017ce3ac85e09bbc5dda06/out/vs/workbench/api/node/extensionHostProcess.js:100:129554)
	at e.ExtHostCommands.executeCommand (/home/murkenne/.vscode-server/bin/695af097c7bd098fbf017ce3ac85e09bbc5dda06/out/vs/workbench/api/node/extensionHostProcess.js:100:129454)
	at Object.executeCommand (/home/murkenne/.vscode-server/bin/695af097c7bd098fbf017ce3ac85e09bbc5dda06/out/vs/workbench/api/node/extensionHostProcess.js:118:24230)
	at p.VscodeDevShareProvider.set b [as b] (/home/murkenne/.vscode-server/bin/695af097c7bd098fbf017ce3ac85e09bbc5dda06/extensions/github/dist/extension.js:2:152873)
	at /home/murkenne/.vscode-server/bin/695af097c7bd098fbf017ce3ac85e09bbc5dda06/extensions/github/dist/extension.js:2:153583
	at /home/murkenne/.vscode-server/bin/695af097c7bd098fbf017ce3ac85e09bbc5dda06/extensions/git/dist/main.js:2:1348881
	at b.invoke (/home/murkenne/.vscode-server/bin/695af097c7bd098fbf017ce3ac85e09bbc5dda06/out/vs/workbench/api/node/extensionHostProcess.js:63:145)
	at deliver (/home/murkenne/.vscode-server/bin/695af097c7bd098fbf017ce3ac85e09bbc5dda06/out/vs/workbench/api/node/extensionHostProcess.js:63:2121)
	at n.fire (/home/murkenne/.vscode-server/bin/695af097c7bd098fbf017ce3ac85e09bbc5dda06/out/vs/workbench/api/node/extensionHostProcess.js:63:1729)
	at Object.m [as dispose] (/home/murkenne/.vscode-server/bin/695af097c7bd098fbf017ce3ac85e09bbc5dda06/extensions/git/dist/main.js:2:1276121)
	at /home/murkenne/.vscode-server/bin/695af097c7bd098fbf017ce3ac85e09bbc5dda06/extensions/git/dist/main.js:2:1280622
	at Array.forEach (<anonymous>)
	at g.dispose (/home/murkenne/.vscode-server/bin/695af097c7bd098fbf017ce3ac85e09bbc5dda06/extensions/git/dist/main.js:2:1280608)
	at r.<anonymous> (/home/murkenne/.vscode-server/bin/695af097c7bd098fbf017ce3ac85e09bbc5dda06/out/vs/workbench/api/node/extensionHostProcess.js:98:12552)
	at r.dispose (/home/murkenne/.vscode-server/bin/695af097c7bd098fbf017ce3ac85e09bbc5dda06/out/vs/workbench/api/node/extensionHostProcess.js:98:12687)
	at r.<anonymous> (/home/murkenne/.vscode-server/bin/695af097c7bd098fbf017ce3ac85e09bbc5dda06/extensions/git/dist/main.js:2:1263418)
	at r.dispose (/home/murkenne/.vscode-server/bin/695af097c7bd098fbf017ce3ac85e09bbc5dda06/out/vs/workbench/api/node/extensionHostProcess.js:98:12687)
	at I (/home/murkenne/.vscode-server/bin/695af097c7bd098fbf017ce3ac85e09bbc5dda06/out/vs/workbench/api/node/extensionHostProcess.js:10:12083)
	at n.Z (/home/murkenne/.vscode-server/bin/695af097c7bd098fbf017ce3ac85e09bbc5dda06/out/vs/workbench/api/node/extensionHostProcess.js:114:11285)
	at /home/murkenne/.vscode-server/bin/695af097c7bd098fbf017ce3ac85e09bbc5dda06/out/vs/workbench/api/node/extensionHostProcess.js:114:9187
	at Array.map (<anonymous>)
	at n.S (/home/murkenne/.vscode-server/bin/695af097c7bd098fbf017ce3ac85e09bbc5dda06/out/vs/workbench/api/node/extensionHostProcess.js:114:9175)
	at n.terminate (/home/murkenne/.vscode-server/bin/695af097c7bd098fbf017ce3ac85e09bbc5dda06/out/vs/workbench/api/node/extensionHostProcess.js:114:9445)
	at h.terminate (/home/murkenne/.vscode-server/bin/695af097c7bd098fbf017ce3ac85e09bbc5dda06/out/vs/workbench/api/node/extensionHostProcess.js:118:1544)
	at p (/home/murkenne/.vscode-server/bin/695af097c7bd098fbf017ce3ac85e09bbc5dda06/out/vs/workbench/api/node/extensionHostProcess.js:128:34497)
	at /home/murkenne/.vscode-server/bin/695af097c7bd098fbf017ce3ac85e09bbc5dda06/out/vs/workbench/api/node/extensionHostProcess.js:128:32407
	at b.invoke (/home/murkenne/.vscode-server/bin/695af097c7bd098fbf017ce3ac85e09bbc5dda06/out/vs/workbench/api/node/extensionHostProcess.js:63:145)
	at deliver (/home/murkenne/.vscode-server/bin/695af097c7bd098fbf017ce3ac85e09bbc5dda06/out/vs/workbench/api/node/extensionHostProcess.js:63:2121)
	at n.fire (/home/murkenne/.vscode-server/bin/695af097c7bd098fbf017ce3ac85e09bbc5dda06/out/vs/workbench/api/node/extensionHostProcess.js:63:1729)
	at p.fire (/home/murkenne/.vscode-server/bin/695af097c7bd098fbf017ce3ac85e09bbc5dda06/out/vs/workbench/api/node/extensionHostProcess.js:73:14783)
	at D.E (/home/murkenne/.vscode-server/bin/695af097c7bd098fbf017ce3ac85e09bbc5dda06/out/vs/workbench/api/node/extensionHostProcess.js:73:18830)
	at /home/murkenne/.vscode-server/bin/695af097c7bd098fbf017ce3ac85e09bbc5dda06/out/vs/workbench/api/node/extensionHostProcess.js:73:16818
	at b.invoke (/home/murkenne/.vscode-server/bin/695af097c7bd098fbf017ce3ac85e09bbc5dda06/out/vs/workbench/api/node/extensionHostProcess.js:63:145)
	at deliver (/home/murkenne/.vscode-server/bin/695af097c7bd098fbf017ce3ac85e09bbc5dda06/out/vs/workbench/api/node/extensionHostProcess.js:63:2121)
	at n.fire (/home/murkenne/.vscode-server/bin/695af097c7bd098fbf017ce3ac85e09bbc5dda06/out/vs/workbench/api/node/extensionHostProcess.js:63:1729)
	at h.acceptChunk (/home/murkenne/.vscode-server/bin/695af097c7bd098fbf017ce3ac85e09bbc5dda06/out/vs/workbench/api/node/extensionHostProcess.js:73:12514)
	at /home/murkenne/.vscode-server/bin/695af097c7bd098fbf017ce3ac85e09bbc5dda06/out/vs/workbench/api/node/extensionHostProcess.js:73:11801
	at b.invoke (/home/murkenne/.vscode-server/bin/695af097c7bd098fbf017ce3ac85e09bbc5dda06/out/vs/workbench/api/node/extensionHostProcess.js:63:145)
	at deliver (/home/murkenne/.vscode-server/bin/695af097c7bd098fbf017ce3ac85e09bbc5dda06/out/vs/workbench/api/node/extensionHostProcess.js:63:2121)
	at n.fire (/home/murkenne/.vscode-server/bin/695af097c7bd098fbf017ce3ac85e09bbc5dda06/out/vs/workbench/api/node/extensionHostProcess.js:63:1729)
	at E.u (/home/murkenne/.vscode-server/bin/695af097c7bd098fbf017ce3ac85e09bbc5dda06/out/vs/workbench/api/node/extensionHostProcess.js:128:20037)
	at E.acceptFrame (/home/murkenne/.vscode-server/bin/695af097c7bd098fbf017ce3ac85e09bbc5dda06/out/vs/workbench/api/node/extensionHostProcess.js:128:19843)
	at d.l (/home/murkenne/.vscode-server/bin/695af097c7bd098fbf017ce3ac85e09bbc5dda06/out/vs/workbench/api/node/extensionHostProcess.js:128:18436)
	at /home/murkenne/.vscode-server/bin/695af097c7bd098fbf017ce3ac85e09bbc5dda06/out/vs/workbench/api/node/extensionHostProcess.js:128:15773
	at Socket.i (/home/murkenne/.vscode-server/bin/695af097c7bd098fbf017ce3ac85e09bbc5dda06/out/vs/workbench/api/node/extensionHostProcess.js:128:13607)
	at Socket.emit (node:events:513:28)
	at addChunk (node:internal/streams/readable:315:12)
	at readableAddChunk (node:internal/streams/readable:289:9)
	at Socket.Readable.push (node:internal/streams/readable:228:10)
	at TCP.onStreamRead (node:internal/stream_base_commons:190:23) setContext undefined
2023-06-15 18:26:29.916 [info] Extension host with pid 393 exiting with code 0
